:: loading settings :: url = jar:file:/opt/spark/jars/ivy-2.5.1.jar!/org/apache/ivy/core/settings/ivysettings.xml
Ivy Default Cache set to: /root/.ivy2/cache
The jars for the packages stored in: /root/.ivy2/jars
org.apache.sedona#sedona-spark-3.5_2.12 added as a dependency
org.datasyslab#geotools-wrapper added as a dependency
:: resolving dependencies :: org.apache.spark#spark-submit-parent-b313f6c8-8947-45fd-8df0-ab70c5ac562d;1.0
	confs: [default]
	found org.apache.sedona#sedona-spark-3.5_2.12;1.8.0 in central
	found org.apache.sedona#sedona-common;1.8.0 in central
	found org.apache.commons#commons-math3;3.6.1 in central
	found org.locationtech.jts#jts-core;1.20.0 in central
	found org.wololo#jts2geojson;0.16.1 in central
	found org.locationtech.spatial4j#spatial4j;0.8 in central
	found org.datasyslab#s2-geometry-library;20250620-rc1 in central
	found com.google.errorprone#error_prone_annotations;2.19.1 in central
	found com.google.guava#guava;33.4.7-jre in central
	found com.google.guava#failureaccess;1.0.3 in central
	found com.google.guava#listenablefuture;9999.0-empty-to-avoid-conflict-with-guava in central
	found org.jspecify#jspecify;1.0.0 in central
	found com.google.j2objc#j2objc-annotations;3.0.0 in central
	found com.google.jsinterop#jsinterop-annotations;2.0.0 in central
	found it.unimi.dsi#fastutil;8.5.15 in central
	found com.uber#h3;4.1.1 in central
	found net.sf.geographiclib#GeographicLib-Java;1.52 in central
	found com.github.ben-manes.caffeine#caffeine;2.9.2 in central
	found org.checkerframework#checker-qual;3.10.0 in central
	found org.apache.sedona#sedona-spark-common-3.5_2.12;1.8.0 in central
	found org.apache.sedona#shade-proto;1.8.0 in central
	found org.xerial#sqlite-jdbc;3.41.2.2 in central
	found io.graphframes#graphframes-spark3_2.12;0.9.2 in central
	found org.scala-lang.modules#scala-collection-compat_2.12;2.5.0 in central
	found org.beryx#awt-color-factory;1.0.0 in central
	found com.wherobots#jpostal;1.2.2 in central
	found org.datasyslab#geotools-wrapper;1.8.0-33.1 in central
:: resolution report :: resolve 301ms :: artifacts dl 10ms
	:: modules in use:
	com.github.ben-manes.caffeine#caffeine;2.9.2 from central in [default]
	com.google.errorprone#error_prone_annotations;2.19.1 from central in [default]
	com.google.guava#failureaccess;1.0.3 from central in [default]
	com.google.guava#guava;33.4.7-jre from central in [default]
	com.google.guava#listenablefuture;9999.0-empty-to-avoid-conflict-with-guava from central in [default]
	com.google.j2objc#j2objc-annotations;3.0.0 from central in [default]
	com.google.jsinterop#jsinterop-annotations;2.0.0 from central in [default]
	com.uber#h3;4.1.1 from central in [default]
	com.wherobots#jpostal;1.2.2 from central in [default]
	io.graphframes#graphframes-spark3_2.12;0.9.2 from central in [default]
	it.unimi.dsi#fastutil;8.5.15 from central in [default]
	net.sf.geographiclib#GeographicLib-Java;1.52 from central in [default]
	org.apache.commons#commons-math3;3.6.1 from central in [default]
	org.apache.sedona#sedona-common;1.8.0 from central in [default]
	org.apache.sedona#sedona-spark-3.5_2.12;1.8.0 from central in [default]
	org.apache.sedona#sedona-spark-common-3.5_2.12;1.8.0 from central in [default]
	org.apache.sedona#shade-proto;1.8.0 from central in [default]
	org.beryx#awt-color-factory;1.0.0 from central in [default]
	org.checkerframework#checker-qual;3.10.0 from central in [default]
	org.datasyslab#geotools-wrapper;1.8.0-33.1 from central in [default]
	org.datasyslab#s2-geometry-library;20250620-rc1 from central in [default]
	org.jspecify#jspecify;1.0.0 from central in [default]
	org.locationtech.jts#jts-core;1.20.0 from central in [default]
	org.locationtech.spatial4j#spatial4j;0.8 from central in [default]
	org.scala-lang.modules#scala-collection-compat_2.12;2.5.0 from central in [default]
	org.wololo#jts2geojson;0.16.1 from central in [default]
	org.xerial#sqlite-jdbc;3.41.2.2 from central in [default]
	:: evicted modules:
	com.google.errorprone#error_prone_annotations;2.36.0 by [com.google.errorprone#error_prone_annotations;2.19.1] in [default]
	com.google.errorprone#error_prone_annotations;2.5.1 by [com.google.errorprone#error_prone_annotations;2.19.1] in [default]
	---------------------------------------------------------------------
	|                  |            modules            ||   artifacts   |
	|       conf       | number| search|dwnlded|evicted|| number|dwnlded|
	---------------------------------------------------------------------
	|      default     |   29  |   0   |   0   |   2   ||   27  |   0   |
	---------------------------------------------------------------------
:: retrieving :: org.apache.spark#spark-submit-parent-b313f6c8-8947-45fd-8df0-ab70c5ac562d
	confs: [default]
	0 artifacts copied, 27 already retrieved (0kB/7ms)
25/12/10 17:29:34 WARN NativeCodeLoader: Unable to load native-hadoop library for your platform... using builtin-java classes where applicable
/app/src/q4.py:6: DeprecationWarning: Importing from 'sedona.register' is deprecated. Please use 'sedona.spark.register.geo_registrator' instead.
  from sedona.register import SedonaRegistrator
25/12/10 17:29:34 INFO SparkContext: Running Spark version 3.5.0
25/12/10 17:29:34 INFO SparkContext: OS info Linux, 6.12.54-linuxkit, aarch64
25/12/10 17:29:34 INFO SparkContext: Java version 11.0.20.1
25/12/10 17:29:34 INFO ResourceUtils: ==============================================================
25/12/10 17:29:34 INFO ResourceUtils: No custom resources configured for spark.driver.
25/12/10 17:29:34 INFO ResourceUtils: ==============================================================
25/12/10 17:29:34 INFO SparkContext: Submitted application: advdb-q4-sedona
25/12/10 17:29:34 INFO ResourceProfile: Default ResourceProfile created, executor resources: Map(cores -> name: cores, amount: 4, script: , vendor: , memory -> name: memory, amount: 8192, script: , vendor: , offHeap -> name: offHeap, amount: 0, script: , vendor: ), task resources: Map(cpus -> name: cpus, amount: 1.0)
25/12/10 17:29:34 INFO ResourceProfile: Limiting resource is cpus at 4 tasks per executor
25/12/10 17:29:34 INFO ResourceProfileManager: Added ResourceProfile id: 0
25/12/10 17:29:35 INFO SecurityManager: Changing view acls to: root
25/12/10 17:29:35 INFO SecurityManager: Changing modify acls to: root
25/12/10 17:29:35 INFO SecurityManager: Changing view acls groups to: 
25/12/10 17:29:35 INFO SecurityManager: Changing modify acls groups to: 
25/12/10 17:29:35 INFO SecurityManager: SecurityManager: authentication disabled; ui acls disabled; users with view permissions: root; groups with view permissions: EMPTY; users with modify permissions: root; groups with modify permissions: EMPTY
25/12/10 17:29:35 INFO Utils: Successfully started service 'sparkDriver' on port 34181.
25/12/10 17:29:35 INFO SparkEnv: Registering MapOutputTracker
25/12/10 17:29:35 INFO SparkEnv: Registering BlockManagerMaster
25/12/10 17:29:35 INFO BlockManagerMasterEndpoint: Using org.apache.spark.storage.DefaultTopologyMapper for getting topology information
25/12/10 17:29:35 INFO BlockManagerMasterEndpoint: BlockManagerMasterEndpoint up
25/12/10 17:29:35 INFO SparkEnv: Registering BlockManagerMasterHeartbeat
25/12/10 17:29:35 INFO DiskBlockManager: Created local directory at /tmp/blockmgr-38acc298-3ff4-4264-abb1-b240bbc438b7
25/12/10 17:29:35 INFO MemoryStore: MemoryStore started with capacity 434.4 MiB
25/12/10 17:29:35 INFO SparkEnv: Registering OutputCommitCoordinator
25/12/10 17:29:35 INFO JettyUtils: Start Jetty 0.0.0.0:4040 for SparkUI
25/12/10 17:29:35 INFO Utils: Successfully started service 'SparkUI' on port 4040.
25/12/10 17:29:35 INFO SparkContext: Added JAR file:///root/.ivy2/jars/org.apache.sedona_sedona-spark-3.5_2.12-1.8.0.jar at spark://spark-master:34181/jars/org.apache.sedona_sedona-spark-3.5_2.12-1.8.0.jar with timestamp 1765387774956
25/12/10 17:29:35 INFO SparkContext: Added JAR file:///root/.ivy2/jars/org.datasyslab_geotools-wrapper-1.8.0-33.1.jar at spark://spark-master:34181/jars/org.datasyslab_geotools-wrapper-1.8.0-33.1.jar with timestamp 1765387774956
25/12/10 17:29:35 INFO SparkContext: Added JAR file:///root/.ivy2/jars/org.apache.sedona_sedona-common-1.8.0.jar at spark://spark-master:34181/jars/org.apache.sedona_sedona-common-1.8.0.jar with timestamp 1765387774956
25/12/10 17:29:35 INFO SparkContext: Added JAR file:///root/.ivy2/jars/org.apache.sedona_sedona-spark-common-3.5_2.12-1.8.0.jar at spark://spark-master:34181/jars/org.apache.sedona_sedona-spark-common-3.5_2.12-1.8.0.jar with timestamp 1765387774956
25/12/10 17:29:35 INFO SparkContext: Added JAR file:///root/.ivy2/jars/org.locationtech.jts_jts-core-1.20.0.jar at spark://spark-master:34181/jars/org.locationtech.jts_jts-core-1.20.0.jar with timestamp 1765387774956
25/12/10 17:29:35 INFO SparkContext: Added JAR file:///root/.ivy2/jars/org.wololo_jts2geojson-0.16.1.jar at spark://spark-master:34181/jars/org.wololo_jts2geojson-0.16.1.jar with timestamp 1765387774956
25/12/10 17:29:35 INFO SparkContext: Added JAR file:///root/.ivy2/jars/org.scala-lang.modules_scala-collection-compat_2.12-2.5.0.jar at spark://spark-master:34181/jars/org.scala-lang.modules_scala-collection-compat_2.12-2.5.0.jar with timestamp 1765387774956
25/12/10 17:29:35 INFO SparkContext: Added JAR file:///root/.ivy2/jars/org.apache.commons_commons-math3-3.6.1.jar at spark://spark-master:34181/jars/org.apache.commons_commons-math3-3.6.1.jar with timestamp 1765387774956
25/12/10 17:29:35 INFO SparkContext: Added JAR file:///root/.ivy2/jars/org.locationtech.spatial4j_spatial4j-0.8.jar at spark://spark-master:34181/jars/org.locationtech.spatial4j_spatial4j-0.8.jar with timestamp 1765387774956
25/12/10 17:29:35 INFO SparkContext: Added JAR file:///root/.ivy2/jars/org.datasyslab_s2-geometry-library-20250620-rc1.jar at spark://spark-master:34181/jars/org.datasyslab_s2-geometry-library-20250620-rc1.jar with timestamp 1765387774956
25/12/10 17:29:35 INFO SparkContext: Added JAR file:///root/.ivy2/jars/com.uber_h3-4.1.1.jar at spark://spark-master:34181/jars/com.uber_h3-4.1.1.jar with timestamp 1765387774956
25/12/10 17:29:35 INFO SparkContext: Added JAR file:///root/.ivy2/jars/net.sf.geographiclib_GeographicLib-Java-1.52.jar at spark://spark-master:34181/jars/net.sf.geographiclib_GeographicLib-Java-1.52.jar with timestamp 1765387774956
25/12/10 17:29:35 INFO SparkContext: Added JAR file:///root/.ivy2/jars/com.github.ben-manes.caffeine_caffeine-2.9.2.jar at spark://spark-master:34181/jars/com.github.ben-manes.caffeine_caffeine-2.9.2.jar with timestamp 1765387774956
25/12/10 17:29:35 INFO SparkContext: Added JAR file:///root/.ivy2/jars/com.google.errorprone_error_prone_annotations-2.19.1.jar at spark://spark-master:34181/jars/com.google.errorprone_error_prone_annotations-2.19.1.jar with timestamp 1765387774956
25/12/10 17:29:35 INFO SparkContext: Added JAR file:///root/.ivy2/jars/com.google.guava_guava-33.4.7-jre.jar at spark://spark-master:34181/jars/com.google.guava_guava-33.4.7-jre.jar with timestamp 1765387774956
25/12/10 17:29:35 INFO SparkContext: Added JAR file:///root/.ivy2/jars/com.google.jsinterop_jsinterop-annotations-2.0.0.jar at spark://spark-master:34181/jars/com.google.jsinterop_jsinterop-annotations-2.0.0.jar with timestamp 1765387774956
25/12/10 17:29:35 INFO SparkContext: Added JAR file:///root/.ivy2/jars/it.unimi.dsi_fastutil-8.5.15.jar at spark://spark-master:34181/jars/it.unimi.dsi_fastutil-8.5.15.jar with timestamp 1765387774956
25/12/10 17:29:35 INFO SparkContext: Added JAR file:///root/.ivy2/jars/com.google.guava_failureaccess-1.0.3.jar at spark://spark-master:34181/jars/com.google.guava_failureaccess-1.0.3.jar with timestamp 1765387774956
25/12/10 17:29:35 INFO SparkContext: Added JAR file:///root/.ivy2/jars/com.google.guava_listenablefuture-9999.0-empty-to-avoid-conflict-with-guava.jar at spark://spark-master:34181/jars/com.google.guava_listenablefuture-9999.0-empty-to-avoid-conflict-with-guava.jar with timestamp 1765387774956
25/12/10 17:29:35 INFO SparkContext: Added JAR file:///root/.ivy2/jars/org.jspecify_jspecify-1.0.0.jar at spark://spark-master:34181/jars/org.jspecify_jspecify-1.0.0.jar with timestamp 1765387774956
25/12/10 17:29:35 INFO SparkContext: Added JAR file:///root/.ivy2/jars/com.google.j2objc_j2objc-annotations-3.0.0.jar at spark://spark-master:34181/jars/com.google.j2objc_j2objc-annotations-3.0.0.jar with timestamp 1765387774956
25/12/10 17:29:35 INFO SparkContext: Added JAR file:///root/.ivy2/jars/org.checkerframework_checker-qual-3.10.0.jar at spark://spark-master:34181/jars/org.checkerframework_checker-qual-3.10.0.jar with timestamp 1765387774956
25/12/10 17:29:35 INFO SparkContext: Added JAR file:///root/.ivy2/jars/org.apache.sedona_shade-proto-1.8.0-shaded.jar at spark://spark-master:34181/jars/org.apache.sedona_shade-proto-1.8.0-shaded.jar with timestamp 1765387774956
25/12/10 17:29:35 INFO SparkContext: Added JAR file:///root/.ivy2/jars/org.xerial_sqlite-jdbc-3.41.2.2.jar at spark://spark-master:34181/jars/org.xerial_sqlite-jdbc-3.41.2.2.jar with timestamp 1765387774956
25/12/10 17:29:35 INFO SparkContext: Added JAR file:///root/.ivy2/jars/io.graphframes_graphframes-spark3_2.12-0.9.2.jar at spark://spark-master:34181/jars/io.graphframes_graphframes-spark3_2.12-0.9.2.jar with timestamp 1765387774956
25/12/10 17:29:35 INFO SparkContext: Added JAR file:///root/.ivy2/jars/org.beryx_awt-color-factory-1.0.0.jar at spark://spark-master:34181/jars/org.beryx_awt-color-factory-1.0.0.jar with timestamp 1765387774956
25/12/10 17:29:35 INFO SparkContext: Added JAR file:///root/.ivy2/jars/com.wherobots_jpostal-1.2.2.jar at spark://spark-master:34181/jars/com.wherobots_jpostal-1.2.2.jar with timestamp 1765387774956
25/12/10 17:29:35 INFO SparkContext: Added file file:///root/.ivy2/jars/org.apache.sedona_sedona-spark-3.5_2.12-1.8.0.jar at spark://spark-master:34181/files/org.apache.sedona_sedona-spark-3.5_2.12-1.8.0.jar with timestamp 1765387774956
25/12/10 17:29:35 INFO Utils: Copying /root/.ivy2/jars/org.apache.sedona_sedona-spark-3.5_2.12-1.8.0.jar to /tmp/spark-1ab673fe-726e-4bd5-851a-b01b3ecf0503/userFiles-5ed834ed-9db8-4dc5-8223-c6f6f1867247/org.apache.sedona_sedona-spark-3.5_2.12-1.8.0.jar
25/12/10 17:29:35 INFO SparkContext: Added file file:///root/.ivy2/jars/org.datasyslab_geotools-wrapper-1.8.0-33.1.jar at spark://spark-master:34181/files/org.datasyslab_geotools-wrapper-1.8.0-33.1.jar with timestamp 1765387774956
25/12/10 17:29:35 INFO Utils: Copying /root/.ivy2/jars/org.datasyslab_geotools-wrapper-1.8.0-33.1.jar to /tmp/spark-1ab673fe-726e-4bd5-851a-b01b3ecf0503/userFiles-5ed834ed-9db8-4dc5-8223-c6f6f1867247/org.datasyslab_geotools-wrapper-1.8.0-33.1.jar
25/12/10 17:29:35 INFO SparkContext: Added file file:///root/.ivy2/jars/org.apache.sedona_sedona-common-1.8.0.jar at spark://spark-master:34181/files/org.apache.sedona_sedona-common-1.8.0.jar with timestamp 1765387774956
25/12/10 17:29:35 INFO Utils: Copying /root/.ivy2/jars/org.apache.sedona_sedona-common-1.8.0.jar to /tmp/spark-1ab673fe-726e-4bd5-851a-b01b3ecf0503/userFiles-5ed834ed-9db8-4dc5-8223-c6f6f1867247/org.apache.sedona_sedona-common-1.8.0.jar
25/12/10 17:29:35 INFO SparkContext: Added file file:///root/.ivy2/jars/org.apache.sedona_sedona-spark-common-3.5_2.12-1.8.0.jar at spark://spark-master:34181/files/org.apache.sedona_sedona-spark-common-3.5_2.12-1.8.0.jar with timestamp 1765387774956
25/12/10 17:29:35 INFO Utils: Copying /root/.ivy2/jars/org.apache.sedona_sedona-spark-common-3.5_2.12-1.8.0.jar to /tmp/spark-1ab673fe-726e-4bd5-851a-b01b3ecf0503/userFiles-5ed834ed-9db8-4dc5-8223-c6f6f1867247/org.apache.sedona_sedona-spark-common-3.5_2.12-1.8.0.jar
25/12/10 17:29:35 INFO SparkContext: Added file file:///root/.ivy2/jars/org.locationtech.jts_jts-core-1.20.0.jar at spark://spark-master:34181/files/org.locationtech.jts_jts-core-1.20.0.jar with timestamp 1765387774956
25/12/10 17:29:35 INFO Utils: Copying /root/.ivy2/jars/org.locationtech.jts_jts-core-1.20.0.jar to /tmp/spark-1ab673fe-726e-4bd5-851a-b01b3ecf0503/userFiles-5ed834ed-9db8-4dc5-8223-c6f6f1867247/org.locationtech.jts_jts-core-1.20.0.jar
25/12/10 17:29:35 INFO SparkContext: Added file file:///root/.ivy2/jars/org.wololo_jts2geojson-0.16.1.jar at spark://spark-master:34181/files/org.wololo_jts2geojson-0.16.1.jar with timestamp 1765387774956
25/12/10 17:29:35 INFO Utils: Copying /root/.ivy2/jars/org.wololo_jts2geojson-0.16.1.jar to /tmp/spark-1ab673fe-726e-4bd5-851a-b01b3ecf0503/userFiles-5ed834ed-9db8-4dc5-8223-c6f6f1867247/org.wololo_jts2geojson-0.16.1.jar
25/12/10 17:29:35 INFO SparkContext: Added file file:///root/.ivy2/jars/org.scala-lang.modules_scala-collection-compat_2.12-2.5.0.jar at spark://spark-master:34181/files/org.scala-lang.modules_scala-collection-compat_2.12-2.5.0.jar with timestamp 1765387774956
25/12/10 17:29:35 INFO Utils: Copying /root/.ivy2/jars/org.scala-lang.modules_scala-collection-compat_2.12-2.5.0.jar to /tmp/spark-1ab673fe-726e-4bd5-851a-b01b3ecf0503/userFiles-5ed834ed-9db8-4dc5-8223-c6f6f1867247/org.scala-lang.modules_scala-collection-compat_2.12-2.5.0.jar
25/12/10 17:29:35 INFO SparkContext: Added file file:///root/.ivy2/jars/org.apache.commons_commons-math3-3.6.1.jar at spark://spark-master:34181/files/org.apache.commons_commons-math3-3.6.1.jar with timestamp 1765387774956
25/12/10 17:29:35 INFO Utils: Copying /root/.ivy2/jars/org.apache.commons_commons-math3-3.6.1.jar to /tmp/spark-1ab673fe-726e-4bd5-851a-b01b3ecf0503/userFiles-5ed834ed-9db8-4dc5-8223-c6f6f1867247/org.apache.commons_commons-math3-3.6.1.jar
25/12/10 17:29:35 INFO SparkContext: Added file file:///root/.ivy2/jars/org.locationtech.spatial4j_spatial4j-0.8.jar at spark://spark-master:34181/files/org.locationtech.spatial4j_spatial4j-0.8.jar with timestamp 1765387774956
25/12/10 17:29:35 INFO Utils: Copying /root/.ivy2/jars/org.locationtech.spatial4j_spatial4j-0.8.jar to /tmp/spark-1ab673fe-726e-4bd5-851a-b01b3ecf0503/userFiles-5ed834ed-9db8-4dc5-8223-c6f6f1867247/org.locationtech.spatial4j_spatial4j-0.8.jar
25/12/10 17:29:35 INFO SparkContext: Added file file:///root/.ivy2/jars/org.datasyslab_s2-geometry-library-20250620-rc1.jar at spark://spark-master:34181/files/org.datasyslab_s2-geometry-library-20250620-rc1.jar with timestamp 1765387774956
25/12/10 17:29:35 INFO Utils: Copying /root/.ivy2/jars/org.datasyslab_s2-geometry-library-20250620-rc1.jar to /tmp/spark-1ab673fe-726e-4bd5-851a-b01b3ecf0503/userFiles-5ed834ed-9db8-4dc5-8223-c6f6f1867247/org.datasyslab_s2-geometry-library-20250620-rc1.jar
25/12/10 17:29:35 INFO SparkContext: Added file file:///root/.ivy2/jars/com.uber_h3-4.1.1.jar at spark://spark-master:34181/files/com.uber_h3-4.1.1.jar with timestamp 1765387774956
25/12/10 17:29:35 INFO Utils: Copying /root/.ivy2/jars/com.uber_h3-4.1.1.jar to /tmp/spark-1ab673fe-726e-4bd5-851a-b01b3ecf0503/userFiles-5ed834ed-9db8-4dc5-8223-c6f6f1867247/com.uber_h3-4.1.1.jar
25/12/10 17:29:35 INFO SparkContext: Added file file:///root/.ivy2/jars/net.sf.geographiclib_GeographicLib-Java-1.52.jar at spark://spark-master:34181/files/net.sf.geographiclib_GeographicLib-Java-1.52.jar with timestamp 1765387774956
25/12/10 17:29:35 INFO Utils: Copying /root/.ivy2/jars/net.sf.geographiclib_GeographicLib-Java-1.52.jar to /tmp/spark-1ab673fe-726e-4bd5-851a-b01b3ecf0503/userFiles-5ed834ed-9db8-4dc5-8223-c6f6f1867247/net.sf.geographiclib_GeographicLib-Java-1.52.jar
25/12/10 17:29:35 INFO SparkContext: Added file file:///root/.ivy2/jars/com.github.ben-manes.caffeine_caffeine-2.9.2.jar at spark://spark-master:34181/files/com.github.ben-manes.caffeine_caffeine-2.9.2.jar with timestamp 1765387774956
25/12/10 17:29:35 INFO Utils: Copying /root/.ivy2/jars/com.github.ben-manes.caffeine_caffeine-2.9.2.jar to /tmp/spark-1ab673fe-726e-4bd5-851a-b01b3ecf0503/userFiles-5ed834ed-9db8-4dc5-8223-c6f6f1867247/com.github.ben-manes.caffeine_caffeine-2.9.2.jar
25/12/10 17:29:35 INFO SparkContext: Added file file:///root/.ivy2/jars/com.google.errorprone_error_prone_annotations-2.19.1.jar at spark://spark-master:34181/files/com.google.errorprone_error_prone_annotations-2.19.1.jar with timestamp 1765387774956
25/12/10 17:29:35 INFO Utils: Copying /root/.ivy2/jars/com.google.errorprone_error_prone_annotations-2.19.1.jar to /tmp/spark-1ab673fe-726e-4bd5-851a-b01b3ecf0503/userFiles-5ed834ed-9db8-4dc5-8223-c6f6f1867247/com.google.errorprone_error_prone_annotations-2.19.1.jar
25/12/10 17:29:35 INFO SparkContext: Added file file:///root/.ivy2/jars/com.google.guava_guava-33.4.7-jre.jar at spark://spark-master:34181/files/com.google.guava_guava-33.4.7-jre.jar with timestamp 1765387774956
25/12/10 17:29:35 INFO Utils: Copying /root/.ivy2/jars/com.google.guava_guava-33.4.7-jre.jar to /tmp/spark-1ab673fe-726e-4bd5-851a-b01b3ecf0503/userFiles-5ed834ed-9db8-4dc5-8223-c6f6f1867247/com.google.guava_guava-33.4.7-jre.jar
25/12/10 17:29:35 INFO SparkContext: Added file file:///root/.ivy2/jars/com.google.jsinterop_jsinterop-annotations-2.0.0.jar at spark://spark-master:34181/files/com.google.jsinterop_jsinterop-annotations-2.0.0.jar with timestamp 1765387774956
25/12/10 17:29:35 INFO Utils: Copying /root/.ivy2/jars/com.google.jsinterop_jsinterop-annotations-2.0.0.jar to /tmp/spark-1ab673fe-726e-4bd5-851a-b01b3ecf0503/userFiles-5ed834ed-9db8-4dc5-8223-c6f6f1867247/com.google.jsinterop_jsinterop-annotations-2.0.0.jar
25/12/10 17:29:35 INFO SparkContext: Added file file:///root/.ivy2/jars/it.unimi.dsi_fastutil-8.5.15.jar at spark://spark-master:34181/files/it.unimi.dsi_fastutil-8.5.15.jar with timestamp 1765387774956
25/12/10 17:29:35 INFO Utils: Copying /root/.ivy2/jars/it.unimi.dsi_fastutil-8.5.15.jar to /tmp/spark-1ab673fe-726e-4bd5-851a-b01b3ecf0503/userFiles-5ed834ed-9db8-4dc5-8223-c6f6f1867247/it.unimi.dsi_fastutil-8.5.15.jar
25/12/10 17:29:35 INFO SparkContext: Added file file:///root/.ivy2/jars/com.google.guava_failureaccess-1.0.3.jar at spark://spark-master:34181/files/com.google.guava_failureaccess-1.0.3.jar with timestamp 1765387774956
25/12/10 17:29:35 INFO Utils: Copying /root/.ivy2/jars/com.google.guava_failureaccess-1.0.3.jar to /tmp/spark-1ab673fe-726e-4bd5-851a-b01b3ecf0503/userFiles-5ed834ed-9db8-4dc5-8223-c6f6f1867247/com.google.guava_failureaccess-1.0.3.jar
25/12/10 17:29:35 INFO SparkContext: Added file file:///root/.ivy2/jars/com.google.guava_listenablefuture-9999.0-empty-to-avoid-conflict-with-guava.jar at spark://spark-master:34181/files/com.google.guava_listenablefuture-9999.0-empty-to-avoid-conflict-with-guava.jar with timestamp 1765387774956
25/12/10 17:29:35 INFO Utils: Copying /root/.ivy2/jars/com.google.guava_listenablefuture-9999.0-empty-to-avoid-conflict-with-guava.jar to /tmp/spark-1ab673fe-726e-4bd5-851a-b01b3ecf0503/userFiles-5ed834ed-9db8-4dc5-8223-c6f6f1867247/com.google.guava_listenablefuture-9999.0-empty-to-avoid-conflict-with-guava.jar
25/12/10 17:29:35 INFO SparkContext: Added file file:///root/.ivy2/jars/org.jspecify_jspecify-1.0.0.jar at spark://spark-master:34181/files/org.jspecify_jspecify-1.0.0.jar with timestamp 1765387774956
25/12/10 17:29:35 INFO Utils: Copying /root/.ivy2/jars/org.jspecify_jspecify-1.0.0.jar to /tmp/spark-1ab673fe-726e-4bd5-851a-b01b3ecf0503/userFiles-5ed834ed-9db8-4dc5-8223-c6f6f1867247/org.jspecify_jspecify-1.0.0.jar
25/12/10 17:29:35 INFO SparkContext: Added file file:///root/.ivy2/jars/com.google.j2objc_j2objc-annotations-3.0.0.jar at spark://spark-master:34181/files/com.google.j2objc_j2objc-annotations-3.0.0.jar with timestamp 1765387774956
25/12/10 17:29:35 INFO Utils: Copying /root/.ivy2/jars/com.google.j2objc_j2objc-annotations-3.0.0.jar to /tmp/spark-1ab673fe-726e-4bd5-851a-b01b3ecf0503/userFiles-5ed834ed-9db8-4dc5-8223-c6f6f1867247/com.google.j2objc_j2objc-annotations-3.0.0.jar
25/12/10 17:29:35 INFO SparkContext: Added file file:///root/.ivy2/jars/org.checkerframework_checker-qual-3.10.0.jar at spark://spark-master:34181/files/org.checkerframework_checker-qual-3.10.0.jar with timestamp 1765387774956
25/12/10 17:29:35 INFO Utils: Copying /root/.ivy2/jars/org.checkerframework_checker-qual-3.10.0.jar to /tmp/spark-1ab673fe-726e-4bd5-851a-b01b3ecf0503/userFiles-5ed834ed-9db8-4dc5-8223-c6f6f1867247/org.checkerframework_checker-qual-3.10.0.jar
25/12/10 17:29:35 INFO SparkContext: Added file file:///root/.ivy2/jars/org.apache.sedona_shade-proto-1.8.0-shaded.jar at spark://spark-master:34181/files/org.apache.sedona_shade-proto-1.8.0-shaded.jar with timestamp 1765387774956
25/12/10 17:29:35 INFO Utils: Copying /root/.ivy2/jars/org.apache.sedona_shade-proto-1.8.0-shaded.jar to /tmp/spark-1ab673fe-726e-4bd5-851a-b01b3ecf0503/userFiles-5ed834ed-9db8-4dc5-8223-c6f6f1867247/org.apache.sedona_shade-proto-1.8.0-shaded.jar
25/12/10 17:29:35 INFO SparkContext: Added file file:///root/.ivy2/jars/org.xerial_sqlite-jdbc-3.41.2.2.jar at spark://spark-master:34181/files/org.xerial_sqlite-jdbc-3.41.2.2.jar with timestamp 1765387774956
25/12/10 17:29:35 INFO Utils: Copying /root/.ivy2/jars/org.xerial_sqlite-jdbc-3.41.2.2.jar to /tmp/spark-1ab673fe-726e-4bd5-851a-b01b3ecf0503/userFiles-5ed834ed-9db8-4dc5-8223-c6f6f1867247/org.xerial_sqlite-jdbc-3.41.2.2.jar
25/12/10 17:29:35 INFO SparkContext: Added file file:///root/.ivy2/jars/io.graphframes_graphframes-spark3_2.12-0.9.2.jar at spark://spark-master:34181/files/io.graphframes_graphframes-spark3_2.12-0.9.2.jar with timestamp 1765387774956
25/12/10 17:29:35 INFO Utils: Copying /root/.ivy2/jars/io.graphframes_graphframes-spark3_2.12-0.9.2.jar to /tmp/spark-1ab673fe-726e-4bd5-851a-b01b3ecf0503/userFiles-5ed834ed-9db8-4dc5-8223-c6f6f1867247/io.graphframes_graphframes-spark3_2.12-0.9.2.jar
25/12/10 17:29:35 INFO SparkContext: Added file file:///root/.ivy2/jars/org.beryx_awt-color-factory-1.0.0.jar at spark://spark-master:34181/files/org.beryx_awt-color-factory-1.0.0.jar with timestamp 1765387774956
25/12/10 17:29:35 INFO Utils: Copying /root/.ivy2/jars/org.beryx_awt-color-factory-1.0.0.jar to /tmp/spark-1ab673fe-726e-4bd5-851a-b01b3ecf0503/userFiles-5ed834ed-9db8-4dc5-8223-c6f6f1867247/org.beryx_awt-color-factory-1.0.0.jar
25/12/10 17:29:35 INFO SparkContext: Added file file:///root/.ivy2/jars/com.wherobots_jpostal-1.2.2.jar at spark://spark-master:34181/files/com.wherobots_jpostal-1.2.2.jar with timestamp 1765387774956
25/12/10 17:29:35 INFO Utils: Copying /root/.ivy2/jars/com.wherobots_jpostal-1.2.2.jar to /tmp/spark-1ab673fe-726e-4bd5-851a-b01b3ecf0503/userFiles-5ed834ed-9db8-4dc5-8223-c6f6f1867247/com.wherobots_jpostal-1.2.2.jar
25/12/10 17:29:35 INFO StandaloneAppClient$ClientEndpoint: Connecting to master spark://spark-master:7077...
25/12/10 17:29:35 INFO TransportClientFactory: Successfully created connection to spark-master/172.18.0.2:7077 after 13 ms (0 ms spent in bootstraps)
25/12/10 17:29:35 INFO StandaloneSchedulerBackend: Connected to Spark cluster with app ID app-20251210172935-0012
25/12/10 17:29:35 INFO StandaloneAppClient$ClientEndpoint: Executor added: app-20251210172935-0012/0 on worker-20251210172450-172.18.0.3-38789 (172.18.0.3:38789) with 4 core(s)
25/12/10 17:29:35 INFO StandaloneSchedulerBackend: Granted executor ID app-20251210172935-0012/0 on hostPort 172.18.0.3:38789 with 4 core(s), 8.0 GiB RAM
25/12/10 17:29:35 INFO StandaloneAppClient$ClientEndpoint: Executor added: app-20251210172935-0012/1 on worker-20251210172450-172.18.0.3-38789 (172.18.0.3:38789) with 4 core(s)
25/12/10 17:29:35 INFO StandaloneSchedulerBackend: Granted executor ID app-20251210172935-0012/1 on hostPort 172.18.0.3:38789 with 4 core(s), 8.0 GiB RAM
25/12/10 17:29:35 INFO Utils: Successfully started service 'org.apache.spark.network.netty.NettyBlockTransferService' on port 34271.
25/12/10 17:29:35 INFO NettyBlockTransferService: Server created on spark-master:34271
25/12/10 17:29:35 INFO BlockManager: Using org.apache.spark.storage.RandomBlockReplicationPolicy for block replication policy
25/12/10 17:29:35 INFO BlockManagerMaster: Registering BlockManager BlockManagerId(driver, spark-master, 34271, None)
25/12/10 17:29:35 INFO BlockManagerMasterEndpoint: Registering block manager spark-master:34271 with 434.4 MiB RAM, BlockManagerId(driver, spark-master, 34271, None)
25/12/10 17:29:35 INFO BlockManagerMaster: Registered BlockManager BlockManagerId(driver, spark-master, 34271, None)
25/12/10 17:29:35 INFO BlockManager: Initialized BlockManager: BlockManagerId(driver, spark-master, 34271, None)
25/12/10 17:29:35 INFO StandaloneAppClient$ClientEndpoint: Executor updated: app-20251210172935-0012/1 is now RUNNING
25/12/10 17:29:35 INFO StandaloneAppClient$ClientEndpoint: Executor updated: app-20251210172935-0012/0 is now RUNNING
25/12/10 17:29:35 INFO StandaloneSchedulerBackend: SchedulerBackend is ready for scheduling beginning after reached minRegisteredResourcesRatio: 0.0
/app/src/q4.py:29: DeprecationWarning: Call to deprecated function registerAll (Deprecated since 1.4.1, use SedonaContext.create() instead.).
  SedonaRegistrator.registerAll(spark)
25/12/10 17:29:35 INFO SharedState: Setting hive.metastore.warehouse.dir ('null') to the value of spark.sql.warehouse.dir.
25/12/10 17:29:35 INFO SharedState: Warehouse path is 'file:/app/spark-warehouse'.
25/12/10 17:29:37 INFO StandaloneSchedulerBackend$StandaloneDriverEndpoint: Registered executor NettyRpcEndpointRef(spark-client://Executor) (172.18.0.3:55396) with ID 1,  ResourceProfileId 0
25/12/10 17:29:37 INFO StandaloneSchedulerBackend$StandaloneDriverEndpoint: Registered executor NettyRpcEndpointRef(spark-client://Executor) (172.18.0.3:55398) with ID 0,  ResourceProfileId 0
25/12/10 17:29:37 INFO BlockManagerMasterEndpoint: Registering block manager 172.18.0.3:34885 with 4.6 GiB RAM, BlockManagerId(1, 172.18.0.3, 34885, None)
25/12/10 17:29:37 INFO BlockManagerMasterEndpoint: Registering block manager 172.18.0.3:40703 with 4.6 GiB RAM, BlockManagerId(0, 172.18.0.3, 40703, None)
25/12/10 17:29:37 INFO CodeGenerator: Code generated in 164.600959 ms
25/12/10 17:29:37 INFO DAGScheduler: Registering RDD 2 (count at <unknown>:0) as input to shuffle 0
25/12/10 17:29:37 INFO DAGScheduler: Got map stage job 0 (count at <unknown>:0) with 1 output partitions
25/12/10 17:29:37 INFO DAGScheduler: Final stage: ShuffleMapStage 0 (count at <unknown>:0)
25/12/10 17:29:37 INFO DAGScheduler: Parents of final stage: List()
25/12/10 17:29:37 INFO DAGScheduler: Missing parents: List()
25/12/10 17:29:37 INFO DAGScheduler: Submitting ShuffleMapStage 0 (MapPartitionsRDD[2] at count at <unknown>:0), which has no missing parents
25/12/10 17:29:38 INFO MemoryStore: Block broadcast_0 stored as values in memory (estimated size 11.0 KiB, free 434.4 MiB)
25/12/10 17:29:38 INFO MemoryStore: Block broadcast_0_piece0 stored as bytes in memory (estimated size 5.7 KiB, free 434.4 MiB)
25/12/10 17:29:38 INFO BlockManagerInfo: Added broadcast_0_piece0 in memory on spark-master:34271 (size: 5.7 KiB, free: 434.4 MiB)
25/12/10 17:29:38 INFO SparkContext: Created broadcast 0 from broadcast at DAGScheduler.scala:1580
25/12/10 17:29:38 INFO DAGScheduler: Submitting 1 missing tasks from ShuffleMapStage 0 (MapPartitionsRDD[2] at count at <unknown>:0) (first 15 tasks are for partitions Vector(0))
25/12/10 17:29:38 INFO TaskSchedulerImpl: Adding task set 0.0 with 1 tasks resource profile 0
25/12/10 17:29:38 INFO TaskSetManager: Starting task 0.0 in stage 0.0 (TID 0) (172.18.0.3, executor 1, partition 0, PROCESS_LOCAL, 12994 bytes) 
25/12/10 17:29:38 INFO BlockManagerInfo: Added broadcast_0_piece0 in memory on 172.18.0.3:34885 (size: 5.7 KiB, free: 4.6 GiB)
25/12/10 17:29:38 INFO TaskSetManager: Finished task 0.0 in stage 0.0 (TID 0) in 554 ms on 172.18.0.3 (executor 1) (1/1)
25/12/10 17:29:38 INFO TaskSchedulerImpl: Removed TaskSet 0.0, whose tasks have all completed, from pool 
25/12/10 17:29:38 INFO DAGScheduler: ShuffleMapStage 0 (count at <unknown>:0) finished in 0.984 s
25/12/10 17:29:38 INFO DAGScheduler: looking for newly runnable stages
25/12/10 17:29:38 INFO DAGScheduler: running: Set()
25/12/10 17:29:38 INFO DAGScheduler: waiting: Set()
25/12/10 17:29:38 INFO DAGScheduler: failed: Set()
25/12/10 17:29:38 INFO CodeGenerator: Code generated in 7.776334 ms
25/12/10 17:29:39 INFO SparkContext: Starting job: count at <unknown>:0
25/12/10 17:29:39 INFO DAGScheduler: Got job 1 (count at <unknown>:0) with 1 output partitions
25/12/10 17:29:39 INFO DAGScheduler: Final stage: ResultStage 2 (count at <unknown>:0)
25/12/10 17:29:39 INFO DAGScheduler: Parents of final stage: List(ShuffleMapStage 1)
25/12/10 17:29:39 INFO DAGScheduler: Missing parents: List()
25/12/10 17:29:39 INFO DAGScheduler: Submitting ResultStage 2 (MapPartitionsRDD[5] at count at <unknown>:0), which has no missing parents
25/12/10 17:29:39 INFO MemoryStore: Block broadcast_1 stored as values in memory (estimated size 12.5 KiB, free 434.4 MiB)
25/12/10 17:29:39 INFO MemoryStore: Block broadcast_1_piece0 stored as bytes in memory (estimated size 5.9 KiB, free 434.4 MiB)
25/12/10 17:29:39 INFO BlockManagerInfo: Added broadcast_1_piece0 in memory on spark-master:34271 (size: 5.9 KiB, free: 434.4 MiB)
25/12/10 17:29:39 INFO SparkContext: Created broadcast 1 from broadcast at DAGScheduler.scala:1580
25/12/10 17:29:39 INFO DAGScheduler: Submitting 1 missing tasks from ResultStage 2 (MapPartitionsRDD[5] at count at <unknown>:0) (first 15 tasks are for partitions Vector(0))
25/12/10 17:29:39 INFO TaskSchedulerImpl: Adding task set 2.0 with 1 tasks resource profile 0
25/12/10 17:29:39 INFO TaskSetManager: Starting task 0.0 in stage 2.0 (TID 1) (172.18.0.3, executor 1, partition 0, NODE_LOCAL, 12797 bytes) 
25/12/10 17:29:39 INFO BlockManagerInfo: Added broadcast_1_piece0 in memory on 172.18.0.3:34885 (size: 5.9 KiB, free: 4.6 GiB)
25/12/10 17:29:39 INFO MapOutputTrackerMasterEndpoint: Asked to send map output locations for shuffle 0 to 172.18.0.3:55396
25/12/10 17:29:39 INFO TaskSetManager: Finished task 0.0 in stage 2.0 (TID 1) in 134 ms on 172.18.0.3 (executor 1) (1/1)
25/12/10 17:29:39 INFO TaskSchedulerImpl: Removed TaskSet 2.0, whose tasks have all completed, from pool 
25/12/10 17:29:39 INFO DAGScheduler: ResultStage 2 (count at <unknown>:0) finished in 0.142 s
25/12/10 17:29:39 INFO DAGScheduler: Job 1 is finished. Cancelling potential speculative or zombie tasks for this job
25/12/10 17:29:39 INFO TaskSchedulerImpl: Killing all running tasks in stage 2: Stage finished
25/12/10 17:29:39 INFO DAGScheduler: Job 1 finished: count at <unknown>:0, took 0.151947 s
25/12/10 17:29:39 INFO BlockManagerInfo: Removed broadcast_1_piece0 on spark-master:34271 in memory (size: 5.9 KiB, free: 434.4 MiB)
25/12/10 17:29:39 INFO BlockManagerInfo: Removed broadcast_1_piece0 on 172.18.0.3:34885 in memory (size: 5.9 KiB, free: 4.6 GiB)
25/12/10 17:29:39 INFO BlockManagerInfo: Removed broadcast_0_piece0 on spark-master:34271 in memory (size: 5.7 KiB, free: 434.4 MiB)
25/12/10 17:29:39 INFO BlockManagerInfo: Removed broadcast_0_piece0 on 172.18.0.3:34885 in memory (size: 5.7 KiB, free: 4.6 GiB)
25/12/10 17:29:40 INFO InMemoryFileIndex: It took 10 ms to list leaf files for 2 paths.
25/12/10 17:29:40 INFO InMemoryFileIndex: It took 10 ms to list leaf files for 2 paths.
25/12/10 17:29:40 INFO FileSourceStrategy: Pushed Filters: 
25/12/10 17:29:40 INFO FileSourceStrategy: Post-Scan Filters: (length(trim(value#19, None)) > 0)
25/12/10 17:29:40 INFO CodeGenerator: Code generated in 10.972208 ms
25/12/10 17:29:40 INFO MemoryStore: Block broadcast_2 stored as values in memory (estimated size 212.4 KiB, free 434.2 MiB)
25/12/10 17:29:40 INFO MemoryStore: Block broadcast_2_piece0 stored as bytes in memory (estimated size 39.3 KiB, free 434.2 MiB)
25/12/10 17:29:40 INFO BlockManagerInfo: Added broadcast_2_piece0 in memory on spark-master:34271 (size: 39.3 KiB, free: 434.4 MiB)
25/12/10 17:29:40 INFO SparkContext: Created broadcast 2 from csv at <unknown>:0
25/12/10 17:29:40 INFO FileSourceScanExec: Planning scan with bin packing, max size: 118509402 bytes, open cost is considered as scanning 4194304 bytes.
25/12/10 17:29:40 INFO SparkContext: Starting job: csv at <unknown>:0
25/12/10 17:29:40 INFO DAGScheduler: Got job 2 (csv at <unknown>:0) with 1 output partitions
25/12/10 17:29:40 INFO DAGScheduler: Final stage: ResultStage 3 (csv at <unknown>:0)
25/12/10 17:29:40 INFO DAGScheduler: Parents of final stage: List()
25/12/10 17:29:40 INFO DAGScheduler: Missing parents: List()
25/12/10 17:29:40 INFO DAGScheduler: Submitting ResultStage 3 (MapPartitionsRDD[9] at csv at <unknown>:0), which has no missing parents
25/12/10 17:29:40 INFO MemoryStore: Block broadcast_3 stored as values in memory (estimated size 13.5 KiB, free 434.1 MiB)
25/12/10 17:29:40 INFO MemoryStore: Block broadcast_3_piece0 stored as bytes in memory (estimated size 6.4 KiB, free 434.1 MiB)
25/12/10 17:29:40 INFO BlockManagerInfo: Added broadcast_3_piece0 in memory on spark-master:34271 (size: 6.4 KiB, free: 434.4 MiB)
25/12/10 17:29:40 INFO SparkContext: Created broadcast 3 from broadcast at DAGScheduler.scala:1580
25/12/10 17:29:40 INFO DAGScheduler: Submitting 1 missing tasks from ResultStage 3 (MapPartitionsRDD[9] at csv at <unknown>:0) (first 15 tasks are for partitions Vector(0))
25/12/10 17:29:40 INFO TaskSchedulerImpl: Adding task set 3.0 with 1 tasks resource profile 0
25/12/10 17:29:40 INFO TaskSetManager: Starting task 0.0 in stage 3.0 (TID 2) (172.18.0.3, executor 0, partition 0, PROCESS_LOCAL, 13414 bytes) 
25/12/10 17:29:40 INFO BlockManagerInfo: Added broadcast_3_piece0 in memory on 172.18.0.3:40703 (size: 6.4 KiB, free: 4.6 GiB)
25/12/10 17:29:41 INFO BlockManagerInfo: Added broadcast_2_piece0 in memory on 172.18.0.3:40703 (size: 39.3 KiB, free: 4.6 GiB)
25/12/10 17:29:41 INFO TaskSetManager: Finished task 0.0 in stage 3.0 (TID 2) in 738 ms on 172.18.0.3 (executor 0) (1/1)
25/12/10 17:29:41 INFO TaskSchedulerImpl: Removed TaskSet 3.0, whose tasks have all completed, from pool 
25/12/10 17:29:41 INFO DAGScheduler: ResultStage 3 (csv at <unknown>:0) finished in 0.753 s
25/12/10 17:29:41 INFO DAGScheduler: Job 2 is finished. Cancelling potential speculative or zombie tasks for this job
25/12/10 17:29:41 INFO TaskSchedulerImpl: Killing all running tasks in stage 3: Stage finished
25/12/10 17:29:41 INFO DAGScheduler: Job 2 finished: csv at <unknown>:0, took 0.757347 s
25/12/10 17:29:41 INFO CodeGenerator: Code generated in 6.281417 ms
25/12/10 17:29:41 INFO FileSourceStrategy: Pushed Filters: 
25/12/10 17:29:41 INFO FileSourceStrategy: Post-Scan Filters: 
25/12/10 17:29:41 INFO MemoryStore: Block broadcast_4 stored as values in memory (estimated size 212.4 KiB, free 433.9 MiB)
25/12/10 17:29:41 INFO MemoryStore: Block broadcast_4_piece0 stored as bytes in memory (estimated size 39.3 KiB, free 433.9 MiB)
25/12/10 17:29:41 INFO BlockManagerInfo: Added broadcast_4_piece0 in memory on spark-master:34271 (size: 39.3 KiB, free: 434.3 MiB)
25/12/10 17:29:41 INFO SparkContext: Created broadcast 4 from csv at <unknown>:0
25/12/10 17:29:41 INFO FileSourceScanExec: Planning scan with bin packing, max size: 118509402 bytes, open cost is considered as scanning 4194304 bytes.
25/12/10 17:29:41 INFO SparkContext: Starting job: csv at <unknown>:0
25/12/10 17:29:41 INFO DAGScheduler: Got job 3 (csv at <unknown>:0) with 8 output partitions
25/12/10 17:29:41 INFO DAGScheduler: Final stage: ResultStage 4 (csv at <unknown>:0)
25/12/10 17:29:41 INFO DAGScheduler: Parents of final stage: List()
25/12/10 17:29:41 INFO DAGScheduler: Missing parents: List()
25/12/10 17:29:41 INFO DAGScheduler: Submitting ResultStage 4 (MapPartitionsRDD[15] at csv at <unknown>:0), which has no missing parents
25/12/10 17:29:41 INFO MemoryStore: Block broadcast_5 stored as values in memory (estimated size 39.3 KiB, free 433.9 MiB)
25/12/10 17:29:41 INFO MemoryStore: Block broadcast_5_piece0 stored as bytes in memory (estimated size 15.6 KiB, free 433.8 MiB)
25/12/10 17:29:41 INFO BlockManagerInfo: Added broadcast_5_piece0 in memory on spark-master:34271 (size: 15.6 KiB, free: 434.3 MiB)
25/12/10 17:29:41 INFO SparkContext: Created broadcast 5 from broadcast at DAGScheduler.scala:1580
25/12/10 17:29:41 INFO DAGScheduler: Submitting 8 missing tasks from ResultStage 4 (MapPartitionsRDD[15] at csv at <unknown>:0) (first 15 tasks are for partitions Vector(0, 1, 2, 3, 4, 5, 6, 7))
25/12/10 17:29:41 INFO TaskSchedulerImpl: Adding task set 4.0 with 8 tasks resource profile 0
25/12/10 17:29:41 INFO TaskSetManager: Starting task 0.0 in stage 4.0 (TID 3) (172.18.0.3, executor 0, partition 0, PROCESS_LOCAL, 13414 bytes) 
25/12/10 17:29:41 INFO TaskSetManager: Starting task 1.0 in stage 4.0 (TID 4) (172.18.0.3, executor 1, partition 1, PROCESS_LOCAL, 13414 bytes) 
25/12/10 17:29:41 INFO TaskSetManager: Starting task 2.0 in stage 4.0 (TID 5) (172.18.0.3, executor 0, partition 2, PROCESS_LOCAL, 13414 bytes) 
25/12/10 17:29:41 INFO TaskSetManager: Starting task 3.0 in stage 4.0 (TID 6) (172.18.0.3, executor 1, partition 3, PROCESS_LOCAL, 13414 bytes) 
25/12/10 17:29:41 INFO TaskSetManager: Starting task 4.0 in stage 4.0 (TID 7) (172.18.0.3, executor 0, partition 4, PROCESS_LOCAL, 13414 bytes) 
25/12/10 17:29:41 INFO TaskSetManager: Starting task 5.0 in stage 4.0 (TID 8) (172.18.0.3, executor 1, partition 5, PROCESS_LOCAL, 13414 bytes) 
25/12/10 17:29:41 INFO TaskSetManager: Starting task 6.0 in stage 4.0 (TID 9) (172.18.0.3, executor 0, partition 6, PROCESS_LOCAL, 13414 bytes) 
25/12/10 17:29:41 INFO TaskSetManager: Starting task 7.0 in stage 4.0 (TID 10) (172.18.0.3, executor 1, partition 7, PROCESS_LOCAL, 13525 bytes) 
25/12/10 17:29:41 INFO BlockManagerInfo: Added broadcast_5_piece0 in memory on 172.18.0.3:34885 (size: 15.6 KiB, free: 4.6 GiB)
25/12/10 17:29:41 INFO BlockManagerInfo: Added broadcast_5_piece0 in memory on 172.18.0.3:40703 (size: 15.6 KiB, free: 4.6 GiB)
25/12/10 17:29:42 INFO BlockManagerInfo: Added broadcast_4_piece0 in memory on 172.18.0.3:40703 (size: 39.3 KiB, free: 4.6 GiB)
25/12/10 17:29:42 INFO BlockManagerInfo: Added broadcast_4_piece0 in memory on 172.18.0.3:34885 (size: 39.3 KiB, free: 4.6 GiB)
25/12/10 17:29:44 INFO TaskSetManager: Finished task 4.0 in stage 4.0 (TID 7) in 2898 ms on 172.18.0.3 (executor 0) (1/8)
25/12/10 17:29:44 INFO TaskSetManager: Finished task 6.0 in stage 4.0 (TID 9) in 2900 ms on 172.18.0.3 (executor 0) (2/8)
25/12/10 17:29:44 INFO TaskSetManager: Finished task 2.0 in stage 4.0 (TID 5) in 2910 ms on 172.18.0.3 (executor 0) (3/8)
25/12/10 17:29:44 INFO TaskSetManager: Finished task 7.0 in stage 4.0 (TID 10) in 3150 ms on 172.18.0.3 (executor 1) (4/8)
25/12/10 17:29:44 INFO TaskSetManager: Finished task 3.0 in stage 4.0 (TID 6) in 3261 ms on 172.18.0.3 (executor 1) (5/8)
25/12/10 17:29:44 INFO TaskSetManager: Finished task 1.0 in stage 4.0 (TID 4) in 3266 ms on 172.18.0.3 (executor 1) (6/8)
25/12/10 17:29:44 INFO TaskSetManager: Finished task 5.0 in stage 4.0 (TID 8) in 3278 ms on 172.18.0.3 (executor 1) (7/8)
25/12/10 17:29:44 INFO TaskSetManager: Finished task 0.0 in stage 4.0 (TID 3) in 3282 ms on 172.18.0.3 (executor 0) (8/8)
25/12/10 17:29:44 INFO TaskSchedulerImpl: Removed TaskSet 4.0, whose tasks have all completed, from pool 
25/12/10 17:29:44 INFO DAGScheduler: ResultStage 4 (csv at <unknown>:0) finished in 3.303 s
25/12/10 17:29:44 INFO DAGScheduler: Job 3 is finished. Cancelling potential speculative or zombie tasks for this job
25/12/10 17:29:44 INFO TaskSchedulerImpl: Killing all running tasks in stage 4: Stage finished
25/12/10 17:29:44 INFO DAGScheduler: Job 3 finished: csv at <unknown>:0, took 3.307630 s
25/12/10 17:29:45 INFO InMemoryFileIndex: It took 1 ms to list leaf files for 1 paths.
25/12/10 17:29:45 INFO InMemoryFileIndex: It took 0 ms to list leaf files for 1 paths.
25/12/10 17:29:45 INFO FileSourceStrategy: Pushed Filters: 
25/12/10 17:29:45 INFO FileSourceStrategy: Post-Scan Filters: (length(trim(value#214, None)) > 0)
25/12/10 17:29:45 INFO MemoryStore: Block broadcast_6 stored as values in memory (estimated size 212.4 KiB, free 433.6 MiB)
25/12/10 17:29:45 INFO MemoryStore: Block broadcast_6_piece0 stored as bytes in memory (estimated size 39.3 KiB, free 433.6 MiB)
25/12/10 17:29:45 INFO BlockManagerInfo: Added broadcast_6_piece0 in memory on spark-master:34271 (size: 39.3 KiB, free: 434.3 MiB)
25/12/10 17:29:45 INFO SparkContext: Created broadcast 6 from csv at <unknown>:0
25/12/10 17:29:45 INFO FileSourceScanExec: Planning scan with bin packing, max size: 4194304 bytes, open cost is considered as scanning 4194304 bytes.
25/12/10 17:29:45 INFO SparkContext: Starting job: csv at <unknown>:0
25/12/10 17:29:45 INFO DAGScheduler: Got job 4 (csv at <unknown>:0) with 1 output partitions
25/12/10 17:29:45 INFO DAGScheduler: Final stage: ResultStage 5 (csv at <unknown>:0)
25/12/10 17:29:45 INFO DAGScheduler: Parents of final stage: List()
25/12/10 17:29:45 INFO DAGScheduler: Missing parents: List()
25/12/10 17:29:45 INFO DAGScheduler: Submitting ResultStage 5 (MapPartitionsRDD[19] at csv at <unknown>:0), which has no missing parents
25/12/10 17:29:45 INFO MemoryStore: Block broadcast_7 stored as values in memory (estimated size 13.5 KiB, free 433.6 MiB)
25/12/10 17:29:45 INFO MemoryStore: Block broadcast_7_piece0 stored as bytes in memory (estimated size 6.4 KiB, free 433.6 MiB)
25/12/10 17:29:45 INFO BlockManagerInfo: Added broadcast_7_piece0 in memory on spark-master:34271 (size: 6.4 KiB, free: 434.3 MiB)
25/12/10 17:29:45 INFO SparkContext: Created broadcast 7 from broadcast at DAGScheduler.scala:1580
25/12/10 17:29:45 INFO DAGScheduler: Submitting 1 missing tasks from ResultStage 5 (MapPartitionsRDD[19] at csv at <unknown>:0) (first 15 tasks are for partitions Vector(0))
25/12/10 17:29:45 INFO TaskSchedulerImpl: Adding task set 5.0 with 1 tasks resource profile 0
25/12/10 17:29:45 INFO TaskSetManager: Starting task 0.0 in stage 5.0 (TID 11) (172.18.0.3, executor 0, partition 0, PROCESS_LOCAL, 13395 bytes) 
25/12/10 17:29:45 INFO BlockManagerInfo: Added broadcast_7_piece0 in memory on 172.18.0.3:40703 (size: 6.4 KiB, free: 4.6 GiB)
25/12/10 17:29:45 INFO BlockManagerInfo: Added broadcast_6_piece0 in memory on 172.18.0.3:40703 (size: 39.3 KiB, free: 4.6 GiB)
25/12/10 17:29:45 INFO TaskSetManager: Finished task 0.0 in stage 5.0 (TID 11) in 53 ms on 172.18.0.3 (executor 0) (1/1)
25/12/10 17:29:45 INFO TaskSchedulerImpl: Removed TaskSet 5.0, whose tasks have all completed, from pool 
25/12/10 17:29:45 INFO DAGScheduler: ResultStage 5 (csv at <unknown>:0) finished in 0.068 s
25/12/10 17:29:45 INFO DAGScheduler: Job 4 is finished. Cancelling potential speculative or zombie tasks for this job
25/12/10 17:29:45 INFO TaskSchedulerImpl: Killing all running tasks in stage 5: Stage finished
25/12/10 17:29:45 INFO DAGScheduler: Job 4 finished: csv at <unknown>:0, took 0.070471 s
25/12/10 17:29:45 INFO FileSourceStrategy: Pushed Filters: 
25/12/10 17:29:45 INFO FileSourceStrategy: Post-Scan Filters: 
25/12/10 17:29:45 INFO MemoryStore: Block broadcast_8 stored as values in memory (estimated size 212.4 KiB, free 433.4 MiB)
25/12/10 17:29:45 INFO MemoryStore: Block broadcast_8_piece0 stored as bytes in memory (estimated size 39.3 KiB, free 433.3 MiB)
25/12/10 17:29:45 INFO BlockManagerInfo: Added broadcast_8_piece0 in memory on spark-master:34271 (size: 39.3 KiB, free: 434.2 MiB)
25/12/10 17:29:45 INFO SparkContext: Created broadcast 8 from csv at <unknown>:0
25/12/10 17:29:45 INFO FileSourceScanExec: Planning scan with bin packing, max size: 4194304 bytes, open cost is considered as scanning 4194304 bytes.
25/12/10 17:29:45 INFO SparkContext: Starting job: csv at <unknown>:0
25/12/10 17:29:45 INFO DAGScheduler: Got job 5 (csv at <unknown>:0) with 1 output partitions
25/12/10 17:29:45 INFO DAGScheduler: Final stage: ResultStage 6 (csv at <unknown>:0)
25/12/10 17:29:45 INFO DAGScheduler: Parents of final stage: List()
25/12/10 17:29:45 INFO DAGScheduler: Missing parents: List()
25/12/10 17:29:45 INFO DAGScheduler: Submitting ResultStage 6 (MapPartitionsRDD[25] at csv at <unknown>:0), which has no missing parents
25/12/10 17:29:45 INFO MemoryStore: Block broadcast_9 stored as values in memory (estimated size 38.9 KiB, free 433.3 MiB)
25/12/10 17:29:45 INFO MemoryStore: Block broadcast_9_piece0 stored as bytes in memory (estimated size 15.4 KiB, free 433.3 MiB)
25/12/10 17:29:45 INFO BlockManagerInfo: Added broadcast_9_piece0 in memory on spark-master:34271 (size: 15.4 KiB, free: 434.2 MiB)
25/12/10 17:29:45 INFO SparkContext: Created broadcast 9 from broadcast at DAGScheduler.scala:1580
25/12/10 17:29:45 INFO DAGScheduler: Submitting 1 missing tasks from ResultStage 6 (MapPartitionsRDD[25] at csv at <unknown>:0) (first 15 tasks are for partitions Vector(0))
25/12/10 17:29:45 INFO TaskSchedulerImpl: Adding task set 6.0 with 1 tasks resource profile 0
25/12/10 17:29:45 INFO TaskSetManager: Starting task 0.0 in stage 6.0 (TID 12) (172.18.0.3, executor 0, partition 0, PROCESS_LOCAL, 13395 bytes) 
25/12/10 17:29:45 INFO BlockManagerInfo: Added broadcast_9_piece0 in memory on 172.18.0.3:40703 (size: 15.4 KiB, free: 4.6 GiB)
25/12/10 17:29:45 INFO BlockManagerInfo: Added broadcast_8_piece0 in memory on 172.18.0.3:40703 (size: 39.3 KiB, free: 4.6 GiB)
25/12/10 17:29:45 INFO TaskSetManager: Finished task 0.0 in stage 6.0 (TID 12) in 40 ms on 172.18.0.3 (executor 0) (1/1)
25/12/10 17:29:45 INFO TaskSchedulerImpl: Removed TaskSet 6.0, whose tasks have all completed, from pool 
25/12/10 17:29:45 INFO DAGScheduler: ResultStage 6 (csv at <unknown>:0) finished in 0.055 s
25/12/10 17:29:45 INFO DAGScheduler: Job 5 is finished. Cancelling potential speculative or zombie tasks for this job
25/12/10 17:29:45 INFO TaskSchedulerImpl: Killing all running tasks in stage 6: Stage finished
25/12/10 17:29:45 INFO DAGScheduler: Job 5 finished: csv at <unknown>:0, took 0.057908 s
=== Q4: Physical plan (crime–station join with ST_DistanceSphere) ===
25/12/10 17:29:45 WARN SparkStringUtils: Truncated the string representation of a plan since it was too large. This behavior can be adjusted by setting 'spark.sql.debug.maxToStringFields'.
25/12/10 17:29:45 INFO FileSourceStrategy: Pushed Filters: IsNotNull(LAT),IsNotNull(LON),Or(Not(EqualTo(LAT,0.0)),Not(EqualTo(LON,0.0)))
25/12/10 17:29:45 INFO FileSourceStrategy: Post-Scan Filters: isnotnull(LAT#62),isnotnull(LON#63),(NOT (LAT#62 = 0.0) OR NOT (LON#63 = 0.0))
25/12/10 17:29:45 INFO FileSourceStrategy: Pushed Filters: 
25/12/10 17:29:45 INFO FileSourceStrategy: Post-Scan Filters: 
== Parsed Logical Plan ==
'Project [crime_id#151L, crime_geom#181, DIVISION#234, station_geom#258, distance_m#272, ('distance_m / 1000.0) AS distance_km#278]
+- Project [crime_id#151L, crime_geom#181, DIVISION#234, station_geom#258,  **org.apache.spark.sql.sedona_sql.expressions.ST_DistanceSphere**   AS distance_m#272]
   +- Join Cross
      :- Project [crime_id#151L, crime_geom#181]
      :  +- Project [DR_NO#36, Date Rptd#37, DATE OCC#38, TIME OCC#39, AREA#40, AREA NAME#41, Rpt Dist No#42, Part 1-2#43, Crm Cd#44, Crm Cd Desc#45, Mocodes#46, Vict Age#47, Vict Sex#48, Vict Descent#49, Premis Cd#50, Premis Desc#51, Weapon Used Cd#52, Weapon Desc#53, Status#54, Status Desc#55, Crm Cd 1#56, Crm Cd 2#57, Crm Cd 3#58, Crm Cd 4#59, ... 6 more fields]
      :     +- Project [DR_NO#36, Date Rptd#37, DATE OCC#38, TIME OCC#39, AREA#40, AREA NAME#41, Rpt Dist No#42, Part 1-2#43, Crm Cd#44, Crm Cd Desc#45, Mocodes#46, Vict Age#47, Vict Sex#48, Vict Descent#49, Premis Cd#50, Premis Desc#51, Weapon Used Cd#52, Weapon Desc#53, Status#54, Status Desc#55, Crm Cd 1#56, Crm Cd 2#57, Crm Cd 3#58, Crm Cd 4#59, ... 5 more fields]
      :        +- Filter (NOT (LAT#92 = 0.0) OR NOT (LON#122 = 0.0))
      :           +- Filter (isnotnull(LAT#92) AND isnotnull(LON#122))
      :              +- Project [DR_NO#36, Date Rptd#37, DATE OCC#38, TIME OCC#39, AREA#40, AREA NAME#41, Rpt Dist No#42, Part 1-2#43, Crm Cd#44, Crm Cd Desc#45, Mocodes#46, Vict Age#47, Vict Sex#48, Vict Descent#49, Premis Cd#50, Premis Desc#51, Weapon Used Cd#52, Weapon Desc#53, Status#54, Status Desc#55, Crm Cd 1#56, Crm Cd 2#57, Crm Cd 3#58, Crm Cd 4#59, ... 4 more fields]
      :                 +- Project [DR_NO#36, Date Rptd#37, DATE OCC#38, TIME OCC#39, AREA#40, AREA NAME#41, Rpt Dist No#42, Part 1-2#43, Crm Cd#44, Crm Cd Desc#45, Mocodes#46, Vict Age#47, Vict Sex#48, Vict Descent#49, Premis Cd#50, Premis Desc#51, Weapon Used Cd#52, Weapon Desc#53, Status#54, Status Desc#55, Crm Cd 1#56, Crm Cd 2#57, Crm Cd 3#58, Crm Cd 4#59, ... 4 more fields]
      :                    +- Relation [DR_NO#36,Date Rptd#37,DATE OCC#38,TIME OCC#39,AREA#40,AREA NAME#41,Rpt Dist No#42,Part 1-2#43,Crm Cd#44,Crm Cd Desc#45,Mocodes#46,Vict Age#47,Vict Sex#48,Vict Descent#49,Premis Cd#50,Premis Desc#51,Weapon Used Cd#52,Weapon Desc#53,Status#54,Status Desc#55,Crm Cd 1#56,Crm Cd 2#57,Crm Cd 3#58,Crm Cd 4#59,... 4 more fields] csv
      +- ResolvedHint (strategy=broadcast)
         +- Project [DIVISION#234, station_geom#258]
            +- Project [X#243, Y#251, FID#233, DIVISION#234, LOCATION#235, PREC#236,  **org.apache.spark.sql.sedona_sql.expressions.ST_Point**   AS station_geom#258]
               +- Project [X#243, cast(Y#232 as double) AS Y#251, FID#233, DIVISION#234, LOCATION#235, PREC#236]
                  +- Project [cast(X#231 as double) AS X#243, Y#232, FID#233, DIVISION#234, LOCATION#235, PREC#236]
                     +- Relation [X#231,Y#232,FID#233,DIVISION#234,LOCATION#235,PREC#236] csv

== Analyzed Logical Plan ==
crime_id: bigint, crime_geom: geometry, DIVISION: string, station_geom: geometry, distance_m: double, distance_km: double
Project [crime_id#151L, crime_geom#181, DIVISION#234, station_geom#258, distance_m#272, (distance_m#272 / 1000.0) AS distance_km#278]
+- Project [crime_id#151L, crime_geom#181, DIVISION#234, station_geom#258,  **org.apache.spark.sql.sedona_sql.expressions.ST_DistanceSphere**   AS distance_m#272]
   +- Join Cross
      :- Project [crime_id#151L, crime_geom#181]
      :  +- Project [DR_NO#36, Date Rptd#37, DATE OCC#38, TIME OCC#39, AREA#40, AREA NAME#41, Rpt Dist No#42, Part 1-2#43, Crm Cd#44, Crm Cd Desc#45, Mocodes#46, Vict Age#47, Vict Sex#48, Vict Descent#49, Premis Cd#50, Premis Desc#51, Weapon Used Cd#52, Weapon Desc#53, Status#54, Status Desc#55, Crm Cd 1#56, Crm Cd 2#57, Crm Cd 3#58, Crm Cd 4#59, ... 6 more fields]
      :     +- Project [DR_NO#36, Date Rptd#37, DATE OCC#38, TIME OCC#39, AREA#40, AREA NAME#41, Rpt Dist No#42, Part 1-2#43, Crm Cd#44, Crm Cd Desc#45, Mocodes#46, Vict Age#47, Vict Sex#48, Vict Descent#49, Premis Cd#50, Premis Desc#51, Weapon Used Cd#52, Weapon Desc#53, Status#54, Status Desc#55, Crm Cd 1#56, Crm Cd 2#57, Crm Cd 3#58, Crm Cd 4#59, ... 5 more fields]
      :        +- Filter (NOT (LAT#92 = 0.0) OR NOT (LON#122 = 0.0))
      :           +- Filter (isnotnull(LAT#92) AND isnotnull(LON#122))
      :              +- Project [DR_NO#36, Date Rptd#37, DATE OCC#38, TIME OCC#39, AREA#40, AREA NAME#41, Rpt Dist No#42, Part 1-2#43, Crm Cd#44, Crm Cd Desc#45, Mocodes#46, Vict Age#47, Vict Sex#48, Vict Descent#49, Premis Cd#50, Premis Desc#51, Weapon Used Cd#52, Weapon Desc#53, Status#54, Status Desc#55, Crm Cd 1#56, Crm Cd 2#57, Crm Cd 3#58, Crm Cd 4#59, ... 4 more fields]
      :                 +- Project [DR_NO#36, Date Rptd#37, DATE OCC#38, TIME OCC#39, AREA#40, AREA NAME#41, Rpt Dist No#42, Part 1-2#43, Crm Cd#44, Crm Cd Desc#45, Mocodes#46, Vict Age#47, Vict Sex#48, Vict Descent#49, Premis Cd#50, Premis Desc#51, Weapon Used Cd#52, Weapon Desc#53, Status#54, Status Desc#55, Crm Cd 1#56, Crm Cd 2#57, Crm Cd 3#58, Crm Cd 4#59, ... 4 more fields]
      :                    +- Relation [DR_NO#36,Date Rptd#37,DATE OCC#38,TIME OCC#39,AREA#40,AREA NAME#41,Rpt Dist No#42,Part 1-2#43,Crm Cd#44,Crm Cd Desc#45,Mocodes#46,Vict Age#47,Vict Sex#48,Vict Descent#49,Premis Cd#50,Premis Desc#51,Weapon Used Cd#52,Weapon Desc#53,Status#54,Status Desc#55,Crm Cd 1#56,Crm Cd 2#57,Crm Cd 3#58,Crm Cd 4#59,... 4 more fields] csv
      +- ResolvedHint (strategy=broadcast)
         +- Project [DIVISION#234, station_geom#258]
            +- Project [X#243, Y#251, FID#233, DIVISION#234, LOCATION#235, PREC#236,  **org.apache.spark.sql.sedona_sql.expressions.ST_Point**   AS station_geom#258]
               +- Project [X#243, cast(Y#232 as double) AS Y#251, FID#233, DIVISION#234, LOCATION#235, PREC#236]
                  +- Project [cast(X#231 as double) AS X#243, Y#232, FID#233, DIVISION#234, LOCATION#235, PREC#236]
                     +- Relation [X#231,Y#232,FID#233,DIVISION#234,LOCATION#235,PREC#236] csv

== Optimized Logical Plan ==
Project [crime_id#151L, crime_geom#181, DIVISION#234, station_geom#258, distance_m#272, (distance_m#272 / 1000.0) AS distance_km#278]
+- Project [crime_id#151L, crime_geom#181, DIVISION#234, station_geom#258,  **org.apache.spark.sql.sedona_sql.expressions.ST_DistanceSphere**   AS distance_m#272]
   +- Join Cross, rightHint=(strategy=broadcast)
      :- Project [crime_id#151L,  **org.apache.spark.sql.sedona_sql.expressions.ST_Point**   AS crime_geom#181]
      :  +- Project [LAT#62, LON#63, monotonically_increasing_id() AS crime_id#151L]
      :     +- Filter ((isnotnull(LAT#62) AND isnotnull(LON#63)) AND (NOT (LAT#62 = 0.0) OR NOT (LON#63 = 0.0)))
      :        +- Relation [DR_NO#36,Date Rptd#37,DATE OCC#38,TIME OCC#39,AREA#40,AREA NAME#41,Rpt Dist No#42,Part 1-2#43,Crm Cd#44,Crm Cd Desc#45,Mocodes#46,Vict Age#47,Vict Sex#48,Vict Descent#49,Premis Cd#50,Premis Desc#51,Weapon Used Cd#52,Weapon Desc#53,Status#54,Status Desc#55,Crm Cd 1#56,Crm Cd 2#57,Crm Cd 3#58,Crm Cd 4#59,... 4 more fields] csv
      +- Project [DIVISION#234,  **org.apache.spark.sql.sedona_sql.expressions.ST_Point**   AS station_geom#258]
         +- Relation [X#231,Y#232,FID#233,DIVISION#234,LOCATION#235,PREC#236] csv

== Physical Plan ==
AdaptiveSparkPlan isFinalPlan=false
+- Project [crime_id#151L, crime_geom#181, DIVISION#234, station_geom#258, distance_m#272, (distance_m#272 / 1000.0) AS distance_km#278]
   +- Project [crime_id#151L, crime_geom#181, DIVISION#234, station_geom#258,  **org.apache.spark.sql.sedona_sql.expressions.ST_DistanceSphere**   AS distance_m#272]
      +- BroadcastNestedLoopJoin BuildRight, Cross
         :- Project [crime_id#151L,  **org.apache.spark.sql.sedona_sql.expressions.ST_Point**   AS crime_geom#181]
         :  +- Project [LAT#62, LON#63, monotonically_increasing_id() AS crime_id#151L]
         :     +- Filter ((isnotnull(LAT#62) AND isnotnull(LON#63)) AND (NOT (LAT#62 = 0.0) OR NOT (LON#63 = 0.0)))
         :        +- FileScan csv [LAT#62,LON#63] Batched: false, DataFilters: [isnotnull(LAT#62), isnotnull(LON#63), (NOT (LAT#62 = 0.0) OR NOT (LON#63 = 0.0))], Format: CSV, Location: InMemoryFileIndex(2 paths)[file:/data/LA_Crime_Data/LA_Crime_Data_2010_2019.csv, file:/data/LA_Cr..., PartitionFilters: [], PushedFilters: [IsNotNull(LAT), IsNotNull(LON), Or(Not(EqualTo(LAT,0.0)),Not(EqualTo(LON,0.0)))], ReadSchema: struct<LAT:double,LON:double>
         +- BroadcastExchange IdentityBroadcastMode, [plan_id=94]
            +- Project [DIVISION#234,  **org.apache.spark.sql.sedona_sql.expressions.ST_Point**   AS station_geom#258]
               +- FileScan csv [X#231,Y#232,DIVISION#234] Batched: false, DataFilters: [], Format: CSV, Location: InMemoryFileIndex(1 paths)[file:/data/LA_Police_Stations.csv], PartitionFilters: [], PushedFilters: [], ReadSchema: struct<X:double,Y:double,DIVISION:string>

=== Q4: Results (DIVISION, average_distance_km, count) ===
25/12/10 17:29:45 INFO FileSourceStrategy: Pushed Filters: IsNotNull(LAT),IsNotNull(LON),Or(Not(EqualTo(LAT,0.0)),Not(EqualTo(LON,0.0)))
25/12/10 17:29:45 INFO FileSourceStrategy: Post-Scan Filters: isnotnull(LAT#62),isnotnull(LON#63),(NOT (LAT#62 = 0.0) OR NOT (LON#63 = 0.0))
25/12/10 17:29:45 INFO FileSourceStrategy: Pushed Filters: 
25/12/10 17:29:45 INFO FileSourceStrategy: Post-Scan Filters: 
25/12/10 17:29:45 INFO MemoryStore: Block broadcast_10 stored as values in memory (estimated size 212.3 KiB, free 433.1 MiB)
25/12/10 17:29:45 INFO MemoryStore: Block broadcast_10_piece0 stored as bytes in memory (estimated size 39.2 KiB, free 433.0 MiB)
25/12/10 17:29:45 INFO BlockManagerInfo: Added broadcast_10_piece0 in memory on spark-master:34271 (size: 39.2 KiB, free: 434.2 MiB)
25/12/10 17:29:45 INFO SparkContext: Created broadcast 10 from $anonfun$withThreadLocalCaptured$1 at <unknown>:0
25/12/10 17:29:45 INFO FileSourceScanExec: Planning scan with bin packing, max size: 4194304 bytes, open cost is considered as scanning 4194304 bytes.
25/12/10 17:29:45 INFO BlockManagerInfo: Removed broadcast_6_piece0 on spark-master:34271 in memory (size: 39.3 KiB, free: 434.2 MiB)
25/12/10 17:29:45 INFO BlockManagerInfo: Removed broadcast_6_piece0 on 172.18.0.3:40703 in memory (size: 39.3 KiB, free: 4.6 GiB)
25/12/10 17:29:45 INFO SparkContext: Starting job: $anonfun$withThreadLocalCaptured$1 at <unknown>:0
25/12/10 17:29:45 INFO DAGScheduler: Got job 6 ($anonfun$withThreadLocalCaptured$1 at <unknown>:0) with 1 output partitions
25/12/10 17:29:45 INFO DAGScheduler: Final stage: ResultStage 7 ($anonfun$withThreadLocalCaptured$1 at <unknown>:0)
25/12/10 17:29:45 INFO DAGScheduler: Parents of final stage: List()
25/12/10 17:29:45 INFO DAGScheduler: Missing parents: List()
25/12/10 17:29:45 INFO DAGScheduler: Submitting ResultStage 7 (MapPartitionsRDD[29] at $anonfun$withThreadLocalCaptured$1 at <unknown>:0), which has no missing parents
25/12/10 17:29:45 INFO MemoryStore: Block broadcast_11 stored as values in memory (estimated size 22.8 KiB, free 433.2 MiB)
25/12/10 17:29:45 INFO MemoryStore: Block broadcast_11_piece0 stored as bytes in memory (estimated size 11.0 KiB, free 433.3 MiB)
25/12/10 17:29:45 INFO BlockManagerInfo: Removed broadcast_5_piece0 on spark-master:34271 in memory (size: 15.6 KiB, free: 434.2 MiB)
25/12/10 17:29:45 INFO BlockManagerInfo: Removed broadcast_5_piece0 on 172.18.0.3:34885 in memory (size: 15.6 KiB, free: 4.6 GiB)
25/12/10 17:29:45 INFO BlockManagerInfo: Added broadcast_11_piece0 in memory on spark-master:34271 (size: 11.0 KiB, free: 434.2 MiB)
25/12/10 17:29:45 INFO BlockManagerInfo: Removed broadcast_5_piece0 on 172.18.0.3:40703 in memory (size: 15.6 KiB, free: 4.6 GiB)
25/12/10 17:29:45 INFO SparkContext: Created broadcast 11 from broadcast at DAGScheduler.scala:1580
25/12/10 17:29:45 INFO DAGScheduler: Submitting 1 missing tasks from ResultStage 7 (MapPartitionsRDD[29] at $anonfun$withThreadLocalCaptured$1 at <unknown>:0) (first 15 tasks are for partitions Vector(0))
25/12/10 17:29:45 INFO TaskSchedulerImpl: Adding task set 7.0 with 1 tasks resource profile 0
25/12/10 17:29:45 INFO TaskSetManager: Starting task 0.0 in stage 7.0 (TID 13) (172.18.0.3, executor 1, partition 0, PROCESS_LOCAL, 13395 bytes) 
25/12/10 17:29:45 INFO BlockManagerInfo: Removed broadcast_2_piece0 on spark-master:34271 in memory (size: 39.3 KiB, free: 434.2 MiB)
25/12/10 17:29:45 INFO BlockManagerInfo: Removed broadcast_2_piece0 on 172.18.0.3:40703 in memory (size: 39.3 KiB, free: 4.6 GiB)
25/12/10 17:29:45 INFO BlockManagerInfo: Removed broadcast_3_piece0 on spark-master:34271 in memory (size: 6.4 KiB, free: 434.3 MiB)
25/12/10 17:29:45 INFO BlockManagerInfo: Removed broadcast_3_piece0 on 172.18.0.3:40703 in memory (size: 6.4 KiB, free: 4.6 GiB)
25/12/10 17:29:45 INFO BlockManagerInfo: Removed broadcast_8_piece0 on 172.18.0.3:40703 in memory (size: 39.3 KiB, free: 4.6 GiB)
25/12/10 17:29:45 INFO BlockManagerInfo: Removed broadcast_8_piece0 on spark-master:34271 in memory (size: 39.3 KiB, free: 434.3 MiB)
25/12/10 17:29:45 INFO BlockManagerInfo: Removed broadcast_4_piece0 on spark-master:34271 in memory (size: 39.3 KiB, free: 434.3 MiB)
25/12/10 17:29:45 INFO BlockManagerInfo: Added broadcast_11_piece0 in memory on 172.18.0.3:34885 (size: 11.0 KiB, free: 4.6 GiB)
25/12/10 17:29:45 INFO BlockManagerInfo: Removed broadcast_4_piece0 on 172.18.0.3:34885 in memory (size: 39.3 KiB, free: 4.6 GiB)
25/12/10 17:29:45 INFO BlockManagerInfo: Removed broadcast_4_piece0 on 172.18.0.3:40703 in memory (size: 39.3 KiB, free: 4.6 GiB)
25/12/10 17:29:45 INFO BlockManagerInfo: Removed broadcast_7_piece0 on spark-master:34271 in memory (size: 6.4 KiB, free: 434.3 MiB)
25/12/10 17:29:45 INFO BlockManagerInfo: Removed broadcast_7_piece0 on 172.18.0.3:40703 in memory (size: 6.4 KiB, free: 4.6 GiB)
25/12/10 17:29:45 INFO BlockManagerInfo: Removed broadcast_9_piece0 on spark-master:34271 in memory (size: 15.4 KiB, free: 434.4 MiB)
25/12/10 17:29:45 INFO BlockManagerInfo: Removed broadcast_9_piece0 on 172.18.0.3:40703 in memory (size: 15.4 KiB, free: 4.6 GiB)
25/12/10 17:29:46 INFO BlockManagerInfo: Added broadcast_10_piece0 in memory on 172.18.0.3:34885 (size: 39.2 KiB, free: 4.6 GiB)
25/12/10 17:29:46 INFO TaskSetManager: Finished task 0.0 in stage 7.0 (TID 13) in 486 ms on 172.18.0.3 (executor 1) (1/1)
25/12/10 17:29:46 INFO TaskSchedulerImpl: Removed TaskSet 7.0, whose tasks have all completed, from pool 
25/12/10 17:29:46 INFO DAGScheduler: ResultStage 7 ($anonfun$withThreadLocalCaptured$1 at <unknown>:0) finished in 0.502 s
25/12/10 17:29:46 INFO DAGScheduler: Job 6 is finished. Cancelling potential speculative or zombie tasks for this job
25/12/10 17:29:46 INFO TaskSchedulerImpl: Killing all running tasks in stage 7: Stage finished
25/12/10 17:29:46 INFO DAGScheduler: Job 6 finished: $anonfun$withThreadLocalCaptured$1 at <unknown>:0, took 0.504905 s
25/12/10 17:29:46 INFO MemoryStore: Block broadcast_12_piece0 stored as bytes in memory (estimated size 942.0 B, free 434.1 MiB)
25/12/10 17:29:46 INFO BlockManagerInfo: Added broadcast_12_piece0 in memory on spark-master:34271 (size: 942.0 B, free: 434.4 MiB)
25/12/10 17:29:46 INFO SparkContext: Created broadcast 12 from $anonfun$withThreadLocalCaptured$1 at <unknown>:0
25/12/10 17:29:46 INFO FileSourceStrategy: Pushed Filters: IsNotNull(LAT),IsNotNull(LON),Or(Not(EqualTo(LAT,0.0)),Not(EqualTo(LON,0.0)))
25/12/10 17:29:46 INFO FileSourceStrategy: Post-Scan Filters: isnotnull(LAT#62),isnotnull(LON#63),(NOT (LAT#62 = 0.0) OR NOT (LON#63 = 0.0))
25/12/10 17:29:46 INFO CodeGenerator: Code generated in 16.183958 ms
25/12/10 17:29:46 INFO CodeGenerator: Code generated in 8.474 ms
25/12/10 17:29:46 INFO CodeGenerator: Code generated in 7.017792 ms
25/12/10 17:29:46 INFO MemoryStore: Block broadcast_13 stored as values in memory (estimated size 212.3 KiB, free 433.9 MiB)
25/12/10 17:29:46 INFO MemoryStore: Block broadcast_13_piece0 stored as bytes in memory (estimated size 39.2 KiB, free 433.9 MiB)
25/12/10 17:29:46 INFO BlockManagerInfo: Added broadcast_13_piece0 in memory on spark-master:34271 (size: 39.2 KiB, free: 434.3 MiB)
25/12/10 17:29:46 INFO SparkContext: Created broadcast 13 from showString at <unknown>:0
25/12/10 17:29:46 INFO FileSourceScanExec: Planning scan with bin packing, max size: 118509402 bytes, open cost is considered as scanning 4194304 bytes.
25/12/10 17:29:46 INFO DAGScheduler: Registering RDD 38 (showString at <unknown>:0) as input to shuffle 1
25/12/10 17:29:46 INFO DAGScheduler: Got map stage job 7 (showString at <unknown>:0) with 8 output partitions
25/12/10 17:29:46 INFO DAGScheduler: Final stage: ShuffleMapStage 8 (showString at <unknown>:0)
25/12/10 17:29:46 INFO DAGScheduler: Parents of final stage: List()
25/12/10 17:29:46 INFO DAGScheduler: Missing parents: List()
25/12/10 17:29:46 INFO DAGScheduler: Submitting ShuffleMapStage 8 (MapPartitionsRDD[38] at showString at <unknown>:0), which has no missing parents
25/12/10 17:29:46 INFO MemoryStore: Block broadcast_14 stored as values in memory (estimated size 51.2 KiB, free 433.8 MiB)
25/12/10 17:29:46 INFO MemoryStore: Block broadcast_14_piece0 stored as bytes in memory (estimated size 23.3 KiB, free 433.8 MiB)
25/12/10 17:29:46 INFO BlockManagerInfo: Added broadcast_14_piece0 in memory on spark-master:34271 (size: 23.3 KiB, free: 434.3 MiB)
25/12/10 17:29:46 INFO SparkContext: Created broadcast 14 from broadcast at DAGScheduler.scala:1580
25/12/10 17:29:46 INFO DAGScheduler: Submitting 8 missing tasks from ShuffleMapStage 8 (MapPartitionsRDD[38] at showString at <unknown>:0) (first 15 tasks are for partitions Vector(0, 1, 2, 3, 4, 5, 6, 7))
25/12/10 17:29:46 INFO TaskSchedulerImpl: Adding task set 8.0 with 8 tasks resource profile 0
25/12/10 17:29:46 INFO TaskSetManager: Starting task 0.0 in stage 8.0 (TID 14) (172.18.0.3, executor 0, partition 0, PROCESS_LOCAL, 13403 bytes) 
25/12/10 17:29:46 INFO TaskSetManager: Starting task 1.0 in stage 8.0 (TID 15) (172.18.0.3, executor 1, partition 1, PROCESS_LOCAL, 13403 bytes) 
25/12/10 17:29:46 INFO TaskSetManager: Starting task 2.0 in stage 8.0 (TID 16) (172.18.0.3, executor 0, partition 2, PROCESS_LOCAL, 13403 bytes) 
25/12/10 17:29:46 INFO TaskSetManager: Starting task 3.0 in stage 8.0 (TID 17) (172.18.0.3, executor 1, partition 3, PROCESS_LOCAL, 13403 bytes) 
25/12/10 17:29:46 INFO TaskSetManager: Starting task 4.0 in stage 8.0 (TID 18) (172.18.0.3, executor 0, partition 4, PROCESS_LOCAL, 13403 bytes) 
25/12/10 17:29:46 INFO TaskSetManager: Starting task 5.0 in stage 8.0 (TID 19) (172.18.0.3, executor 1, partition 5, PROCESS_LOCAL, 13403 bytes) 
25/12/10 17:29:46 INFO TaskSetManager: Starting task 6.0 in stage 8.0 (TID 20) (172.18.0.3, executor 0, partition 6, PROCESS_LOCAL, 13403 bytes) 
25/12/10 17:29:46 INFO TaskSetManager: Starting task 7.0 in stage 8.0 (TID 21) (172.18.0.3, executor 1, partition 7, PROCESS_LOCAL, 13514 bytes) 
25/12/10 17:29:46 INFO BlockManagerInfo: Added broadcast_14_piece0 in memory on 172.18.0.3:40703 (size: 23.3 KiB, free: 4.6 GiB)
25/12/10 17:29:46 INFO BlockManagerInfo: Added broadcast_14_piece0 in memory on 172.18.0.3:34885 (size: 23.3 KiB, free: 4.6 GiB)
25/12/10 17:29:46 INFO BlockManagerInfo: Added broadcast_12_piece0 in memory on 172.18.0.3:34885 (size: 942.0 B, free: 4.6 GiB)
25/12/10 17:29:46 INFO BlockManagerInfo: Added broadcast_13_piece0 in memory on 172.18.0.3:34885 (size: 39.2 KiB, free: 4.6 GiB)
25/12/10 17:29:47 INFO BlockManagerInfo: Added broadcast_12_piece0 in memory on 172.18.0.3:40703 (size: 942.0 B, free: 4.6 GiB)
25/12/10 17:29:47 INFO BlockManagerInfo: Added broadcast_13_piece0 in memory on 172.18.0.3:40703 (size: 39.2 KiB, free: 4.6 GiB)
25/12/10 17:29:59 INFO TaskSetManager: Finished task 7.0 in stage 8.0 (TID 21) in 13326 ms on 172.18.0.3 (executor 1) (1/8)
25/12/10 17:30:00 INFO TaskSetManager: Finished task 3.0 in stage 8.0 (TID 17) in 13897 ms on 172.18.0.3 (executor 1) (2/8)
25/12/10 17:30:00 INFO TaskSetManager: Finished task 5.0 in stage 8.0 (TID 19) in 14131 ms on 172.18.0.3 (executor 1) (3/8)
25/12/10 17:30:00 INFO TaskSetManager: Finished task 1.0 in stage 8.0 (TID 15) in 14153 ms on 172.18.0.3 (executor 1) (4/8)
25/12/10 17:30:01 INFO TaskSetManager: Finished task 2.0 in stage 8.0 (TID 16) in 14780 ms on 172.18.0.3 (executor 0) (5/8)
25/12/10 17:30:01 INFO TaskSetManager: Finished task 6.0 in stage 8.0 (TID 20) in 14854 ms on 172.18.0.3 (executor 0) (6/8)
25/12/10 17:30:01 INFO TaskSetManager: Finished task 4.0 in stage 8.0 (TID 18) in 14889 ms on 172.18.0.3 (executor 0) (7/8)
25/12/10 17:30:01 INFO TaskSetManager: Finished task 0.0 in stage 8.0 (TID 14) in 15114 ms on 172.18.0.3 (executor 0) (8/8)
25/12/10 17:30:01 INFO TaskSchedulerImpl: Removed TaskSet 8.0, whose tasks have all completed, from pool 
25/12/10 17:30:01 INFO DAGScheduler: ShuffleMapStage 8 (showString at <unknown>:0) finished in 15.141 s
25/12/10 17:30:01 INFO DAGScheduler: looking for newly runnable stages
25/12/10 17:30:01 INFO DAGScheduler: running: Set()
25/12/10 17:30:01 INFO DAGScheduler: waiting: Set()
25/12/10 17:30:01 INFO DAGScheduler: failed: Set()
25/12/10 17:30:01 INFO ShufflePartitionsUtil: For shuffle(1), advisory target size: 67108864, actual target size 11174767, minimum partition size: 1048576
25/12/10 17:30:01 INFO CodeGenerator: Code generated in 59.644083 ms
25/12/10 17:30:01 INFO CodeGenerator: Code generated in 6.636709 ms
25/12/10 17:30:01 INFO DAGScheduler: Registering RDD 44 (showString at <unknown>:0) as input to shuffle 2
25/12/10 17:30:01 INFO DAGScheduler: Got map stage job 8 (showString at <unknown>:0) with 9 output partitions
25/12/10 17:30:01 INFO DAGScheduler: Final stage: ShuffleMapStage 10 (showString at <unknown>:0)
25/12/10 17:30:01 INFO DAGScheduler: Parents of final stage: List(ShuffleMapStage 9)
25/12/10 17:30:01 INFO DAGScheduler: Missing parents: List()
25/12/10 17:30:01 INFO DAGScheduler: Submitting ShuffleMapStage 10 (MapPartitionsRDD[44] at showString at <unknown>:0), which has no missing parents
25/12/10 17:30:01 INFO MemoryStore: Block broadcast_15 stored as values in memory (estimated size 72.7 KiB, free 433.7 MiB)
25/12/10 17:30:01 INFO MemoryStore: Block broadcast_15_piece0 stored as bytes in memory (estimated size 32.7 KiB, free 433.7 MiB)
25/12/10 17:30:01 INFO BlockManagerInfo: Added broadcast_15_piece0 in memory on spark-master:34271 (size: 32.7 KiB, free: 434.3 MiB)
25/12/10 17:30:01 INFO SparkContext: Created broadcast 15 from broadcast at DAGScheduler.scala:1580
25/12/10 17:30:01 INFO DAGScheduler: Submitting 9 missing tasks from ShuffleMapStage 10 (MapPartitionsRDD[44] at showString at <unknown>:0) (first 15 tasks are for partitions Vector(0, 1, 2, 3, 4, 5, 6, 7, 8))
25/12/10 17:30:01 INFO TaskSchedulerImpl: Adding task set 10.0 with 9 tasks resource profile 0
25/12/10 17:30:01 INFO TaskSetManager: Starting task 0.0 in stage 10.0 (TID 22) (172.18.0.3, executor 1, partition 0, NODE_LOCAL, 12786 bytes) 
25/12/10 17:30:01 INFO TaskSetManager: Starting task 1.0 in stage 10.0 (TID 23) (172.18.0.3, executor 0, partition 1, NODE_LOCAL, 12786 bytes) 
25/12/10 17:30:01 INFO TaskSetManager: Starting task 2.0 in stage 10.0 (TID 24) (172.18.0.3, executor 1, partition 2, NODE_LOCAL, 12786 bytes) 
25/12/10 17:30:01 INFO TaskSetManager: Starting task 3.0 in stage 10.0 (TID 25) (172.18.0.3, executor 0, partition 3, NODE_LOCAL, 12786 bytes) 
25/12/10 17:30:01 INFO TaskSetManager: Starting task 4.0 in stage 10.0 (TID 26) (172.18.0.3, executor 1, partition 4, NODE_LOCAL, 12786 bytes) 
25/12/10 17:30:01 INFO TaskSetManager: Starting task 5.0 in stage 10.0 (TID 27) (172.18.0.3, executor 0, partition 5, NODE_LOCAL, 12786 bytes) 
25/12/10 17:30:01 INFO TaskSetManager: Starting task 6.0 in stage 10.0 (TID 28) (172.18.0.3, executor 1, partition 6, NODE_LOCAL, 12786 bytes) 
25/12/10 17:30:01 INFO TaskSetManager: Starting task 7.0 in stage 10.0 (TID 29) (172.18.0.3, executor 0, partition 7, NODE_LOCAL, 12786 bytes) 
25/12/10 17:30:01 INFO BlockManagerInfo: Added broadcast_15_piece0 in memory on 172.18.0.3:34885 (size: 32.7 KiB, free: 4.6 GiB)
25/12/10 17:30:01 INFO BlockManagerInfo: Added broadcast_15_piece0 in memory on 172.18.0.3:40703 (size: 32.7 KiB, free: 4.6 GiB)
25/12/10 17:30:01 INFO MapOutputTrackerMasterEndpoint: Asked to send map output locations for shuffle 1 to 172.18.0.3:55398
25/12/10 17:30:01 INFO MapOutputTrackerMasterEndpoint: Asked to send map output locations for shuffle 1 to 172.18.0.3:55396
25/12/10 17:30:02 INFO TaskSetManager: Starting task 8.0 in stage 10.0 (TID 30) (172.18.0.3, executor 1, partition 8, NODE_LOCAL, 12786 bytes) 
25/12/10 17:30:02 INFO TaskSetManager: Finished task 4.0 in stage 10.0 (TID 26) in 1142 ms on 172.18.0.3 (executor 1) (1/9)
25/12/10 17:30:03 INFO TaskSetManager: Finished task 3.0 in stage 10.0 (TID 25) in 1187 ms on 172.18.0.3 (executor 0) (2/9)
25/12/10 17:30:03 INFO TaskSetManager: Finished task 2.0 in stage 10.0 (TID 24) in 1252 ms on 172.18.0.3 (executor 1) (3/9)
25/12/10 17:30:03 INFO TaskSetManager: Finished task 0.0 in stage 10.0 (TID 22) in 1291 ms on 172.18.0.3 (executor 1) (4/9)
25/12/10 17:30:03 INFO TaskSetManager: Finished task 6.0 in stage 10.0 (TID 28) in 1290 ms on 172.18.0.3 (executor 1) (5/9)
25/12/10 17:30:03 INFO TaskSetManager: Finished task 5.0 in stage 10.0 (TID 27) in 1305 ms on 172.18.0.3 (executor 0) (6/9)
25/12/10 17:30:03 INFO TaskSetManager: Finished task 1.0 in stage 10.0 (TID 23) in 1316 ms on 172.18.0.3 (executor 0) (7/9)
25/12/10 17:30:03 INFO TaskSetManager: Finished task 7.0 in stage 10.0 (TID 29) in 1361 ms on 172.18.0.3 (executor 0) (8/9)
25/12/10 17:30:03 INFO TaskSetManager: Finished task 8.0 in stage 10.0 (TID 30) in 279 ms on 172.18.0.3 (executor 1) (9/9)
25/12/10 17:30:03 INFO TaskSchedulerImpl: Removed TaskSet 10.0, whose tasks have all completed, from pool 
25/12/10 17:30:03 INFO DAGScheduler: ShuffleMapStage 10 (showString at <unknown>:0) finished in 1.432 s
25/12/10 17:30:03 INFO DAGScheduler: looking for newly runnable stages
25/12/10 17:30:03 INFO DAGScheduler: running: Set()
25/12/10 17:30:03 INFO DAGScheduler: waiting: Set()
25/12/10 17:30:03 INFO DAGScheduler: failed: Set()
25/12/10 17:30:03 INFO ShufflePartitionsUtil: For shuffle(2), advisory target size: 67108864, actual target size 1048576, minimum partition size: 1048576
25/12/10 17:30:03 INFO CodeGenerator: Code generated in 14.827709 ms
25/12/10 17:30:03 INFO HashAggregateExec: spark.sql.codegen.aggregate.map.twolevel.enabled is set to true, but current version of codegened fast hashmap does not support this aggregate.
25/12/10 17:30:03 INFO CodeGenerator: Code generated in 11.682792 ms
25/12/10 17:30:03 INFO SparkContext: Starting job: showString at <unknown>:0
25/12/10 17:30:03 INFO DAGScheduler: Got job 9 (showString at <unknown>:0) with 1 output partitions
25/12/10 17:30:03 INFO DAGScheduler: Final stage: ResultStage 13 (showString at <unknown>:0)
25/12/10 17:30:03 INFO DAGScheduler: Parents of final stage: List(ShuffleMapStage 12)
25/12/10 17:30:03 INFO DAGScheduler: Missing parents: List()
25/12/10 17:30:03 INFO DAGScheduler: Submitting ResultStage 13 (MapPartitionsRDD[48] at showString at <unknown>:0), which has no missing parents
25/12/10 17:30:03 INFO MemoryStore: Block broadcast_16 stored as values in memory (estimated size 71.6 KiB, free 433.6 MiB)
25/12/10 17:30:03 INFO MemoryStore: Block broadcast_16_piece0 stored as bytes in memory (estimated size 31.6 KiB, free 433.6 MiB)
25/12/10 17:30:03 INFO BlockManagerInfo: Added broadcast_16_piece0 in memory on spark-master:34271 (size: 31.6 KiB, free: 434.2 MiB)
25/12/10 17:30:03 INFO SparkContext: Created broadcast 16 from broadcast at DAGScheduler.scala:1580
25/12/10 17:30:03 INFO DAGScheduler: Submitting 1 missing tasks from ResultStage 13 (MapPartitionsRDD[48] at showString at <unknown>:0) (first 15 tasks are for partitions Vector(0))
25/12/10 17:30:03 INFO TaskSchedulerImpl: Adding task set 13.0 with 1 tasks resource profile 0
25/12/10 17:30:03 INFO TaskSetManager: Starting task 0.0 in stage 13.0 (TID 31) (172.18.0.3, executor 1, partition 0, NODE_LOCAL, 12797 bytes) 
25/12/10 17:30:03 INFO BlockManagerInfo: Added broadcast_16_piece0 in memory on 172.18.0.3:34885 (size: 31.6 KiB, free: 4.6 GiB)
25/12/10 17:30:03 INFO MapOutputTrackerMasterEndpoint: Asked to send map output locations for shuffle 2 to 172.18.0.3:55396
25/12/10 17:30:03 INFO TaskSetManager: Finished task 0.0 in stage 13.0 (TID 31) in 68 ms on 172.18.0.3 (executor 1) (1/1)
25/12/10 17:30:03 INFO TaskSchedulerImpl: Removed TaskSet 13.0, whose tasks have all completed, from pool 
25/12/10 17:30:03 INFO DAGScheduler: ResultStage 13 (showString at <unknown>:0) finished in 0.077 s
25/12/10 17:30:03 INFO DAGScheduler: Job 9 is finished. Cancelling potential speculative or zombie tasks for this job
25/12/10 17:30:03 INFO TaskSchedulerImpl: Killing all running tasks in stage 13: Stage finished
25/12/10 17:30:03 INFO DAGScheduler: Job 9 finished: showString at <unknown>:0, took 0.080916 s
25/12/10 17:30:03 INFO CodeGenerator: Code generated in 6.161959 ms
25/12/10 17:30:03 INFO CodeGenerator: Code generated in 12.919542 ms
+----------------+-------------------+------+
|DIVISION        |average_distance_km|count |
+----------------+-------------------+------+
|HOLLYWOOD       |2.0765095103355318 |225515|
|VAN NUYS        |2.9533967178794236 |211130|
|SOUTHWEST       |2.191496853863339  |189565|
|WILSHIRE        |2.5927409026068258 |187061|
|77TH STREET     |1.716945843284772  |172558|
|OLYMPIC         |1.7253580111582578 |172353|
|NORTH HOLLYWOOD |2.6431706580482452 |168655|
|PACIFIC         |3.8533669644567765 |162514|
|CENTRAL         |0.993214258367341  |154952|
|SOUTHEAST       |2.422498909331953  |153746|
|RAMPART         |1.53548861024568   |153690|
|TOPANGA         |3.2977112741475185 |141070|
|WEST VALLEY     |3.0387814764536585 |139820|
|FOOTHILL        |4.2514536077941205 |135381|
|HARBOR          |3.702449955863096  |127370|
|HOLLENBECK      |2.6774688986825637 |116558|
|WEST LOS ANGELES|2.7897566449901148 |116308|
|NEWTON          |1.635000966015129  |111628|
|NORTHEAST       |3.622617940070779  |108549|
|MISSION         |3.6845241291302853 |105331|
+----------------+-------------------+------+
only showing top 20 rows

Q4 runtime (realistic distances): instances=2, cores=4, memory=8g -> 23.16 sec
25/12/10 17:30:03 INFO SparkContext: SparkContext is stopping with exitCode 0.
25/12/10 17:30:03 INFO SparkUI: Stopped Spark web UI at http://spark-master:4040
25/12/10 17:30:03 INFO StandaloneSchedulerBackend: Shutting down all executors
25/12/10 17:30:03 INFO StandaloneSchedulerBackend$StandaloneDriverEndpoint: Asking each executor to shut down
25/12/10 17:30:03 INFO MapOutputTrackerMasterEndpoint: MapOutputTrackerMasterEndpoint stopped!
25/12/10 17:30:03 INFO MemoryStore: MemoryStore cleared
25/12/10 17:30:03 INFO BlockManager: BlockManager stopped
25/12/10 17:30:03 INFO BlockManagerMaster: BlockManagerMaster stopped
25/12/10 17:30:03 INFO OutputCommitCoordinator$OutputCommitCoordinatorEndpoint: OutputCommitCoordinator stopped!
25/12/10 17:30:03 INFO SparkContext: Successfully stopped SparkContext
25/12/10 17:30:04 INFO ShutdownHookManager: Shutdown hook called
25/12/10 17:30:04 INFO ShutdownHookManager: Deleting directory /tmp/spark-d30ddf6a-fbc8-482c-9bb8-b65bfa0fbf4f
25/12/10 17:30:04 INFO ShutdownHookManager: Deleting directory /tmp/spark-1ab673fe-726e-4bd5-851a-b01b3ecf0503/pyspark-d2fce640-ec6d-41e1-92d3-93142aa806c5
25/12/10 17:30:04 INFO ShutdownHookManager: Deleting directory /tmp/spark-1ab673fe-726e-4bd5-851a-b01b3ecf0503
