:: loading settings :: url = jar:file:/opt/spark/jars/ivy-2.5.1.jar!/org/apache/ivy/core/settings/ivysettings.xml
Ivy Default Cache set to: /root/.ivy2/cache
The jars for the packages stored in: /root/.ivy2/jars
org.apache.sedona#sedona-spark-3.5_2.12 added as a dependency
org.datasyslab#geotools-wrapper added as a dependency
:: resolving dependencies :: org.apache.spark#spark-submit-parent-f40f87dd-f1c9-41ff-9704-16bee1c5b9c3;1.0
	confs: [default]
	found org.apache.sedona#sedona-spark-3.5_2.12;1.8.0 in central
	found org.apache.sedona#sedona-common;1.8.0 in central
	found org.apache.commons#commons-math3;3.6.1 in central
	found org.locationtech.jts#jts-core;1.20.0 in central
	found org.wololo#jts2geojson;0.16.1 in central
	found org.locationtech.spatial4j#spatial4j;0.8 in central
	found org.datasyslab#s2-geometry-library;20250620-rc1 in central
	found com.google.errorprone#error_prone_annotations;2.19.1 in central
	found com.google.guava#guava;33.4.7-jre in central
	found com.google.guava#failureaccess;1.0.3 in central
	found com.google.guava#listenablefuture;9999.0-empty-to-avoid-conflict-with-guava in central
	found org.jspecify#jspecify;1.0.0 in central
	found com.google.j2objc#j2objc-annotations;3.0.0 in central
	found com.google.jsinterop#jsinterop-annotations;2.0.0 in central
	found it.unimi.dsi#fastutil;8.5.15 in central
	found com.uber#h3;4.1.1 in central
	found net.sf.geographiclib#GeographicLib-Java;1.52 in central
	found com.github.ben-manes.caffeine#caffeine;2.9.2 in central
	found org.checkerframework#checker-qual;3.10.0 in central
	found org.apache.sedona#sedona-spark-common-3.5_2.12;1.8.0 in central
	found org.apache.sedona#shade-proto;1.8.0 in central
	found org.xerial#sqlite-jdbc;3.41.2.2 in central
	found io.graphframes#graphframes-spark3_2.12;0.9.2 in central
	found org.scala-lang.modules#scala-collection-compat_2.12;2.5.0 in central
	found org.beryx#awt-color-factory;1.0.0 in central
	found com.wherobots#jpostal;1.2.2 in central
	found org.datasyslab#geotools-wrapper;1.8.0-33.1 in central
:: resolution report :: resolve 327ms :: artifacts dl 12ms
	:: modules in use:
	com.github.ben-manes.caffeine#caffeine;2.9.2 from central in [default]
	com.google.errorprone#error_prone_annotations;2.19.1 from central in [default]
	com.google.guava#failureaccess;1.0.3 from central in [default]
	com.google.guava#guava;33.4.7-jre from central in [default]
	com.google.guava#listenablefuture;9999.0-empty-to-avoid-conflict-with-guava from central in [default]
	com.google.j2objc#j2objc-annotations;3.0.0 from central in [default]
	com.google.jsinterop#jsinterop-annotations;2.0.0 from central in [default]
	com.uber#h3;4.1.1 from central in [default]
	com.wherobots#jpostal;1.2.2 from central in [default]
	io.graphframes#graphframes-spark3_2.12;0.9.2 from central in [default]
	it.unimi.dsi#fastutil;8.5.15 from central in [default]
	net.sf.geographiclib#GeographicLib-Java;1.52 from central in [default]
	org.apache.commons#commons-math3;3.6.1 from central in [default]
	org.apache.sedona#sedona-common;1.8.0 from central in [default]
	org.apache.sedona#sedona-spark-3.5_2.12;1.8.0 from central in [default]
	org.apache.sedona#sedona-spark-common-3.5_2.12;1.8.0 from central in [default]
	org.apache.sedona#shade-proto;1.8.0 from central in [default]
	org.beryx#awt-color-factory;1.0.0 from central in [default]
	org.checkerframework#checker-qual;3.10.0 from central in [default]
	org.datasyslab#geotools-wrapper;1.8.0-33.1 from central in [default]
	org.datasyslab#s2-geometry-library;20250620-rc1 from central in [default]
	org.jspecify#jspecify;1.0.0 from central in [default]
	org.locationtech.jts#jts-core;1.20.0 from central in [default]
	org.locationtech.spatial4j#spatial4j;0.8 from central in [default]
	org.scala-lang.modules#scala-collection-compat_2.12;2.5.0 from central in [default]
	org.wololo#jts2geojson;0.16.1 from central in [default]
	org.xerial#sqlite-jdbc;3.41.2.2 from central in [default]
	:: evicted modules:
	com.google.errorprone#error_prone_annotations;2.36.0 by [com.google.errorprone#error_prone_annotations;2.19.1] in [default]
	com.google.errorprone#error_prone_annotations;2.5.1 by [com.google.errorprone#error_prone_annotations;2.19.1] in [default]
	---------------------------------------------------------------------
	|                  |            modules            ||   artifacts   |
	|       conf       | number| search|dwnlded|evicted|| number|dwnlded|
	---------------------------------------------------------------------
	|      default     |   29  |   0   |   0   |   2   ||   27  |   0   |
	---------------------------------------------------------------------
:: retrieving :: org.apache.spark#spark-submit-parent-f40f87dd-f1c9-41ff-9704-16bee1c5b9c3
	confs: [default]
	0 artifacts copied, 27 already retrieved (0kB/7ms)
25/12/10 17:28:54 WARN NativeCodeLoader: Unable to load native-hadoop library for your platform... using builtin-java classes where applicable
/app/src/q4.py:6: DeprecationWarning: Importing from 'sedona.register' is deprecated. Please use 'sedona.spark.register.geo_registrator' instead.
  from sedona.register import SedonaRegistrator
25/12/10 17:28:54 INFO SparkContext: Running Spark version 3.5.0
25/12/10 17:28:54 INFO SparkContext: OS info Linux, 6.12.54-linuxkit, aarch64
25/12/10 17:28:54 INFO SparkContext: Java version 11.0.20.1
25/12/10 17:28:54 INFO ResourceUtils: ==============================================================
25/12/10 17:28:54 INFO ResourceUtils: No custom resources configured for spark.driver.
25/12/10 17:28:54 INFO ResourceUtils: ==============================================================
25/12/10 17:28:54 INFO SparkContext: Submitted application: advdb-q4-sedona
25/12/10 17:28:54 INFO ResourceProfile: Default ResourceProfile created, executor resources: Map(cores -> name: cores, amount: 2, script: , vendor: , memory -> name: memory, amount: 4096, script: , vendor: , offHeap -> name: offHeap, amount: 0, script: , vendor: ), task resources: Map(cpus -> name: cpus, amount: 1.0)
25/12/10 17:28:54 INFO ResourceProfile: Limiting resource is cpus at 2 tasks per executor
25/12/10 17:28:54 INFO ResourceProfileManager: Added ResourceProfile id: 0
25/12/10 17:28:55 INFO SecurityManager: Changing view acls to: root
25/12/10 17:28:55 INFO SecurityManager: Changing modify acls to: root
25/12/10 17:28:55 INFO SecurityManager: Changing view acls groups to: 
25/12/10 17:28:55 INFO SecurityManager: Changing modify acls groups to: 
25/12/10 17:28:55 INFO SecurityManager: SecurityManager: authentication disabled; ui acls disabled; users with view permissions: root; groups with view permissions: EMPTY; users with modify permissions: root; groups with modify permissions: EMPTY
25/12/10 17:28:55 INFO Utils: Successfully started service 'sparkDriver' on port 43847.
25/12/10 17:28:55 INFO SparkEnv: Registering MapOutputTracker
25/12/10 17:28:55 INFO SparkEnv: Registering BlockManagerMaster
25/12/10 17:28:55 INFO BlockManagerMasterEndpoint: Using org.apache.spark.storage.DefaultTopologyMapper for getting topology information
25/12/10 17:28:55 INFO BlockManagerMasterEndpoint: BlockManagerMasterEndpoint up
25/12/10 17:28:55 INFO SparkEnv: Registering BlockManagerMasterHeartbeat
25/12/10 17:28:55 INFO DiskBlockManager: Created local directory at /tmp/blockmgr-9b9b2c72-c3ac-4c39-b288-766c083c98ae
25/12/10 17:28:55 INFO MemoryStore: MemoryStore started with capacity 434.4 MiB
25/12/10 17:28:55 INFO SparkEnv: Registering OutputCommitCoordinator
25/12/10 17:28:55 INFO JettyUtils: Start Jetty 0.0.0.0:4040 for SparkUI
25/12/10 17:28:55 INFO Utils: Successfully started service 'SparkUI' on port 4040.
25/12/10 17:28:55 INFO SparkContext: Added JAR file:///root/.ivy2/jars/org.apache.sedona_sedona-spark-3.5_2.12-1.8.0.jar at spark://spark-master:43847/jars/org.apache.sedona_sedona-spark-3.5_2.12-1.8.0.jar with timestamp 1765387734931
25/12/10 17:28:55 INFO SparkContext: Added JAR file:///root/.ivy2/jars/org.datasyslab_geotools-wrapper-1.8.0-33.1.jar at spark://spark-master:43847/jars/org.datasyslab_geotools-wrapper-1.8.0-33.1.jar with timestamp 1765387734931
25/12/10 17:28:55 INFO SparkContext: Added JAR file:///root/.ivy2/jars/org.apache.sedona_sedona-common-1.8.0.jar at spark://spark-master:43847/jars/org.apache.sedona_sedona-common-1.8.0.jar with timestamp 1765387734931
25/12/10 17:28:55 INFO SparkContext: Added JAR file:///root/.ivy2/jars/org.apache.sedona_sedona-spark-common-3.5_2.12-1.8.0.jar at spark://spark-master:43847/jars/org.apache.sedona_sedona-spark-common-3.5_2.12-1.8.0.jar with timestamp 1765387734931
25/12/10 17:28:55 INFO SparkContext: Added JAR file:///root/.ivy2/jars/org.locationtech.jts_jts-core-1.20.0.jar at spark://spark-master:43847/jars/org.locationtech.jts_jts-core-1.20.0.jar with timestamp 1765387734931
25/12/10 17:28:55 INFO SparkContext: Added JAR file:///root/.ivy2/jars/org.wololo_jts2geojson-0.16.1.jar at spark://spark-master:43847/jars/org.wololo_jts2geojson-0.16.1.jar with timestamp 1765387734931
25/12/10 17:28:55 INFO SparkContext: Added JAR file:///root/.ivy2/jars/org.scala-lang.modules_scala-collection-compat_2.12-2.5.0.jar at spark://spark-master:43847/jars/org.scala-lang.modules_scala-collection-compat_2.12-2.5.0.jar with timestamp 1765387734931
25/12/10 17:28:55 INFO SparkContext: Added JAR file:///root/.ivy2/jars/org.apache.commons_commons-math3-3.6.1.jar at spark://spark-master:43847/jars/org.apache.commons_commons-math3-3.6.1.jar with timestamp 1765387734931
25/12/10 17:28:55 INFO SparkContext: Added JAR file:///root/.ivy2/jars/org.locationtech.spatial4j_spatial4j-0.8.jar at spark://spark-master:43847/jars/org.locationtech.spatial4j_spatial4j-0.8.jar with timestamp 1765387734931
25/12/10 17:28:55 INFO SparkContext: Added JAR file:///root/.ivy2/jars/org.datasyslab_s2-geometry-library-20250620-rc1.jar at spark://spark-master:43847/jars/org.datasyslab_s2-geometry-library-20250620-rc1.jar with timestamp 1765387734931
25/12/10 17:28:55 INFO SparkContext: Added JAR file:///root/.ivy2/jars/com.uber_h3-4.1.1.jar at spark://spark-master:43847/jars/com.uber_h3-4.1.1.jar with timestamp 1765387734931
25/12/10 17:28:55 INFO SparkContext: Added JAR file:///root/.ivy2/jars/net.sf.geographiclib_GeographicLib-Java-1.52.jar at spark://spark-master:43847/jars/net.sf.geographiclib_GeographicLib-Java-1.52.jar with timestamp 1765387734931
25/12/10 17:28:55 INFO SparkContext: Added JAR file:///root/.ivy2/jars/com.github.ben-manes.caffeine_caffeine-2.9.2.jar at spark://spark-master:43847/jars/com.github.ben-manes.caffeine_caffeine-2.9.2.jar with timestamp 1765387734931
25/12/10 17:28:55 INFO SparkContext: Added JAR file:///root/.ivy2/jars/com.google.errorprone_error_prone_annotations-2.19.1.jar at spark://spark-master:43847/jars/com.google.errorprone_error_prone_annotations-2.19.1.jar with timestamp 1765387734931
25/12/10 17:28:55 INFO SparkContext: Added JAR file:///root/.ivy2/jars/com.google.guava_guava-33.4.7-jre.jar at spark://spark-master:43847/jars/com.google.guava_guava-33.4.7-jre.jar with timestamp 1765387734931
25/12/10 17:28:55 INFO SparkContext: Added JAR file:///root/.ivy2/jars/com.google.jsinterop_jsinterop-annotations-2.0.0.jar at spark://spark-master:43847/jars/com.google.jsinterop_jsinterop-annotations-2.0.0.jar with timestamp 1765387734931
25/12/10 17:28:55 INFO SparkContext: Added JAR file:///root/.ivy2/jars/it.unimi.dsi_fastutil-8.5.15.jar at spark://spark-master:43847/jars/it.unimi.dsi_fastutil-8.5.15.jar with timestamp 1765387734931
25/12/10 17:28:55 INFO SparkContext: Added JAR file:///root/.ivy2/jars/com.google.guava_failureaccess-1.0.3.jar at spark://spark-master:43847/jars/com.google.guava_failureaccess-1.0.3.jar with timestamp 1765387734931
25/12/10 17:28:55 INFO SparkContext: Added JAR file:///root/.ivy2/jars/com.google.guava_listenablefuture-9999.0-empty-to-avoid-conflict-with-guava.jar at spark://spark-master:43847/jars/com.google.guava_listenablefuture-9999.0-empty-to-avoid-conflict-with-guava.jar with timestamp 1765387734931
25/12/10 17:28:55 INFO SparkContext: Added JAR file:///root/.ivy2/jars/org.jspecify_jspecify-1.0.0.jar at spark://spark-master:43847/jars/org.jspecify_jspecify-1.0.0.jar with timestamp 1765387734931
25/12/10 17:28:55 INFO SparkContext: Added JAR file:///root/.ivy2/jars/com.google.j2objc_j2objc-annotations-3.0.0.jar at spark://spark-master:43847/jars/com.google.j2objc_j2objc-annotations-3.0.0.jar with timestamp 1765387734931
25/12/10 17:28:55 INFO SparkContext: Added JAR file:///root/.ivy2/jars/org.checkerframework_checker-qual-3.10.0.jar at spark://spark-master:43847/jars/org.checkerframework_checker-qual-3.10.0.jar with timestamp 1765387734931
25/12/10 17:28:55 INFO SparkContext: Added JAR file:///root/.ivy2/jars/org.apache.sedona_shade-proto-1.8.0-shaded.jar at spark://spark-master:43847/jars/org.apache.sedona_shade-proto-1.8.0-shaded.jar with timestamp 1765387734931
25/12/10 17:28:55 INFO SparkContext: Added JAR file:///root/.ivy2/jars/org.xerial_sqlite-jdbc-3.41.2.2.jar at spark://spark-master:43847/jars/org.xerial_sqlite-jdbc-3.41.2.2.jar with timestamp 1765387734931
25/12/10 17:28:55 INFO SparkContext: Added JAR file:///root/.ivy2/jars/io.graphframes_graphframes-spark3_2.12-0.9.2.jar at spark://spark-master:43847/jars/io.graphframes_graphframes-spark3_2.12-0.9.2.jar with timestamp 1765387734931
25/12/10 17:28:55 INFO SparkContext: Added JAR file:///root/.ivy2/jars/org.beryx_awt-color-factory-1.0.0.jar at spark://spark-master:43847/jars/org.beryx_awt-color-factory-1.0.0.jar with timestamp 1765387734931
25/12/10 17:28:55 INFO SparkContext: Added JAR file:///root/.ivy2/jars/com.wherobots_jpostal-1.2.2.jar at spark://spark-master:43847/jars/com.wherobots_jpostal-1.2.2.jar with timestamp 1765387734931
25/12/10 17:28:55 INFO SparkContext: Added file file:///root/.ivy2/jars/org.apache.sedona_sedona-spark-3.5_2.12-1.8.0.jar at spark://spark-master:43847/files/org.apache.sedona_sedona-spark-3.5_2.12-1.8.0.jar with timestamp 1765387734931
25/12/10 17:28:55 INFO Utils: Copying /root/.ivy2/jars/org.apache.sedona_sedona-spark-3.5_2.12-1.8.0.jar to /tmp/spark-2f255e65-3ca1-4d2f-a256-29ee9405d533/userFiles-1d49a182-a3cd-4d5e-b539-9eb8509d3b24/org.apache.sedona_sedona-spark-3.5_2.12-1.8.0.jar
25/12/10 17:28:55 INFO SparkContext: Added file file:///root/.ivy2/jars/org.datasyslab_geotools-wrapper-1.8.0-33.1.jar at spark://spark-master:43847/files/org.datasyslab_geotools-wrapper-1.8.0-33.1.jar with timestamp 1765387734931
25/12/10 17:28:55 INFO Utils: Copying /root/.ivy2/jars/org.datasyslab_geotools-wrapper-1.8.0-33.1.jar to /tmp/spark-2f255e65-3ca1-4d2f-a256-29ee9405d533/userFiles-1d49a182-a3cd-4d5e-b539-9eb8509d3b24/org.datasyslab_geotools-wrapper-1.8.0-33.1.jar
25/12/10 17:28:55 INFO SparkContext: Added file file:///root/.ivy2/jars/org.apache.sedona_sedona-common-1.8.0.jar at spark://spark-master:43847/files/org.apache.sedona_sedona-common-1.8.0.jar with timestamp 1765387734931
25/12/10 17:28:55 INFO Utils: Copying /root/.ivy2/jars/org.apache.sedona_sedona-common-1.8.0.jar to /tmp/spark-2f255e65-3ca1-4d2f-a256-29ee9405d533/userFiles-1d49a182-a3cd-4d5e-b539-9eb8509d3b24/org.apache.sedona_sedona-common-1.8.0.jar
25/12/10 17:28:55 INFO SparkContext: Added file file:///root/.ivy2/jars/org.apache.sedona_sedona-spark-common-3.5_2.12-1.8.0.jar at spark://spark-master:43847/files/org.apache.sedona_sedona-spark-common-3.5_2.12-1.8.0.jar with timestamp 1765387734931
25/12/10 17:28:55 INFO Utils: Copying /root/.ivy2/jars/org.apache.sedona_sedona-spark-common-3.5_2.12-1.8.0.jar to /tmp/spark-2f255e65-3ca1-4d2f-a256-29ee9405d533/userFiles-1d49a182-a3cd-4d5e-b539-9eb8509d3b24/org.apache.sedona_sedona-spark-common-3.5_2.12-1.8.0.jar
25/12/10 17:28:55 INFO SparkContext: Added file file:///root/.ivy2/jars/org.locationtech.jts_jts-core-1.20.0.jar at spark://spark-master:43847/files/org.locationtech.jts_jts-core-1.20.0.jar with timestamp 1765387734931
25/12/10 17:28:55 INFO Utils: Copying /root/.ivy2/jars/org.locationtech.jts_jts-core-1.20.0.jar to /tmp/spark-2f255e65-3ca1-4d2f-a256-29ee9405d533/userFiles-1d49a182-a3cd-4d5e-b539-9eb8509d3b24/org.locationtech.jts_jts-core-1.20.0.jar
25/12/10 17:28:55 INFO SparkContext: Added file file:///root/.ivy2/jars/org.wololo_jts2geojson-0.16.1.jar at spark://spark-master:43847/files/org.wololo_jts2geojson-0.16.1.jar with timestamp 1765387734931
25/12/10 17:28:55 INFO Utils: Copying /root/.ivy2/jars/org.wololo_jts2geojson-0.16.1.jar to /tmp/spark-2f255e65-3ca1-4d2f-a256-29ee9405d533/userFiles-1d49a182-a3cd-4d5e-b539-9eb8509d3b24/org.wololo_jts2geojson-0.16.1.jar
25/12/10 17:28:55 INFO SparkContext: Added file file:///root/.ivy2/jars/org.scala-lang.modules_scala-collection-compat_2.12-2.5.0.jar at spark://spark-master:43847/files/org.scala-lang.modules_scala-collection-compat_2.12-2.5.0.jar with timestamp 1765387734931
25/12/10 17:28:55 INFO Utils: Copying /root/.ivy2/jars/org.scala-lang.modules_scala-collection-compat_2.12-2.5.0.jar to /tmp/spark-2f255e65-3ca1-4d2f-a256-29ee9405d533/userFiles-1d49a182-a3cd-4d5e-b539-9eb8509d3b24/org.scala-lang.modules_scala-collection-compat_2.12-2.5.0.jar
25/12/10 17:28:55 INFO SparkContext: Added file file:///root/.ivy2/jars/org.apache.commons_commons-math3-3.6.1.jar at spark://spark-master:43847/files/org.apache.commons_commons-math3-3.6.1.jar with timestamp 1765387734931
25/12/10 17:28:55 INFO Utils: Copying /root/.ivy2/jars/org.apache.commons_commons-math3-3.6.1.jar to /tmp/spark-2f255e65-3ca1-4d2f-a256-29ee9405d533/userFiles-1d49a182-a3cd-4d5e-b539-9eb8509d3b24/org.apache.commons_commons-math3-3.6.1.jar
25/12/10 17:28:55 INFO SparkContext: Added file file:///root/.ivy2/jars/org.locationtech.spatial4j_spatial4j-0.8.jar at spark://spark-master:43847/files/org.locationtech.spatial4j_spatial4j-0.8.jar with timestamp 1765387734931
25/12/10 17:28:55 INFO Utils: Copying /root/.ivy2/jars/org.locationtech.spatial4j_spatial4j-0.8.jar to /tmp/spark-2f255e65-3ca1-4d2f-a256-29ee9405d533/userFiles-1d49a182-a3cd-4d5e-b539-9eb8509d3b24/org.locationtech.spatial4j_spatial4j-0.8.jar
25/12/10 17:28:55 INFO SparkContext: Added file file:///root/.ivy2/jars/org.datasyslab_s2-geometry-library-20250620-rc1.jar at spark://spark-master:43847/files/org.datasyslab_s2-geometry-library-20250620-rc1.jar with timestamp 1765387734931
25/12/10 17:28:55 INFO Utils: Copying /root/.ivy2/jars/org.datasyslab_s2-geometry-library-20250620-rc1.jar to /tmp/spark-2f255e65-3ca1-4d2f-a256-29ee9405d533/userFiles-1d49a182-a3cd-4d5e-b539-9eb8509d3b24/org.datasyslab_s2-geometry-library-20250620-rc1.jar
25/12/10 17:28:55 INFO SparkContext: Added file file:///root/.ivy2/jars/com.uber_h3-4.1.1.jar at spark://spark-master:43847/files/com.uber_h3-4.1.1.jar with timestamp 1765387734931
25/12/10 17:28:55 INFO Utils: Copying /root/.ivy2/jars/com.uber_h3-4.1.1.jar to /tmp/spark-2f255e65-3ca1-4d2f-a256-29ee9405d533/userFiles-1d49a182-a3cd-4d5e-b539-9eb8509d3b24/com.uber_h3-4.1.1.jar
25/12/10 17:28:55 INFO SparkContext: Added file file:///root/.ivy2/jars/net.sf.geographiclib_GeographicLib-Java-1.52.jar at spark://spark-master:43847/files/net.sf.geographiclib_GeographicLib-Java-1.52.jar with timestamp 1765387734931
25/12/10 17:28:55 INFO Utils: Copying /root/.ivy2/jars/net.sf.geographiclib_GeographicLib-Java-1.52.jar to /tmp/spark-2f255e65-3ca1-4d2f-a256-29ee9405d533/userFiles-1d49a182-a3cd-4d5e-b539-9eb8509d3b24/net.sf.geographiclib_GeographicLib-Java-1.52.jar
25/12/10 17:28:55 INFO SparkContext: Added file file:///root/.ivy2/jars/com.github.ben-manes.caffeine_caffeine-2.9.2.jar at spark://spark-master:43847/files/com.github.ben-manes.caffeine_caffeine-2.9.2.jar with timestamp 1765387734931
25/12/10 17:28:55 INFO Utils: Copying /root/.ivy2/jars/com.github.ben-manes.caffeine_caffeine-2.9.2.jar to /tmp/spark-2f255e65-3ca1-4d2f-a256-29ee9405d533/userFiles-1d49a182-a3cd-4d5e-b539-9eb8509d3b24/com.github.ben-manes.caffeine_caffeine-2.9.2.jar
25/12/10 17:28:55 INFO SparkContext: Added file file:///root/.ivy2/jars/com.google.errorprone_error_prone_annotations-2.19.1.jar at spark://spark-master:43847/files/com.google.errorprone_error_prone_annotations-2.19.1.jar with timestamp 1765387734931
25/12/10 17:28:55 INFO Utils: Copying /root/.ivy2/jars/com.google.errorprone_error_prone_annotations-2.19.1.jar to /tmp/spark-2f255e65-3ca1-4d2f-a256-29ee9405d533/userFiles-1d49a182-a3cd-4d5e-b539-9eb8509d3b24/com.google.errorprone_error_prone_annotations-2.19.1.jar
25/12/10 17:28:55 INFO SparkContext: Added file file:///root/.ivy2/jars/com.google.guava_guava-33.4.7-jre.jar at spark://spark-master:43847/files/com.google.guava_guava-33.4.7-jre.jar with timestamp 1765387734931
25/12/10 17:28:55 INFO Utils: Copying /root/.ivy2/jars/com.google.guava_guava-33.4.7-jre.jar to /tmp/spark-2f255e65-3ca1-4d2f-a256-29ee9405d533/userFiles-1d49a182-a3cd-4d5e-b539-9eb8509d3b24/com.google.guava_guava-33.4.7-jre.jar
25/12/10 17:28:55 INFO SparkContext: Added file file:///root/.ivy2/jars/com.google.jsinterop_jsinterop-annotations-2.0.0.jar at spark://spark-master:43847/files/com.google.jsinterop_jsinterop-annotations-2.0.0.jar with timestamp 1765387734931
25/12/10 17:28:55 INFO Utils: Copying /root/.ivy2/jars/com.google.jsinterop_jsinterop-annotations-2.0.0.jar to /tmp/spark-2f255e65-3ca1-4d2f-a256-29ee9405d533/userFiles-1d49a182-a3cd-4d5e-b539-9eb8509d3b24/com.google.jsinterop_jsinterop-annotations-2.0.0.jar
25/12/10 17:28:55 INFO SparkContext: Added file file:///root/.ivy2/jars/it.unimi.dsi_fastutil-8.5.15.jar at spark://spark-master:43847/files/it.unimi.dsi_fastutil-8.5.15.jar with timestamp 1765387734931
25/12/10 17:28:55 INFO Utils: Copying /root/.ivy2/jars/it.unimi.dsi_fastutil-8.5.15.jar to /tmp/spark-2f255e65-3ca1-4d2f-a256-29ee9405d533/userFiles-1d49a182-a3cd-4d5e-b539-9eb8509d3b24/it.unimi.dsi_fastutil-8.5.15.jar
25/12/10 17:28:55 INFO SparkContext: Added file file:///root/.ivy2/jars/com.google.guava_failureaccess-1.0.3.jar at spark://spark-master:43847/files/com.google.guava_failureaccess-1.0.3.jar with timestamp 1765387734931
25/12/10 17:28:55 INFO Utils: Copying /root/.ivy2/jars/com.google.guava_failureaccess-1.0.3.jar to /tmp/spark-2f255e65-3ca1-4d2f-a256-29ee9405d533/userFiles-1d49a182-a3cd-4d5e-b539-9eb8509d3b24/com.google.guava_failureaccess-1.0.3.jar
25/12/10 17:28:55 INFO SparkContext: Added file file:///root/.ivy2/jars/com.google.guava_listenablefuture-9999.0-empty-to-avoid-conflict-with-guava.jar at spark://spark-master:43847/files/com.google.guava_listenablefuture-9999.0-empty-to-avoid-conflict-with-guava.jar with timestamp 1765387734931
25/12/10 17:28:55 INFO Utils: Copying /root/.ivy2/jars/com.google.guava_listenablefuture-9999.0-empty-to-avoid-conflict-with-guava.jar to /tmp/spark-2f255e65-3ca1-4d2f-a256-29ee9405d533/userFiles-1d49a182-a3cd-4d5e-b539-9eb8509d3b24/com.google.guava_listenablefuture-9999.0-empty-to-avoid-conflict-with-guava.jar
25/12/10 17:28:55 INFO SparkContext: Added file file:///root/.ivy2/jars/org.jspecify_jspecify-1.0.0.jar at spark://spark-master:43847/files/org.jspecify_jspecify-1.0.0.jar with timestamp 1765387734931
25/12/10 17:28:55 INFO Utils: Copying /root/.ivy2/jars/org.jspecify_jspecify-1.0.0.jar to /tmp/spark-2f255e65-3ca1-4d2f-a256-29ee9405d533/userFiles-1d49a182-a3cd-4d5e-b539-9eb8509d3b24/org.jspecify_jspecify-1.0.0.jar
25/12/10 17:28:55 INFO SparkContext: Added file file:///root/.ivy2/jars/com.google.j2objc_j2objc-annotations-3.0.0.jar at spark://spark-master:43847/files/com.google.j2objc_j2objc-annotations-3.0.0.jar with timestamp 1765387734931
25/12/10 17:28:55 INFO Utils: Copying /root/.ivy2/jars/com.google.j2objc_j2objc-annotations-3.0.0.jar to /tmp/spark-2f255e65-3ca1-4d2f-a256-29ee9405d533/userFiles-1d49a182-a3cd-4d5e-b539-9eb8509d3b24/com.google.j2objc_j2objc-annotations-3.0.0.jar
25/12/10 17:28:55 INFO SparkContext: Added file file:///root/.ivy2/jars/org.checkerframework_checker-qual-3.10.0.jar at spark://spark-master:43847/files/org.checkerframework_checker-qual-3.10.0.jar with timestamp 1765387734931
25/12/10 17:28:55 INFO Utils: Copying /root/.ivy2/jars/org.checkerframework_checker-qual-3.10.0.jar to /tmp/spark-2f255e65-3ca1-4d2f-a256-29ee9405d533/userFiles-1d49a182-a3cd-4d5e-b539-9eb8509d3b24/org.checkerframework_checker-qual-3.10.0.jar
25/12/10 17:28:55 INFO SparkContext: Added file file:///root/.ivy2/jars/org.apache.sedona_shade-proto-1.8.0-shaded.jar at spark://spark-master:43847/files/org.apache.sedona_shade-proto-1.8.0-shaded.jar with timestamp 1765387734931
25/12/10 17:28:55 INFO Utils: Copying /root/.ivy2/jars/org.apache.sedona_shade-proto-1.8.0-shaded.jar to /tmp/spark-2f255e65-3ca1-4d2f-a256-29ee9405d533/userFiles-1d49a182-a3cd-4d5e-b539-9eb8509d3b24/org.apache.sedona_shade-proto-1.8.0-shaded.jar
25/12/10 17:28:55 INFO SparkContext: Added file file:///root/.ivy2/jars/org.xerial_sqlite-jdbc-3.41.2.2.jar at spark://spark-master:43847/files/org.xerial_sqlite-jdbc-3.41.2.2.jar with timestamp 1765387734931
25/12/10 17:28:55 INFO Utils: Copying /root/.ivy2/jars/org.xerial_sqlite-jdbc-3.41.2.2.jar to /tmp/spark-2f255e65-3ca1-4d2f-a256-29ee9405d533/userFiles-1d49a182-a3cd-4d5e-b539-9eb8509d3b24/org.xerial_sqlite-jdbc-3.41.2.2.jar
25/12/10 17:28:55 INFO SparkContext: Added file file:///root/.ivy2/jars/io.graphframes_graphframes-spark3_2.12-0.9.2.jar at spark://spark-master:43847/files/io.graphframes_graphframes-spark3_2.12-0.9.2.jar with timestamp 1765387734931
25/12/10 17:28:55 INFO Utils: Copying /root/.ivy2/jars/io.graphframes_graphframes-spark3_2.12-0.9.2.jar to /tmp/spark-2f255e65-3ca1-4d2f-a256-29ee9405d533/userFiles-1d49a182-a3cd-4d5e-b539-9eb8509d3b24/io.graphframes_graphframes-spark3_2.12-0.9.2.jar
25/12/10 17:28:55 INFO SparkContext: Added file file:///root/.ivy2/jars/org.beryx_awt-color-factory-1.0.0.jar at spark://spark-master:43847/files/org.beryx_awt-color-factory-1.0.0.jar with timestamp 1765387734931
25/12/10 17:28:55 INFO Utils: Copying /root/.ivy2/jars/org.beryx_awt-color-factory-1.0.0.jar to /tmp/spark-2f255e65-3ca1-4d2f-a256-29ee9405d533/userFiles-1d49a182-a3cd-4d5e-b539-9eb8509d3b24/org.beryx_awt-color-factory-1.0.0.jar
25/12/10 17:28:55 INFO SparkContext: Added file file:///root/.ivy2/jars/com.wherobots_jpostal-1.2.2.jar at spark://spark-master:43847/files/com.wherobots_jpostal-1.2.2.jar with timestamp 1765387734931
25/12/10 17:28:55 INFO Utils: Copying /root/.ivy2/jars/com.wherobots_jpostal-1.2.2.jar to /tmp/spark-2f255e65-3ca1-4d2f-a256-29ee9405d533/userFiles-1d49a182-a3cd-4d5e-b539-9eb8509d3b24/com.wherobots_jpostal-1.2.2.jar
25/12/10 17:28:55 INFO StandaloneAppClient$ClientEndpoint: Connecting to master spark://spark-master:7077...
25/12/10 17:28:55 INFO TransportClientFactory: Successfully created connection to spark-master/172.18.0.2:7077 after 16 ms (0 ms spent in bootstraps)
25/12/10 17:28:55 INFO StandaloneSchedulerBackend: Connected to Spark cluster with app ID app-20251210172855-0011
25/12/10 17:28:55 INFO StandaloneAppClient$ClientEndpoint: Executor added: app-20251210172855-0011/0 on worker-20251210172450-172.18.0.3-38789 (172.18.0.3:38789) with 2 core(s)
25/12/10 17:28:55 INFO StandaloneSchedulerBackend: Granted executor ID app-20251210172855-0011/0 on hostPort 172.18.0.3:38789 with 2 core(s), 4.0 GiB RAM
25/12/10 17:28:55 INFO StandaloneAppClient$ClientEndpoint: Executor added: app-20251210172855-0011/1 on worker-20251210172450-172.18.0.3-38789 (172.18.0.3:38789) with 2 core(s)
25/12/10 17:28:55 INFO StandaloneSchedulerBackend: Granted executor ID app-20251210172855-0011/1 on hostPort 172.18.0.3:38789 with 2 core(s), 4.0 GiB RAM
25/12/10 17:28:55 INFO StandaloneAppClient$ClientEndpoint: Executor added: app-20251210172855-0011/2 on worker-20251210172450-172.18.0.3-38789 (172.18.0.3:38789) with 2 core(s)
25/12/10 17:28:55 INFO StandaloneSchedulerBackend: Granted executor ID app-20251210172855-0011/2 on hostPort 172.18.0.3:38789 with 2 core(s), 4.0 GiB RAM
25/12/10 17:28:55 INFO StandaloneAppClient$ClientEndpoint: Executor added: app-20251210172855-0011/3 on worker-20251210172450-172.18.0.3-38789 (172.18.0.3:38789) with 2 core(s)
25/12/10 17:28:55 INFO StandaloneSchedulerBackend: Granted executor ID app-20251210172855-0011/3 on hostPort 172.18.0.3:38789 with 2 core(s), 4.0 GiB RAM
25/12/10 17:28:55 INFO Utils: Successfully started service 'org.apache.spark.network.netty.NettyBlockTransferService' on port 37827.
25/12/10 17:28:55 INFO NettyBlockTransferService: Server created on spark-master:37827
25/12/10 17:28:55 INFO BlockManager: Using org.apache.spark.storage.RandomBlockReplicationPolicy for block replication policy
25/12/10 17:28:55 INFO BlockManagerMaster: Registering BlockManager BlockManagerId(driver, spark-master, 37827, None)
25/12/10 17:28:55 INFO BlockManagerMasterEndpoint: Registering block manager spark-master:37827 with 434.4 MiB RAM, BlockManagerId(driver, spark-master, 37827, None)
25/12/10 17:28:55 INFO BlockManagerMaster: Registered BlockManager BlockManagerId(driver, spark-master, 37827, None)
25/12/10 17:28:55 INFO BlockManager: Initialized BlockManager: BlockManagerId(driver, spark-master, 37827, None)
25/12/10 17:28:55 INFO StandaloneAppClient$ClientEndpoint: Executor updated: app-20251210172855-0011/1 is now RUNNING
25/12/10 17:28:55 INFO StandaloneAppClient$ClientEndpoint: Executor updated: app-20251210172855-0011/3 is now RUNNING
25/12/10 17:28:55 INFO StandaloneAppClient$ClientEndpoint: Executor updated: app-20251210172855-0011/0 is now RUNNING
25/12/10 17:28:55 INFO StandaloneAppClient$ClientEndpoint: Executor updated: app-20251210172855-0011/2 is now RUNNING
25/12/10 17:28:55 INFO StandaloneSchedulerBackend: SchedulerBackend is ready for scheduling beginning after reached minRegisteredResourcesRatio: 0.0
/app/src/q4.py:29: DeprecationWarning: Call to deprecated function registerAll (Deprecated since 1.4.1, use SedonaContext.create() instead.).
  SedonaRegistrator.registerAll(spark)
25/12/10 17:28:56 INFO SharedState: Setting hive.metastore.warehouse.dir ('null') to the value of spark.sql.warehouse.dir.
25/12/10 17:28:56 INFO SharedState: Warehouse path is 'file:/app/spark-warehouse'.
25/12/10 17:28:58 INFO StandaloneSchedulerBackend$StandaloneDriverEndpoint: Registered executor NettyRpcEndpointRef(spark-client://Executor) (172.18.0.3:37048) with ID 0,  ResourceProfileId 0
25/12/10 17:28:58 INFO StandaloneSchedulerBackend$StandaloneDriverEndpoint: Registered executor NettyRpcEndpointRef(spark-client://Executor) (172.18.0.3:37076) with ID 3,  ResourceProfileId 0
25/12/10 17:28:58 INFO StandaloneSchedulerBackend$StandaloneDriverEndpoint: Registered executor NettyRpcEndpointRef(spark-client://Executor) (172.18.0.3:37080) with ID 1,  ResourceProfileId 0
25/12/10 17:28:58 INFO StandaloneSchedulerBackend$StandaloneDriverEndpoint: Registered executor NettyRpcEndpointRef(spark-client://Executor) (172.18.0.3:37060) with ID 2,  ResourceProfileId 0
25/12/10 17:28:58 INFO BlockManagerMasterEndpoint: Registering block manager 172.18.0.3:37931 with 2.2 GiB RAM, BlockManagerId(0, 172.18.0.3, 37931, None)
25/12/10 17:28:58 INFO BlockManagerMasterEndpoint: Registering block manager 172.18.0.3:42091 with 2.2 GiB RAM, BlockManagerId(3, 172.18.0.3, 42091, None)
25/12/10 17:28:58 INFO BlockManagerMasterEndpoint: Registering block manager 172.18.0.3:33237 with 2.2 GiB RAM, BlockManagerId(1, 172.18.0.3, 33237, None)
25/12/10 17:28:58 INFO BlockManagerMasterEndpoint: Registering block manager 172.18.0.3:44119 with 2.2 GiB RAM, BlockManagerId(2, 172.18.0.3, 44119, None)
25/12/10 17:28:58 INFO CodeGenerator: Code generated in 179.75075 ms
25/12/10 17:28:58 INFO DAGScheduler: Registering RDD 2 (count at <unknown>:0) as input to shuffle 0
25/12/10 17:28:58 INFO DAGScheduler: Got map stage job 0 (count at <unknown>:0) with 1 output partitions
25/12/10 17:28:58 INFO DAGScheduler: Final stage: ShuffleMapStage 0 (count at <unknown>:0)
25/12/10 17:28:58 INFO DAGScheduler: Parents of final stage: List()
25/12/10 17:28:58 INFO DAGScheduler: Missing parents: List()
25/12/10 17:28:58 INFO DAGScheduler: Submitting ShuffleMapStage 0 (MapPartitionsRDD[2] at count at <unknown>:0), which has no missing parents
25/12/10 17:28:58 INFO MemoryStore: Block broadcast_0 stored as values in memory (estimated size 11.0 KiB, free 434.4 MiB)
25/12/10 17:28:59 INFO MemoryStore: Block broadcast_0_piece0 stored as bytes in memory (estimated size 5.7 KiB, free 434.4 MiB)
25/12/10 17:28:59 INFO BlockManagerInfo: Added broadcast_0_piece0 in memory on spark-master:37827 (size: 5.7 KiB, free: 434.4 MiB)
25/12/10 17:28:59 INFO SparkContext: Created broadcast 0 from broadcast at DAGScheduler.scala:1580
25/12/10 17:28:59 INFO DAGScheduler: Submitting 1 missing tasks from ShuffleMapStage 0 (MapPartitionsRDD[2] at count at <unknown>:0) (first 15 tasks are for partitions Vector(0))
25/12/10 17:28:59 INFO TaskSchedulerImpl: Adding task set 0.0 with 1 tasks resource profile 0
25/12/10 17:29:00 INFO TaskSetManager: Starting task 0.0 in stage 0.0 (TID 0) (172.18.0.3, executor 3, partition 0, PROCESS_LOCAL, 12994 bytes) 
25/12/10 17:29:00 INFO BlockManagerInfo: Added broadcast_0_piece0 in memory on 172.18.0.3:42091 (size: 5.7 KiB, free: 2.2 GiB)
25/12/10 17:29:00 INFO TaskSetManager: Finished task 0.0 in stage 0.0 (TID 0) in 700 ms on 172.18.0.3 (executor 3) (1/1)
25/12/10 17:29:00 INFO TaskSchedulerImpl: Removed TaskSet 0.0, whose tasks have all completed, from pool 
25/12/10 17:29:00 INFO DAGScheduler: ShuffleMapStage 0 (count at <unknown>:0) finished in 1.835 s
25/12/10 17:29:00 INFO DAGScheduler: looking for newly runnable stages
25/12/10 17:29:00 INFO DAGScheduler: running: Set()
25/12/10 17:29:00 INFO DAGScheduler: waiting: Set()
25/12/10 17:29:00 INFO DAGScheduler: failed: Set()
25/12/10 17:29:00 INFO CodeGenerator: Code generated in 9.261209 ms
25/12/10 17:29:00 INFO SparkContext: Starting job: count at <unknown>:0
25/12/10 17:29:00 INFO DAGScheduler: Got job 1 (count at <unknown>:0) with 1 output partitions
25/12/10 17:29:00 INFO DAGScheduler: Final stage: ResultStage 2 (count at <unknown>:0)
25/12/10 17:29:00 INFO DAGScheduler: Parents of final stage: List(ShuffleMapStage 1)
25/12/10 17:29:00 INFO DAGScheduler: Missing parents: List()
25/12/10 17:29:00 INFO DAGScheduler: Submitting ResultStage 2 (MapPartitionsRDD[5] at count at <unknown>:0), which has no missing parents
25/12/10 17:29:00 INFO MemoryStore: Block broadcast_1 stored as values in memory (estimated size 12.5 KiB, free 434.4 MiB)
25/12/10 17:29:00 INFO MemoryStore: Block broadcast_1_piece0 stored as bytes in memory (estimated size 5.9 KiB, free 434.4 MiB)
25/12/10 17:29:00 INFO BlockManagerInfo: Added broadcast_1_piece0 in memory on spark-master:37827 (size: 5.9 KiB, free: 434.4 MiB)
25/12/10 17:29:00 INFO SparkContext: Created broadcast 1 from broadcast at DAGScheduler.scala:1580
25/12/10 17:29:00 INFO DAGScheduler: Submitting 1 missing tasks from ResultStage 2 (MapPartitionsRDD[5] at count at <unknown>:0) (first 15 tasks are for partitions Vector(0))
25/12/10 17:29:00 INFO TaskSchedulerImpl: Adding task set 2.0 with 1 tasks resource profile 0
25/12/10 17:29:00 INFO TaskSetManager: Starting task 0.0 in stage 2.0 (TID 1) (172.18.0.3, executor 2, partition 0, NODE_LOCAL, 12797 bytes) 
25/12/10 17:29:00 INFO BlockManagerInfo: Added broadcast_1_piece0 in memory on 172.18.0.3:44119 (size: 5.9 KiB, free: 2.2 GiB)
25/12/10 17:29:01 INFO MapOutputTrackerMasterEndpoint: Asked to send map output locations for shuffle 0 to 172.18.0.3:37060
25/12/10 17:29:01 INFO TaskSetManager: Finished task 0.0 in stage 2.0 (TID 1) in 611 ms on 172.18.0.3 (executor 2) (1/1)
25/12/10 17:29:01 INFO TaskSchedulerImpl: Removed TaskSet 2.0, whose tasks have all completed, from pool 
25/12/10 17:29:01 INFO DAGScheduler: ResultStage 2 (count at <unknown>:0) finished in 0.631 s
25/12/10 17:29:01 INFO DAGScheduler: Job 1 is finished. Cancelling potential speculative or zombie tasks for this job
25/12/10 17:29:01 INFO TaskSchedulerImpl: Killing all running tasks in stage 2: Stage finished
25/12/10 17:29:01 INFO DAGScheduler: Job 1 finished: count at <unknown>:0, took 0.642740 s
25/12/10 17:29:01 INFO BlockManagerInfo: Removed broadcast_0_piece0 on spark-master:37827 in memory (size: 5.7 KiB, free: 434.4 MiB)
25/12/10 17:29:01 INFO BlockManagerInfo: Removed broadcast_0_piece0 on 172.18.0.3:42091 in memory (size: 5.7 KiB, free: 2.2 GiB)
25/12/10 17:29:01 INFO BlockManagerInfo: Removed broadcast_1_piece0 on 172.18.0.3:44119 in memory (size: 5.9 KiB, free: 2.2 GiB)
25/12/10 17:29:01 INFO BlockManagerInfo: Removed broadcast_1_piece0 on spark-master:37827 in memory (size: 5.9 KiB, free: 434.4 MiB)
25/12/10 17:29:02 INFO InMemoryFileIndex: It took 13 ms to list leaf files for 2 paths.
25/12/10 17:29:02 INFO InMemoryFileIndex: It took 1 ms to list leaf files for 2 paths.
25/12/10 17:29:03 INFO FileSourceStrategy: Pushed Filters: 
25/12/10 17:29:03 INFO FileSourceStrategy: Post-Scan Filters: (length(trim(value#19, None)) > 0)
25/12/10 17:29:03 INFO CodeGenerator: Code generated in 9.571917 ms
25/12/10 17:29:03 INFO MemoryStore: Block broadcast_2 stored as values in memory (estimated size 212.4 KiB, free 434.2 MiB)
25/12/10 17:29:03 INFO MemoryStore: Block broadcast_2_piece0 stored as bytes in memory (estimated size 39.3 KiB, free 434.2 MiB)
25/12/10 17:29:03 INFO BlockManagerInfo: Added broadcast_2_piece0 in memory on spark-master:37827 (size: 39.3 KiB, free: 434.4 MiB)
25/12/10 17:29:03 INFO SparkContext: Created broadcast 2 from csv at <unknown>:0
25/12/10 17:29:03 INFO FileSourceScanExec: Planning scan with bin packing, max size: 118509402 bytes, open cost is considered as scanning 4194304 bytes.
25/12/10 17:29:03 INFO SparkContext: Starting job: csv at <unknown>:0
25/12/10 17:29:03 INFO DAGScheduler: Got job 2 (csv at <unknown>:0) with 1 output partitions
25/12/10 17:29:03 INFO DAGScheduler: Final stage: ResultStage 3 (csv at <unknown>:0)
25/12/10 17:29:03 INFO DAGScheduler: Parents of final stage: List()
25/12/10 17:29:03 INFO DAGScheduler: Missing parents: List()
25/12/10 17:29:03 INFO DAGScheduler: Submitting ResultStage 3 (MapPartitionsRDD[9] at csv at <unknown>:0), which has no missing parents
25/12/10 17:29:03 INFO MemoryStore: Block broadcast_3 stored as values in memory (estimated size 13.5 KiB, free 434.1 MiB)
25/12/10 17:29:03 INFO MemoryStore: Block broadcast_3_piece0 stored as bytes in memory (estimated size 6.4 KiB, free 434.1 MiB)
25/12/10 17:29:03 INFO BlockManagerInfo: Added broadcast_3_piece0 in memory on spark-master:37827 (size: 6.4 KiB, free: 434.4 MiB)
25/12/10 17:29:03 INFO SparkContext: Created broadcast 3 from broadcast at DAGScheduler.scala:1580
25/12/10 17:29:03 INFO DAGScheduler: Submitting 1 missing tasks from ResultStage 3 (MapPartitionsRDD[9] at csv at <unknown>:0) (first 15 tasks are for partitions Vector(0))
25/12/10 17:29:03 INFO TaskSchedulerImpl: Adding task set 3.0 with 1 tasks resource profile 0
25/12/10 17:29:03 INFO TaskSetManager: Starting task 0.0 in stage 3.0 (TID 2) (172.18.0.3, executor 2, partition 0, PROCESS_LOCAL, 13414 bytes) 
25/12/10 17:29:03 INFO BlockManagerInfo: Added broadcast_3_piece0 in memory on 172.18.0.3:44119 (size: 6.4 KiB, free: 2.2 GiB)
25/12/10 17:29:03 INFO BlockManagerInfo: Added broadcast_2_piece0 in memory on 172.18.0.3:44119 (size: 39.3 KiB, free: 2.2 GiB)
25/12/10 17:29:03 INFO TaskSetManager: Finished task 0.0 in stage 3.0 (TID 2) in 293 ms on 172.18.0.3 (executor 2) (1/1)
25/12/10 17:29:03 INFO TaskSchedulerImpl: Removed TaskSet 3.0, whose tasks have all completed, from pool 
25/12/10 17:29:03 INFO DAGScheduler: ResultStage 3 (csv at <unknown>:0) finished in 0.307 s
25/12/10 17:29:03 INFO DAGScheduler: Job 2 is finished. Cancelling potential speculative or zombie tasks for this job
25/12/10 17:29:03 INFO TaskSchedulerImpl: Killing all running tasks in stage 3: Stage finished
25/12/10 17:29:03 INFO DAGScheduler: Job 2 finished: csv at <unknown>:0, took 0.311232 s
25/12/10 17:29:03 INFO CodeGenerator: Code generated in 5.366958 ms
25/12/10 17:29:03 INFO FileSourceStrategy: Pushed Filters: 
25/12/10 17:29:03 INFO FileSourceStrategy: Post-Scan Filters: 
25/12/10 17:29:03 INFO MemoryStore: Block broadcast_4 stored as values in memory (estimated size 212.4 KiB, free 433.9 MiB)
25/12/10 17:29:03 INFO MemoryStore: Block broadcast_4_piece0 stored as bytes in memory (estimated size 39.3 KiB, free 433.9 MiB)
25/12/10 17:29:03 INFO BlockManagerInfo: Added broadcast_4_piece0 in memory on spark-master:37827 (size: 39.3 KiB, free: 434.3 MiB)
25/12/10 17:29:03 INFO SparkContext: Created broadcast 4 from csv at <unknown>:0
25/12/10 17:29:03 INFO FileSourceScanExec: Planning scan with bin packing, max size: 118509402 bytes, open cost is considered as scanning 4194304 bytes.
25/12/10 17:29:03 INFO SparkContext: Starting job: csv at <unknown>:0
25/12/10 17:29:03 INFO DAGScheduler: Got job 3 (csv at <unknown>:0) with 8 output partitions
25/12/10 17:29:03 INFO DAGScheduler: Final stage: ResultStage 4 (csv at <unknown>:0)
25/12/10 17:29:03 INFO DAGScheduler: Parents of final stage: List()
25/12/10 17:29:03 INFO DAGScheduler: Missing parents: List()
25/12/10 17:29:03 INFO DAGScheduler: Submitting ResultStage 4 (MapPartitionsRDD[15] at csv at <unknown>:0), which has no missing parents
25/12/10 17:29:03 INFO MemoryStore: Block broadcast_5 stored as values in memory (estimated size 39.3 KiB, free 433.9 MiB)
25/12/10 17:29:03 INFO MemoryStore: Block broadcast_5_piece0 stored as bytes in memory (estimated size 15.6 KiB, free 433.8 MiB)
25/12/10 17:29:03 INFO BlockManagerInfo: Added broadcast_5_piece0 in memory on spark-master:37827 (size: 15.6 KiB, free: 434.3 MiB)
25/12/10 17:29:03 INFO SparkContext: Created broadcast 5 from broadcast at DAGScheduler.scala:1580
25/12/10 17:29:03 INFO DAGScheduler: Submitting 8 missing tasks from ResultStage 4 (MapPartitionsRDD[15] at csv at <unknown>:0) (first 15 tasks are for partitions Vector(0, 1, 2, 3, 4, 5, 6, 7))
25/12/10 17:29:03 INFO TaskSchedulerImpl: Adding task set 4.0 with 8 tasks resource profile 0
25/12/10 17:29:03 INFO TaskSetManager: Starting task 0.0 in stage 4.0 (TID 3) (172.18.0.3, executor 3, partition 0, PROCESS_LOCAL, 13414 bytes) 
25/12/10 17:29:03 INFO TaskSetManager: Starting task 1.0 in stage 4.0 (TID 4) (172.18.0.3, executor 1, partition 1, PROCESS_LOCAL, 13414 bytes) 
25/12/10 17:29:03 INFO TaskSetManager: Starting task 2.0 in stage 4.0 (TID 5) (172.18.0.3, executor 0, partition 2, PROCESS_LOCAL, 13414 bytes) 
25/12/10 17:29:03 INFO TaskSetManager: Starting task 3.0 in stage 4.0 (TID 6) (172.18.0.3, executor 2, partition 3, PROCESS_LOCAL, 13414 bytes) 
25/12/10 17:29:03 INFO TaskSetManager: Starting task 4.0 in stage 4.0 (TID 7) (172.18.0.3, executor 3, partition 4, PROCESS_LOCAL, 13414 bytes) 
25/12/10 17:29:03 INFO TaskSetManager: Starting task 5.0 in stage 4.0 (TID 8) (172.18.0.3, executor 1, partition 5, PROCESS_LOCAL, 13414 bytes) 
25/12/10 17:29:03 INFO TaskSetManager: Starting task 6.0 in stage 4.0 (TID 9) (172.18.0.3, executor 0, partition 6, PROCESS_LOCAL, 13414 bytes) 
25/12/10 17:29:03 INFO TaskSetManager: Starting task 7.0 in stage 4.0 (TID 10) (172.18.0.3, executor 2, partition 7, PROCESS_LOCAL, 13525 bytes) 
25/12/10 17:29:03 INFO BlockManagerInfo: Added broadcast_5_piece0 in memory on 172.18.0.3:42091 (size: 15.6 KiB, free: 2.2 GiB)
25/12/10 17:29:03 INFO BlockManagerInfo: Added broadcast_5_piece0 in memory on 172.18.0.3:44119 (size: 15.6 KiB, free: 2.2 GiB)
25/12/10 17:29:03 INFO BlockManagerInfo: Added broadcast_5_piece0 in memory on 172.18.0.3:33237 (size: 15.6 KiB, free: 2.2 GiB)
25/12/10 17:29:03 INFO BlockManagerInfo: Added broadcast_5_piece0 in memory on 172.18.0.3:37931 (size: 15.6 KiB, free: 2.2 GiB)
25/12/10 17:29:04 INFO BlockManagerInfo: Added broadcast_4_piece0 in memory on 172.18.0.3:44119 (size: 39.3 KiB, free: 2.2 GiB)
25/12/10 17:29:05 INFO BlockManagerInfo: Added broadcast_4_piece0 in memory on 172.18.0.3:42091 (size: 39.3 KiB, free: 2.2 GiB)
25/12/10 17:29:05 INFO BlockManagerInfo: Added broadcast_4_piece0 in memory on 172.18.0.3:33237 (size: 39.3 KiB, free: 2.2 GiB)
25/12/10 17:29:05 INFO BlockManagerInfo: Added broadcast_4_piece0 in memory on 172.18.0.3:37931 (size: 39.3 KiB, free: 2.2 GiB)
25/12/10 17:29:06 INFO TaskSetManager: Finished task 7.0 in stage 4.0 (TID 10) in 3406 ms on 172.18.0.3 (executor 2) (1/8)
25/12/10 17:29:07 INFO TaskSetManager: Finished task 3.0 in stage 4.0 (TID 6) in 3625 ms on 172.18.0.3 (executor 2) (2/8)
25/12/10 17:29:07 INFO TaskSetManager: Finished task 0.0 in stage 4.0 (TID 3) in 3780 ms on 172.18.0.3 (executor 3) (3/8)
25/12/10 17:29:07 INFO TaskSetManager: Finished task 4.0 in stage 4.0 (TID 7) in 4115 ms on 172.18.0.3 (executor 3) (4/8)
25/12/10 17:29:07 INFO TaskSetManager: Finished task 1.0 in stage 4.0 (TID 4) in 4242 ms on 172.18.0.3 (executor 1) (5/8)
25/12/10 17:29:07 INFO TaskSetManager: Finished task 5.0 in stage 4.0 (TID 8) in 4244 ms on 172.18.0.3 (executor 1) (6/8)
25/12/10 17:29:07 INFO TaskSetManager: Finished task 2.0 in stage 4.0 (TID 5) in 4323 ms on 172.18.0.3 (executor 0) (7/8)
25/12/10 17:29:07 INFO TaskSetManager: Finished task 6.0 in stage 4.0 (TID 9) in 4334 ms on 172.18.0.3 (executor 0) (8/8)
25/12/10 17:29:07 INFO TaskSchedulerImpl: Removed TaskSet 4.0, whose tasks have all completed, from pool 
25/12/10 17:29:07 INFO DAGScheduler: ResultStage 4 (csv at <unknown>:0) finished in 4.354 s
25/12/10 17:29:07 INFO DAGScheduler: Job 3 is finished. Cancelling potential speculative or zombie tasks for this job
25/12/10 17:29:07 INFO TaskSchedulerImpl: Killing all running tasks in stage 4: Stage finished
25/12/10 17:29:07 INFO DAGScheduler: Job 3 finished: csv at <unknown>:0, took 4.358357 s
25/12/10 17:29:08 INFO InMemoryFileIndex: It took 1 ms to list leaf files for 1 paths.
25/12/10 17:29:08 INFO InMemoryFileIndex: It took 0 ms to list leaf files for 1 paths.
25/12/10 17:29:08 INFO FileSourceStrategy: Pushed Filters: 
25/12/10 17:29:08 INFO FileSourceStrategy: Post-Scan Filters: (length(trim(value#214, None)) > 0)
25/12/10 17:29:08 INFO MemoryStore: Block broadcast_6 stored as values in memory (estimated size 212.4 KiB, free 433.6 MiB)
25/12/10 17:29:08 INFO MemoryStore: Block broadcast_6_piece0 stored as bytes in memory (estimated size 39.3 KiB, free 433.6 MiB)
25/12/10 17:29:08 INFO BlockManagerInfo: Added broadcast_6_piece0 in memory on spark-master:37827 (size: 39.3 KiB, free: 434.3 MiB)
25/12/10 17:29:08 INFO SparkContext: Created broadcast 6 from csv at <unknown>:0
25/12/10 17:29:08 INFO FileSourceScanExec: Planning scan with bin packing, max size: 4194304 bytes, open cost is considered as scanning 4194304 bytes.
25/12/10 17:29:08 INFO SparkContext: Starting job: csv at <unknown>:0
25/12/10 17:29:08 INFO DAGScheduler: Got job 4 (csv at <unknown>:0) with 1 output partitions
25/12/10 17:29:08 INFO DAGScheduler: Final stage: ResultStage 5 (csv at <unknown>:0)
25/12/10 17:29:08 INFO DAGScheduler: Parents of final stage: List()
25/12/10 17:29:08 INFO DAGScheduler: Missing parents: List()
25/12/10 17:29:08 INFO DAGScheduler: Submitting ResultStage 5 (MapPartitionsRDD[19] at csv at <unknown>:0), which has no missing parents
25/12/10 17:29:08 INFO MemoryStore: Block broadcast_7 stored as values in memory (estimated size 13.5 KiB, free 433.6 MiB)
25/12/10 17:29:08 INFO MemoryStore: Block broadcast_7_piece0 stored as bytes in memory (estimated size 6.4 KiB, free 433.6 MiB)
25/12/10 17:29:08 INFO BlockManagerInfo: Added broadcast_7_piece0 in memory on spark-master:37827 (size: 6.4 KiB, free: 434.3 MiB)
25/12/10 17:29:08 INFO SparkContext: Created broadcast 7 from broadcast at DAGScheduler.scala:1580
25/12/10 17:29:08 INFO DAGScheduler: Submitting 1 missing tasks from ResultStage 5 (MapPartitionsRDD[19] at csv at <unknown>:0) (first 15 tasks are for partitions Vector(0))
25/12/10 17:29:08 INFO TaskSchedulerImpl: Adding task set 5.0 with 1 tasks resource profile 0
25/12/10 17:29:08 INFO TaskSetManager: Starting task 0.0 in stage 5.0 (TID 11) (172.18.0.3, executor 0, partition 0, PROCESS_LOCAL, 13395 bytes) 
25/12/10 17:29:08 INFO BlockManagerInfo: Removed broadcast_5_piece0 on spark-master:37827 in memory (size: 15.6 KiB, free: 434.3 MiB)
25/12/10 17:29:08 INFO BlockManagerInfo: Removed broadcast_5_piece0 on 172.18.0.3:44119 in memory (size: 15.6 KiB, free: 2.2 GiB)
25/12/10 17:29:08 INFO BlockManagerInfo: Removed broadcast_5_piece0 on 172.18.0.3:33237 in memory (size: 15.6 KiB, free: 2.2 GiB)
25/12/10 17:29:08 INFO BlockManagerInfo: Removed broadcast_5_piece0 on 172.18.0.3:42091 in memory (size: 15.6 KiB, free: 2.2 GiB)
25/12/10 17:29:08 INFO BlockManagerInfo: Removed broadcast_5_piece0 on 172.18.0.3:37931 in memory (size: 15.6 KiB, free: 2.2 GiB)
25/12/10 17:29:08 INFO BlockManagerInfo: Removed broadcast_4_piece0 on spark-master:37827 in memory (size: 39.3 KiB, free: 434.3 MiB)
25/12/10 17:29:08 INFO BlockManagerInfo: Removed broadcast_4_piece0 on 172.18.0.3:42091 in memory (size: 39.3 KiB, free: 2.2 GiB)
25/12/10 17:29:08 INFO BlockManagerInfo: Removed broadcast_4_piece0 on 172.18.0.3:33237 in memory (size: 39.3 KiB, free: 2.2 GiB)
25/12/10 17:29:08 INFO BlockManagerInfo: Removed broadcast_4_piece0 on 172.18.0.3:44119 in memory (size: 39.3 KiB, free: 2.2 GiB)
25/12/10 17:29:08 INFO BlockManagerInfo: Removed broadcast_4_piece0 on 172.18.0.3:37931 in memory (size: 39.3 KiB, free: 2.2 GiB)
25/12/10 17:29:08 INFO BlockManagerInfo: Removed broadcast_3_piece0 on spark-master:37827 in memory (size: 6.4 KiB, free: 434.3 MiB)
25/12/10 17:29:08 INFO BlockManagerInfo: Removed broadcast_3_piece0 on 172.18.0.3:44119 in memory (size: 6.4 KiB, free: 2.2 GiB)
25/12/10 17:29:08 INFO BlockManagerInfo: Removed broadcast_2_piece0 on spark-master:37827 in memory (size: 39.3 KiB, free: 434.4 MiB)
25/12/10 17:29:08 INFO BlockManagerInfo: Removed broadcast_2_piece0 on 172.18.0.3:44119 in memory (size: 39.3 KiB, free: 2.2 GiB)
25/12/10 17:29:08 INFO BlockManagerInfo: Added broadcast_7_piece0 in memory on 172.18.0.3:37931 (size: 6.4 KiB, free: 2.2 GiB)
25/12/10 17:29:08 INFO BlockManagerInfo: Added broadcast_6_piece0 in memory on 172.18.0.3:37931 (size: 39.3 KiB, free: 2.2 GiB)
25/12/10 17:29:08 INFO TaskSetManager: Finished task 0.0 in stage 5.0 (TID 11) in 170 ms on 172.18.0.3 (executor 0) (1/1)
25/12/10 17:29:08 INFO TaskSchedulerImpl: Removed TaskSet 5.0, whose tasks have all completed, from pool 
25/12/10 17:29:08 INFO DAGScheduler: ResultStage 5 (csv at <unknown>:0) finished in 0.179 s
25/12/10 17:29:08 INFO DAGScheduler: Job 4 is finished. Cancelling potential speculative or zombie tasks for this job
25/12/10 17:29:08 INFO TaskSchedulerImpl: Killing all running tasks in stage 5: Stage finished
25/12/10 17:29:08 INFO DAGScheduler: Job 4 finished: csv at <unknown>:0, took 0.182083 s
25/12/10 17:29:08 INFO FileSourceStrategy: Pushed Filters: 
25/12/10 17:29:08 INFO FileSourceStrategy: Post-Scan Filters: 
25/12/10 17:29:08 INFO MemoryStore: Block broadcast_8 stored as values in memory (estimated size 212.4 KiB, free 433.9 MiB)
25/12/10 17:29:08 INFO MemoryStore: Block broadcast_8_piece0 stored as bytes in memory (estimated size 39.3 KiB, free 433.9 MiB)
25/12/10 17:29:08 INFO BlockManagerInfo: Added broadcast_8_piece0 in memory on spark-master:37827 (size: 39.3 KiB, free: 434.3 MiB)
25/12/10 17:29:08 INFO SparkContext: Created broadcast 8 from csv at <unknown>:0
25/12/10 17:29:08 INFO FileSourceScanExec: Planning scan with bin packing, max size: 4194304 bytes, open cost is considered as scanning 4194304 bytes.
25/12/10 17:29:08 INFO SparkContext: Starting job: csv at <unknown>:0
25/12/10 17:29:08 INFO DAGScheduler: Got job 5 (csv at <unknown>:0) with 1 output partitions
25/12/10 17:29:08 INFO DAGScheduler: Final stage: ResultStage 6 (csv at <unknown>:0)
25/12/10 17:29:08 INFO DAGScheduler: Parents of final stage: List()
25/12/10 17:29:08 INFO DAGScheduler: Missing parents: List()
25/12/10 17:29:08 INFO DAGScheduler: Submitting ResultStage 6 (MapPartitionsRDD[25] at csv at <unknown>:0), which has no missing parents
25/12/10 17:29:08 INFO MemoryStore: Block broadcast_9 stored as values in memory (estimated size 38.9 KiB, free 433.9 MiB)
25/12/10 17:29:08 INFO MemoryStore: Block broadcast_9_piece0 stored as bytes in memory (estimated size 15.4 KiB, free 433.8 MiB)
25/12/10 17:29:08 INFO BlockManagerInfo: Added broadcast_9_piece0 in memory on spark-master:37827 (size: 15.4 KiB, free: 434.3 MiB)
25/12/10 17:29:08 INFO SparkContext: Created broadcast 9 from broadcast at DAGScheduler.scala:1580
25/12/10 17:29:08 INFO DAGScheduler: Submitting 1 missing tasks from ResultStage 6 (MapPartitionsRDD[25] at csv at <unknown>:0) (first 15 tasks are for partitions Vector(0))
25/12/10 17:29:08 INFO TaskSchedulerImpl: Adding task set 6.0 with 1 tasks resource profile 0
25/12/10 17:29:08 INFO TaskSetManager: Starting task 0.0 in stage 6.0 (TID 12) (172.18.0.3, executor 2, partition 0, PROCESS_LOCAL, 13395 bytes) 
25/12/10 17:29:08 INFO BlockManagerInfo: Added broadcast_9_piece0 in memory on 172.18.0.3:44119 (size: 15.4 KiB, free: 2.2 GiB)
25/12/10 17:29:08 INFO BlockManagerInfo: Added broadcast_8_piece0 in memory on 172.18.0.3:44119 (size: 39.3 KiB, free: 2.2 GiB)
25/12/10 17:29:08 INFO TaskSetManager: Finished task 0.0 in stage 6.0 (TID 12) in 81 ms on 172.18.0.3 (executor 2) (1/1)
25/12/10 17:29:08 INFO TaskSchedulerImpl: Removed TaskSet 6.0, whose tasks have all completed, from pool 
25/12/10 17:29:08 INFO DAGScheduler: ResultStage 6 (csv at <unknown>:0) finished in 0.098 s
25/12/10 17:29:08 INFO DAGScheduler: Job 5 is finished. Cancelling potential speculative or zombie tasks for this job
25/12/10 17:29:08 INFO TaskSchedulerImpl: Killing all running tasks in stage 6: Stage finished
25/12/10 17:29:08 INFO DAGScheduler: Job 5 finished: csv at <unknown>:0, took 0.103905 s
=== Q4: Physical plan (crimestation join with ST_DistanceSphere) ===
25/12/10 17:29:08 WARN SparkStringUtils: Truncated the string representation of a plan since it was too large. This behavior can be adjusted by setting 'spark.sql.debug.maxToStringFields'.
25/12/10 17:29:08 INFO FileSourceStrategy: Pushed Filters: IsNotNull(LAT),IsNotNull(LON),Or(Not(EqualTo(LAT,0.0)),Not(EqualTo(LON,0.0)))
25/12/10 17:29:08 INFO FileSourceStrategy: Post-Scan Filters: isnotnull(LAT#62),isnotnull(LON#63),(NOT (LAT#62 = 0.0) OR NOT (LON#63 = 0.0))
25/12/10 17:29:08 INFO FileSourceStrategy: Pushed Filters: 
25/12/10 17:29:08 INFO FileSourceStrategy: Post-Scan Filters: 
== Parsed Logical Plan ==
'Project [crime_id#151L, crime_geom#181, DIVISION#234, station_geom#258, distance_m#272, ('distance_m / 1000.0) AS distance_km#278]
+- Project [crime_id#151L, crime_geom#181, DIVISION#234, station_geom#258,  **org.apache.spark.sql.sedona_sql.expressions.ST_DistanceSphere**   AS distance_m#272]
   +- Join Cross
      :- Project [crime_id#151L, crime_geom#181]
      :  +- Project [DR_NO#36, Date Rptd#37, DATE OCC#38, TIME OCC#39, AREA#40, AREA NAME#41, Rpt Dist No#42, Part 1-2#43, Crm Cd#44, Crm Cd Desc#45, Mocodes#46, Vict Age#47, Vict Sex#48, Vict Descent#49, Premis Cd#50, Premis Desc#51, Weapon Used Cd#52, Weapon Desc#53, Status#54, Status Desc#55, Crm Cd 1#56, Crm Cd 2#57, Crm Cd 3#58, Crm Cd 4#59, ... 6 more fields]
      :     +- Project [DR_NO#36, Date Rptd#37, DATE OCC#38, TIME OCC#39, AREA#40, AREA NAME#41, Rpt Dist No#42, Part 1-2#43, Crm Cd#44, Crm Cd Desc#45, Mocodes#46, Vict Age#47, Vict Sex#48, Vict Descent#49, Premis Cd#50, Premis Desc#51, Weapon Used Cd#52, Weapon Desc#53, Status#54, Status Desc#55, Crm Cd 1#56, Crm Cd 2#57, Crm Cd 3#58, Crm Cd 4#59, ... 5 more fields]
      :        +- Filter (NOT (LAT#92 = 0.0) OR NOT (LON#122 = 0.0))
      :           +- Filter (isnotnull(LAT#92) AND isnotnull(LON#122))
      :              +- Project [DR_NO#36, Date Rptd#37, DATE OCC#38, TIME OCC#39, AREA#40, AREA NAME#41, Rpt Dist No#42, Part 1-2#43, Crm Cd#44, Crm Cd Desc#45, Mocodes#46, Vict Age#47, Vict Sex#48, Vict Descent#49, Premis Cd#50, Premis Desc#51, Weapon Used Cd#52, Weapon Desc#53, Status#54, Status Desc#55, Crm Cd 1#56, Crm Cd 2#57, Crm Cd 3#58, Crm Cd 4#59, ... 4 more fields]
      :                 +- Project [DR_NO#36, Date Rptd#37, DATE OCC#38, TIME OCC#39, AREA#40, AREA NAME#41, Rpt Dist No#42, Part 1-2#43, Crm Cd#44, Crm Cd Desc#45, Mocodes#46, Vict Age#47, Vict Sex#48, Vict Descent#49, Premis Cd#50, Premis Desc#51, Weapon Used Cd#52, Weapon Desc#53, Status#54, Status Desc#55, Crm Cd 1#56, Crm Cd 2#57, Crm Cd 3#58, Crm Cd 4#59, ... 4 more fields]
      :                    +- Relation [DR_NO#36,Date Rptd#37,DATE OCC#38,TIME OCC#39,AREA#40,AREA NAME#41,Rpt Dist No#42,Part 1-2#43,Crm Cd#44,Crm Cd Desc#45,Mocodes#46,Vict Age#47,Vict Sex#48,Vict Descent#49,Premis Cd#50,Premis Desc#51,Weapon Used Cd#52,Weapon Desc#53,Status#54,Status Desc#55,Crm Cd 1#56,Crm Cd 2#57,Crm Cd 3#58,Crm Cd 4#59,... 4 more fields] csv
      +- ResolvedHint (strategy=broadcast)
         +- Project [DIVISION#234, station_geom#258]
            +- Project [X#243, Y#251, FID#233, DIVISION#234, LOCATION#235, PREC#236,  **org.apache.spark.sql.sedona_sql.expressions.ST_Point**   AS station_geom#258]
               +- Project [X#243, cast(Y#232 as double) AS Y#251, FID#233, DIVISION#234, LOCATION#235, PREC#236]
                  +- Project [cast(X#231 as double) AS X#243, Y#232, FID#233, DIVISION#234, LOCATION#235, PREC#236]
                     +- Relation [X#231,Y#232,FID#233,DIVISION#234,LOCATION#235,PREC#236] csv

== Analyzed Logical Plan ==
crime_id: bigint, crime_geom: geometry, DIVISION: string, station_geom: geometry, distance_m: double, distance_km: double
Project [crime_id#151L, crime_geom#181, DIVISION#234, station_geom#258, distance_m#272, (distance_m#272 / 1000.0) AS distance_km#278]
+- Project [crime_id#151L, crime_geom#181, DIVISION#234, station_geom#258,  **org.apache.spark.sql.sedona_sql.expressions.ST_DistanceSphere**   AS distance_m#272]
   +- Join Cross
      :- Project [crime_id#151L, crime_geom#181]
      :  +- Project [DR_NO#36, Date Rptd#37, DATE OCC#38, TIME OCC#39, AREA#40, AREA NAME#41, Rpt Dist No#42, Part 1-2#43, Crm Cd#44, Crm Cd Desc#45, Mocodes#46, Vict Age#47, Vict Sex#48, Vict Descent#49, Premis Cd#50, Premis Desc#51, Weapon Used Cd#52, Weapon Desc#53, Status#54, Status Desc#55, Crm Cd 1#56, Crm Cd 2#57, Crm Cd 3#58, Crm Cd 4#59, ... 6 more fields]
      :     +- Project [DR_NO#36, Date Rptd#37, DATE OCC#38, TIME OCC#39, AREA#40, AREA NAME#41, Rpt Dist No#42, Part 1-2#43, Crm Cd#44, Crm Cd Desc#45, Mocodes#46, Vict Age#47, Vict Sex#48, Vict Descent#49, Premis Cd#50, Premis Desc#51, Weapon Used Cd#52, Weapon Desc#53, Status#54, Status Desc#55, Crm Cd 1#56, Crm Cd 2#57, Crm Cd 3#58, Crm Cd 4#59, ... 5 more fields]
      :        +- Filter (NOT (LAT#92 = 0.0) OR NOT (LON#122 = 0.0))
      :           +- Filter (isnotnull(LAT#92) AND isnotnull(LON#122))
      :              +- Project [DR_NO#36, Date Rptd#37, DATE OCC#38, TIME OCC#39, AREA#40, AREA NAME#41, Rpt Dist No#42, Part 1-2#43, Crm Cd#44, Crm Cd Desc#45, Mocodes#46, Vict Age#47, Vict Sex#48, Vict Descent#49, Premis Cd#50, Premis Desc#51, Weapon Used Cd#52, Weapon Desc#53, Status#54, Status Desc#55, Crm Cd 1#56, Crm Cd 2#57, Crm Cd 3#58, Crm Cd 4#59, ... 4 more fields]
      :                 +- Project [DR_NO#36, Date Rptd#37, DATE OCC#38, TIME OCC#39, AREA#40, AREA NAME#41, Rpt Dist No#42, Part 1-2#43, Crm Cd#44, Crm Cd Desc#45, Mocodes#46, Vict Age#47, Vict Sex#48, Vict Descent#49, Premis Cd#50, Premis Desc#51, Weapon Used Cd#52, Weapon Desc#53, Status#54, Status Desc#55, Crm Cd 1#56, Crm Cd 2#57, Crm Cd 3#58, Crm Cd 4#59, ... 4 more fields]
      :                    +- Relation [DR_NO#36,Date Rptd#37,DATE OCC#38,TIME OCC#39,AREA#40,AREA NAME#41,Rpt Dist No#42,Part 1-2#43,Crm Cd#44,Crm Cd Desc#45,Mocodes#46,Vict Age#47,Vict Sex#48,Vict Descent#49,Premis Cd#50,Premis Desc#51,Weapon Used Cd#52,Weapon Desc#53,Status#54,Status Desc#55,Crm Cd 1#56,Crm Cd 2#57,Crm Cd 3#58,Crm Cd 4#59,... 4 more fields] csv
      +- ResolvedHint (strategy=broadcast)
         +- Project [DIVISION#234, station_geom#258]
            +- Project [X#243, Y#251, FID#233, DIVISION#234, LOCATION#235, PREC#236,  **org.apache.spark.sql.sedona_sql.expressions.ST_Point**   AS station_geom#258]
               +- Project [X#243, cast(Y#232 as double) AS Y#251, FID#233, DIVISION#234, LOCATION#235, PREC#236]
                  +- Project [cast(X#231 as double) AS X#243, Y#232, FID#233, DIVISION#234, LOCATION#235, PREC#236]
                     +- Relation [X#231,Y#232,FID#233,DIVISION#234,LOCATION#235,PREC#236] csv

== Optimized Logical Plan ==
Project [crime_id#151L, crime_geom#181, DIVISION#234, station_geom#258, distance_m#272, (distance_m#272 / 1000.0) AS distance_km#278]
+- Project [crime_id#151L, crime_geom#181, DIVISION#234, station_geom#258,  **org.apache.spark.sql.sedona_sql.expressions.ST_DistanceSphere**   AS distance_m#272]
   +- Join Cross, rightHint=(strategy=broadcast)
      :- Project [crime_id#151L,  **org.apache.spark.sql.sedona_sql.expressions.ST_Point**   AS crime_geom#181]
      :  +- Project [LAT#62, LON#63, monotonically_increasing_id() AS crime_id#151L]
      :     +- Filter ((isnotnull(LAT#62) AND isnotnull(LON#63)) AND (NOT (LAT#62 = 0.0) OR NOT (LON#63 = 0.0)))
      :        +- Relation [DR_NO#36,Date Rptd#37,DATE OCC#38,TIME OCC#39,AREA#40,AREA NAME#41,Rpt Dist No#42,Part 1-2#43,Crm Cd#44,Crm Cd Desc#45,Mocodes#46,Vict Age#47,Vict Sex#48,Vict Descent#49,Premis Cd#50,Premis Desc#51,Weapon Used Cd#52,Weapon Desc#53,Status#54,Status Desc#55,Crm Cd 1#56,Crm Cd 2#57,Crm Cd 3#58,Crm Cd 4#59,... 4 more fields] csv
      +- Project [DIVISION#234,  **org.apache.spark.sql.sedona_sql.expressions.ST_Point**   AS station_geom#258]
         +- Relation [X#231,Y#232,FID#233,DIVISION#234,LOCATION#235,PREC#236] csv

== Physical Plan ==
AdaptiveSparkPlan isFinalPlan=false
+- Project [crime_id#151L, crime_geom#181, DIVISION#234, station_geom#258, distance_m#272, (distance_m#272 / 1000.0) AS distance_km#278]
   +- Project [crime_id#151L, crime_geom#181, DIVISION#234, station_geom#258,  **org.apache.spark.sql.sedona_sql.expressions.ST_DistanceSphere**   AS distance_m#272]
      +- BroadcastNestedLoopJoin BuildRight, Cross
         :- Project [crime_id#151L,  **org.apache.spark.sql.sedona_sql.expressions.ST_Point**   AS crime_geom#181]
         :  +- Project [LAT#62, LON#63, monotonically_increasing_id() AS crime_id#151L]
         :     +- Filter ((isnotnull(LAT#62) AND isnotnull(LON#63)) AND (NOT (LAT#62 = 0.0) OR NOT (LON#63 = 0.0)))
         :        +- FileScan csv [LAT#62,LON#63] Batched: false, DataFilters: [isnotnull(LAT#62), isnotnull(LON#63), (NOT (LAT#62 = 0.0) OR NOT (LON#63 = 0.0))], Format: CSV, Location: InMemoryFileIndex(2 paths)[file:/data/LA_Crime_Data/LA_Crime_Data_2010_2019.csv, file:/data/LA_Cr..., PartitionFilters: [], PushedFilters: [IsNotNull(LAT), IsNotNull(LON), Or(Not(EqualTo(LAT,0.0)),Not(EqualTo(LON,0.0)))], ReadSchema: struct<LAT:double,LON:double>
         +- BroadcastExchange IdentityBroadcastMode, [plan_id=94]
            +- Project [DIVISION#234,  **org.apache.spark.sql.sedona_sql.expressions.ST_Point**   AS station_geom#258]
               +- FileScan csv [X#231,Y#232,DIVISION#234] Batched: false, DataFilters: [], Format: CSV, Location: InMemoryFileIndex(1 paths)[file:/data/LA_Police_Stations.csv], PartitionFilters: [], PushedFilters: [], ReadSchema: struct<X:double,Y:double,DIVISION:string>

=== Q4: Results (DIVISION, average_distance_km, count) ===
25/12/10 17:29:09 INFO FileSourceStrategy: Pushed Filters: IsNotNull(LAT),IsNotNull(LON),Or(Not(EqualTo(LAT,0.0)),Not(EqualTo(LON,0.0)))
25/12/10 17:29:09 INFO FileSourceStrategy: Post-Scan Filters: isnotnull(LAT#62),isnotnull(LON#63),(NOT (LAT#62 = 0.0) OR NOT (LON#63 = 0.0))
25/12/10 17:29:09 INFO FileSourceStrategy: Pushed Filters: 
25/12/10 17:29:09 INFO FileSourceStrategy: Post-Scan Filters: 
25/12/10 17:29:09 INFO MemoryStore: Block broadcast_10 stored as values in memory (estimated size 212.3 KiB, free 433.6 MiB)
25/12/10 17:29:09 INFO MemoryStore: Block broadcast_10_piece0 stored as bytes in memory (estimated size 39.3 KiB, free 433.6 MiB)
25/12/10 17:29:09 INFO BlockManagerInfo: Added broadcast_10_piece0 in memory on spark-master:37827 (size: 39.3 KiB, free: 434.3 MiB)
25/12/10 17:29:09 INFO SparkContext: Created broadcast 10 from $anonfun$withThreadLocalCaptured$1 at <unknown>:0
25/12/10 17:29:09 INFO FileSourceScanExec: Planning scan with bin packing, max size: 4194304 bytes, open cost is considered as scanning 4194304 bytes.
25/12/10 17:29:09 INFO SparkContext: Starting job: $anonfun$withThreadLocalCaptured$1 at <unknown>:0
25/12/10 17:29:09 INFO DAGScheduler: Got job 6 ($anonfun$withThreadLocalCaptured$1 at <unknown>:0) with 1 output partitions
25/12/10 17:29:09 INFO DAGScheduler: Final stage: ResultStage 7 ($anonfun$withThreadLocalCaptured$1 at <unknown>:0)
25/12/10 17:29:09 INFO DAGScheduler: Parents of final stage: List()
25/12/10 17:29:09 INFO DAGScheduler: Missing parents: List()
25/12/10 17:29:09 INFO DAGScheduler: Submitting ResultStage 7 (MapPartitionsRDD[29] at $anonfun$withThreadLocalCaptured$1 at <unknown>:0), which has no missing parents
25/12/10 17:29:09 INFO MemoryStore: Block broadcast_11 stored as values in memory (estimated size 22.8 KiB, free 433.6 MiB)
25/12/10 17:29:09 INFO MemoryStore: Block broadcast_11_piece0 stored as bytes in memory (estimated size 11.0 KiB, free 433.6 MiB)
25/12/10 17:29:09 INFO BlockManagerInfo: Added broadcast_11_piece0 in memory on spark-master:37827 (size: 11.0 KiB, free: 434.3 MiB)
25/12/10 17:29:09 INFO SparkContext: Created broadcast 11 from broadcast at DAGScheduler.scala:1580
25/12/10 17:29:09 INFO DAGScheduler: Submitting 1 missing tasks from ResultStage 7 (MapPartitionsRDD[29] at $anonfun$withThreadLocalCaptured$1 at <unknown>:0) (first 15 tasks are for partitions Vector(0))
25/12/10 17:29:09 INFO TaskSchedulerImpl: Adding task set 7.0 with 1 tasks resource profile 0
25/12/10 17:29:09 INFO TaskSetManager: Starting task 0.0 in stage 7.0 (TID 13) (172.18.0.3, executor 2, partition 0, PROCESS_LOCAL, 13395 bytes) 
25/12/10 17:29:09 INFO BlockManagerInfo: Added broadcast_11_piece0 in memory on 172.18.0.3:44119 (size: 11.0 KiB, free: 2.2 GiB)
25/12/10 17:29:09 INFO BlockManagerInfo: Added broadcast_10_piece0 in memory on 172.18.0.3:44119 (size: 39.3 KiB, free: 2.2 GiB)
25/12/10 17:29:09 INFO TaskSetManager: Finished task 0.0 in stage 7.0 (TID 13) in 408 ms on 172.18.0.3 (executor 2) (1/1)
25/12/10 17:29:09 INFO TaskSchedulerImpl: Removed TaskSet 7.0, whose tasks have all completed, from pool 
25/12/10 17:29:09 INFO DAGScheduler: ResultStage 7 ($anonfun$withThreadLocalCaptured$1 at <unknown>:0) finished in 0.418 s
25/12/10 17:29:09 INFO DAGScheduler: Job 6 is finished. Cancelling potential speculative or zombie tasks for this job
25/12/10 17:29:09 INFO TaskSchedulerImpl: Killing all running tasks in stage 7: Stage finished
25/12/10 17:29:09 INFO DAGScheduler: Job 6 finished: $anonfun$withThreadLocalCaptured$1 at <unknown>:0, took 0.414397 s
25/12/10 17:29:09 INFO MemoryStore: Block broadcast_12_piece0 stored as bytes in memory (estimated size 942.0 B, free 433.6 MiB)
25/12/10 17:29:09 INFO BlockManagerInfo: Added broadcast_12_piece0 in memory on spark-master:37827 (size: 942.0 B, free: 434.3 MiB)
25/12/10 17:29:09 INFO SparkContext: Created broadcast 12 from $anonfun$withThreadLocalCaptured$1 at <unknown>:0
25/12/10 17:29:09 INFO FileSourceStrategy: Pushed Filters: IsNotNull(LAT),IsNotNull(LON),Or(Not(EqualTo(LAT,0.0)),Not(EqualTo(LON,0.0)))
25/12/10 17:29:09 INFO FileSourceStrategy: Post-Scan Filters: isnotnull(LAT#62),isnotnull(LON#63),(NOT (LAT#62 = 0.0) OR NOT (LON#63 = 0.0))
25/12/10 17:29:09 INFO CodeGenerator: Code generated in 15.7285 ms
25/12/10 17:29:09 INFO CodeGenerator: Code generated in 8.522458 ms
25/12/10 17:29:09 INFO CodeGenerator: Code generated in 7.831583 ms
25/12/10 17:29:09 INFO MemoryStore: Block broadcast_13 stored as values in memory (estimated size 212.3 KiB, free 433.3 MiB)
25/12/10 17:29:09 INFO MemoryStore: Block broadcast_13_piece0 stored as bytes in memory (estimated size 39.3 KiB, free 433.3 MiB)
25/12/10 17:29:09 INFO BlockManagerInfo: Added broadcast_13_piece0 in memory on spark-master:37827 (size: 39.3 KiB, free: 434.2 MiB)
25/12/10 17:29:09 INFO SparkContext: Created broadcast 13 from showString at <unknown>:0
25/12/10 17:29:09 INFO FileSourceScanExec: Planning scan with bin packing, max size: 118509402 bytes, open cost is considered as scanning 4194304 bytes.
25/12/10 17:29:09 INFO DAGScheduler: Registering RDD 38 (showString at <unknown>:0) as input to shuffle 1
25/12/10 17:29:09 INFO DAGScheduler: Got map stage job 7 (showString at <unknown>:0) with 8 output partitions
25/12/10 17:29:09 INFO DAGScheduler: Final stage: ShuffleMapStage 8 (showString at <unknown>:0)
25/12/10 17:29:09 INFO DAGScheduler: Parents of final stage: List()
25/12/10 17:29:09 INFO DAGScheduler: Missing parents: List()
25/12/10 17:29:09 INFO DAGScheduler: Submitting ShuffleMapStage 8 (MapPartitionsRDD[38] at showString at <unknown>:0), which has no missing parents
25/12/10 17:29:09 INFO MemoryStore: Block broadcast_14 stored as values in memory (estimated size 51.2 KiB, free 433.3 MiB)
25/12/10 17:29:09 INFO MemoryStore: Block broadcast_14_piece0 stored as bytes in memory (estimated size 23.3 KiB, free 433.2 MiB)
25/12/10 17:29:09 INFO BlockManagerInfo: Added broadcast_14_piece0 in memory on spark-master:37827 (size: 23.3 KiB, free: 434.2 MiB)
25/12/10 17:29:09 INFO SparkContext: Created broadcast 14 from broadcast at DAGScheduler.scala:1580
25/12/10 17:29:09 INFO DAGScheduler: Submitting 8 missing tasks from ShuffleMapStage 8 (MapPartitionsRDD[38] at showString at <unknown>:0) (first 15 tasks are for partitions Vector(0, 1, 2, 3, 4, 5, 6, 7))
25/12/10 17:29:09 INFO TaskSchedulerImpl: Adding task set 8.0 with 8 tasks resource profile 0
25/12/10 17:29:09 INFO TaskSetManager: Starting task 0.0 in stage 8.0 (TID 14) (172.18.0.3, executor 1, partition 0, PROCESS_LOCAL, 13403 bytes) 
25/12/10 17:29:09 INFO TaskSetManager: Starting task 1.0 in stage 8.0 (TID 15) (172.18.0.3, executor 2, partition 1, PROCESS_LOCAL, 13403 bytes) 
25/12/10 17:29:09 INFO TaskSetManager: Starting task 2.0 in stage 8.0 (TID 16) (172.18.0.3, executor 3, partition 2, PROCESS_LOCAL, 13403 bytes) 
25/12/10 17:29:09 INFO TaskSetManager: Starting task 3.0 in stage 8.0 (TID 17) (172.18.0.3, executor 0, partition 3, PROCESS_LOCAL, 13403 bytes) 
25/12/10 17:29:09 INFO TaskSetManager: Starting task 4.0 in stage 8.0 (TID 18) (172.18.0.3, executor 1, partition 4, PROCESS_LOCAL, 13403 bytes) 
25/12/10 17:29:09 INFO TaskSetManager: Starting task 5.0 in stage 8.0 (TID 19) (172.18.0.3, executor 2, partition 5, PROCESS_LOCAL, 13403 bytes) 
25/12/10 17:29:09 INFO TaskSetManager: Starting task 6.0 in stage 8.0 (TID 20) (172.18.0.3, executor 3, partition 6, PROCESS_LOCAL, 13403 bytes) 
25/12/10 17:29:09 INFO TaskSetManager: Starting task 7.0 in stage 8.0 (TID 21) (172.18.0.3, executor 0, partition 7, PROCESS_LOCAL, 13514 bytes) 
25/12/10 17:29:09 INFO BlockManagerInfo: Added broadcast_14_piece0 in memory on 172.18.0.3:37931 (size: 23.3 KiB, free: 2.2 GiB)
25/12/10 17:29:09 INFO BlockManagerInfo: Added broadcast_14_piece0 in memory on 172.18.0.3:44119 (size: 23.3 KiB, free: 2.2 GiB)
25/12/10 17:29:09 INFO BlockManagerInfo: Added broadcast_14_piece0 in memory on 172.18.0.3:33237 (size: 23.3 KiB, free: 2.2 GiB)
25/12/10 17:29:09 INFO BlockManagerInfo: Added broadcast_14_piece0 in memory on 172.18.0.3:42091 (size: 23.3 KiB, free: 2.2 GiB)
25/12/10 17:29:10 INFO BlockManagerInfo: Added broadcast_12_piece0 in memory on 172.18.0.3:44119 (size: 942.0 B, free: 2.2 GiB)
25/12/10 17:29:10 INFO BlockManagerInfo: Added broadcast_13_piece0 in memory on 172.18.0.3:44119 (size: 39.3 KiB, free: 2.2 GiB)
25/12/10 17:29:10 INFO BlockManagerInfo: Added broadcast_12_piece0 in memory on 172.18.0.3:37931 (size: 942.0 B, free: 2.2 GiB)
25/12/10 17:29:10 INFO BlockManagerInfo: Added broadcast_12_piece0 in memory on 172.18.0.3:33237 (size: 942.0 B, free: 2.2 GiB)
25/12/10 17:29:10 INFO BlockManagerInfo: Added broadcast_12_piece0 in memory on 172.18.0.3:42091 (size: 942.0 B, free: 2.2 GiB)
25/12/10 17:29:10 INFO BlockManagerInfo: Added broadcast_13_piece0 in memory on 172.18.0.3:37931 (size: 39.3 KiB, free: 2.2 GiB)
25/12/10 17:29:11 INFO BlockManagerInfo: Added broadcast_13_piece0 in memory on 172.18.0.3:33237 (size: 39.3 KiB, free: 2.2 GiB)
25/12/10 17:29:11 INFO BlockManagerInfo: Added broadcast_13_piece0 in memory on 172.18.0.3:42091 (size: 39.3 KiB, free: 2.2 GiB)
25/12/10 17:29:28 INFO TaskSetManager: Finished task 7.0 in stage 8.0 (TID 21) in 18360 ms on 172.18.0.3 (executor 0) (1/8)
25/12/10 17:29:28 INFO TaskSetManager: Finished task 3.0 in stage 8.0 (TID 17) in 18434 ms on 172.18.0.3 (executor 0) (2/8)
25/12/10 17:29:28 INFO TaskSetManager: Finished task 5.0 in stage 8.0 (TID 19) in 18445 ms on 172.18.0.3 (executor 2) (3/8)
25/12/10 17:29:28 INFO TaskSetManager: Finished task 1.0 in stage 8.0 (TID 15) in 18484 ms on 172.18.0.3 (executor 2) (4/8)
25/12/10 17:29:28 INFO TaskSetManager: Finished task 0.0 in stage 8.0 (TID 14) in 19226 ms on 172.18.0.3 (executor 1) (5/8)
25/12/10 17:29:28 INFO TaskSetManager: Finished task 4.0 in stage 8.0 (TID 18) in 19226 ms on 172.18.0.3 (executor 1) (6/8)
25/12/10 17:29:29 INFO TaskSetManager: Finished task 2.0 in stage 8.0 (TID 16) in 19623 ms on 172.18.0.3 (executor 3) (7/8)
25/12/10 17:29:29 INFO TaskSetManager: Finished task 6.0 in stage 8.0 (TID 20) in 19672 ms on 172.18.0.3 (executor 3) (8/8)
25/12/10 17:29:29 INFO TaskSchedulerImpl: Removed TaskSet 8.0, whose tasks have all completed, from pool 
25/12/10 17:29:29 INFO DAGScheduler: ShuffleMapStage 8 (showString at <unknown>:0) finished in 19.693 s
25/12/10 17:29:29 INFO DAGScheduler: looking for newly runnable stages
25/12/10 17:29:29 INFO DAGScheduler: running: Set()
25/12/10 17:29:29 INFO DAGScheduler: waiting: Set()
25/12/10 17:29:29 INFO DAGScheduler: failed: Set()
25/12/10 17:29:29 INFO ShufflePartitionsUtil: For shuffle(1), advisory target size: 67108864, actual target size 11285852, minimum partition size: 1048576
25/12/10 17:29:29 INFO CodeGenerator: Code generated in 57.902167 ms
25/12/10 17:29:29 INFO CodeGenerator: Code generated in 8.418959 ms
25/12/10 17:29:29 INFO DAGScheduler: Registering RDD 44 (showString at <unknown>:0) as input to shuffle 2
25/12/10 17:29:29 INFO DAGScheduler: Got map stage job 8 (showString at <unknown>:0) with 11 output partitions
25/12/10 17:29:29 INFO DAGScheduler: Final stage: ShuffleMapStage 10 (showString at <unknown>:0)
25/12/10 17:29:29 INFO DAGScheduler: Parents of final stage: List(ShuffleMapStage 9)
25/12/10 17:29:29 INFO DAGScheduler: Missing parents: List()
25/12/10 17:29:29 INFO DAGScheduler: Submitting ShuffleMapStage 10 (MapPartitionsRDD[44] at showString at <unknown>:0), which has no missing parents
25/12/10 17:29:29 INFO MemoryStore: Block broadcast_15 stored as values in memory (estimated size 72.7 KiB, free 433.2 MiB)
25/12/10 17:29:29 INFO MemoryStore: Block broadcast_15_piece0 stored as bytes in memory (estimated size 32.7 KiB, free 433.1 MiB)
25/12/10 17:29:29 INFO BlockManagerInfo: Added broadcast_15_piece0 in memory on spark-master:37827 (size: 32.7 KiB, free: 434.2 MiB)
25/12/10 17:29:29 INFO SparkContext: Created broadcast 15 from broadcast at DAGScheduler.scala:1580
25/12/10 17:29:29 INFO DAGScheduler: Submitting 11 missing tasks from ShuffleMapStage 10 (MapPartitionsRDD[44] at showString at <unknown>:0) (first 15 tasks are for partitions Vector(0, 1, 2, 3, 4, 5, 6, 7, 8, 9, 10))
25/12/10 17:29:29 INFO TaskSchedulerImpl: Adding task set 10.0 with 11 tasks resource profile 0
25/12/10 17:29:29 INFO TaskSetManager: Starting task 0.0 in stage 10.0 (TID 22) (172.18.0.3, executor 2, partition 0, NODE_LOCAL, 12786 bytes) 
25/12/10 17:29:29 INFO TaskSetManager: Starting task 1.0 in stage 10.0 (TID 23) (172.18.0.3, executor 1, partition 1, NODE_LOCAL, 12786 bytes) 
25/12/10 17:29:29 INFO TaskSetManager: Starting task 2.0 in stage 10.0 (TID 24) (172.18.0.3, executor 0, partition 2, NODE_LOCAL, 12786 bytes) 
25/12/10 17:29:29 INFO TaskSetManager: Starting task 3.0 in stage 10.0 (TID 25) (172.18.0.3, executor 3, partition 3, NODE_LOCAL, 12786 bytes) 
25/12/10 17:29:29 INFO TaskSetManager: Starting task 4.0 in stage 10.0 (TID 26) (172.18.0.3, executor 2, partition 4, NODE_LOCAL, 12786 bytes) 
25/12/10 17:29:29 INFO TaskSetManager: Starting task 5.0 in stage 10.0 (TID 27) (172.18.0.3, executor 1, partition 5, NODE_LOCAL, 12786 bytes) 
25/12/10 17:29:29 INFO TaskSetManager: Starting task 6.0 in stage 10.0 (TID 28) (172.18.0.3, executor 0, partition 6, NODE_LOCAL, 12786 bytes) 
25/12/10 17:29:29 INFO TaskSetManager: Starting task 7.0 in stage 10.0 (TID 29) (172.18.0.3, executor 3, partition 7, NODE_LOCAL, 12786 bytes) 
25/12/10 17:29:29 INFO BlockManagerInfo: Added broadcast_15_piece0 in memory on 172.18.0.3:42091 (size: 32.7 KiB, free: 2.2 GiB)
25/12/10 17:29:29 INFO BlockManagerInfo: Added broadcast_15_piece0 in memory on 172.18.0.3:44119 (size: 32.7 KiB, free: 2.2 GiB)
25/12/10 17:29:29 INFO BlockManagerInfo: Added broadcast_15_piece0 in memory on 172.18.0.3:33237 (size: 32.7 KiB, free: 2.2 GiB)
25/12/10 17:29:29 INFO BlockManagerInfo: Added broadcast_15_piece0 in memory on 172.18.0.3:37931 (size: 32.7 KiB, free: 2.2 GiB)
25/12/10 17:29:29 INFO MapOutputTrackerMasterEndpoint: Asked to send map output locations for shuffle 1 to 172.18.0.3:37076
25/12/10 17:29:29 INFO MapOutputTrackerMasterEndpoint: Asked to send map output locations for shuffle 1 to 172.18.0.3:37060
25/12/10 17:29:29 INFO MapOutputTrackerMasterEndpoint: Asked to send map output locations for shuffle 1 to 172.18.0.3:37080
25/12/10 17:29:29 INFO MapOutputTrackerMasterEndpoint: Asked to send map output locations for shuffle 1 to 172.18.0.3:37048
25/12/10 17:29:31 INFO TaskSetManager: Starting task 8.0 in stage 10.0 (TID 30) (172.18.0.3, executor 2, partition 8, NODE_LOCAL, 12786 bytes) 
25/12/10 17:29:31 INFO TaskSetManager: Finished task 4.0 in stage 10.0 (TID 26) in 1585 ms on 172.18.0.3 (executor 2) (1/11)
25/12/10 17:29:31 INFO TaskSetManager: Starting task 9.0 in stage 10.0 (TID 31) (172.18.0.3, executor 2, partition 9, NODE_LOCAL, 12786 bytes) 
25/12/10 17:29:31 INFO TaskSetManager: Finished task 0.0 in stage 10.0 (TID 22) in 1593 ms on 172.18.0.3 (executor 2) (2/11)
25/12/10 17:29:31 INFO TaskSetManager: Starting task 10.0 in stage 10.0 (TID 32) (172.18.0.3, executor 0, partition 10, NODE_LOCAL, 12786 bytes) 
25/12/10 17:29:31 INFO TaskSetManager: Finished task 6.0 in stage 10.0 (TID 28) in 1777 ms on 172.18.0.3 (executor 0) (3/11)
25/12/10 17:29:31 INFO TaskSetManager: Finished task 7.0 in stage 10.0 (TID 29) in 1781 ms on 172.18.0.3 (executor 3) (4/11)
25/12/10 17:29:31 INFO TaskSetManager: Finished task 2.0 in stage 10.0 (TID 24) in 1890 ms on 172.18.0.3 (executor 0) (5/11)
25/12/10 17:29:31 INFO TaskSetManager: Finished task 1.0 in stage 10.0 (TID 23) in 1911 ms on 172.18.0.3 (executor 1) (6/11)
25/12/10 17:29:31 INFO TaskSetManager: Finished task 3.0 in stage 10.0 (TID 25) in 1958 ms on 172.18.0.3 (executor 3) (7/11)
25/12/10 17:29:31 INFO TaskSetManager: Finished task 5.0 in stage 10.0 (TID 27) in 2051 ms on 172.18.0.3 (executor 1) (8/11)
25/12/10 17:29:31 INFO TaskSetManager: Finished task 10.0 in stage 10.0 (TID 32) in 376 ms on 172.18.0.3 (executor 0) (9/11)
25/12/10 17:29:31 INFO TaskSetManager: Finished task 8.0 in stage 10.0 (TID 30) in 667 ms on 172.18.0.3 (executor 2) (10/11)
25/12/10 17:29:31 INFO TaskSetManager: Finished task 9.0 in stage 10.0 (TID 31) in 659 ms on 172.18.0.3 (executor 2) (11/11)
25/12/10 17:29:31 INFO TaskSchedulerImpl: Removed TaskSet 10.0, whose tasks have all completed, from pool 
25/12/10 17:29:31 INFO DAGScheduler: ShuffleMapStage 10 (showString at <unknown>:0) finished in 2.267 s
25/12/10 17:29:31 INFO DAGScheduler: looking for newly runnable stages
25/12/10 17:29:31 INFO DAGScheduler: running: Set()
25/12/10 17:29:31 INFO DAGScheduler: waiting: Set()
25/12/10 17:29:31 INFO DAGScheduler: failed: Set()
25/12/10 17:29:31 INFO ShufflePartitionsUtil: For shuffle(2), advisory target size: 67108864, actual target size 1048576, minimum partition size: 1048576
25/12/10 17:29:31 INFO CodeGenerator: Code generated in 16.792042 ms
25/12/10 17:29:31 INFO HashAggregateExec: spark.sql.codegen.aggregate.map.twolevel.enabled is set to true, but current version of codegened fast hashmap does not support this aggregate.
25/12/10 17:29:31 INFO CodeGenerator: Code generated in 12.33075 ms
25/12/10 17:29:31 INFO BlockManagerInfo: Removed broadcast_11_piece0 on spark-master:37827 in memory (size: 11.0 KiB, free: 434.2 MiB)
25/12/10 17:29:31 INFO BlockManagerInfo: Removed broadcast_11_piece0 on 172.18.0.3:44119 in memory (size: 11.0 KiB, free: 2.2 GiB)
25/12/10 17:29:31 INFO BlockManagerInfo: Removed broadcast_15_piece0 on 172.18.0.3:42091 in memory (size: 32.7 KiB, free: 2.2 GiB)
25/12/10 17:29:31 INFO BlockManagerInfo: Removed broadcast_15_piece0 on 172.18.0.3:44119 in memory (size: 32.7 KiB, free: 2.2 GiB)
25/12/10 17:29:31 INFO BlockManagerInfo: Removed broadcast_15_piece0 on 172.18.0.3:37931 in memory (size: 32.7 KiB, free: 2.2 GiB)
25/12/10 17:29:31 INFO BlockManagerInfo: Removed broadcast_15_piece0 on spark-master:37827 in memory (size: 32.7 KiB, free: 434.2 MiB)
25/12/10 17:29:31 INFO BlockManagerInfo: Removed broadcast_15_piece0 on 172.18.0.3:33237 in memory (size: 32.7 KiB, free: 2.2 GiB)
25/12/10 17:29:31 INFO BlockManagerInfo: Removed broadcast_9_piece0 on 172.18.0.3:44119 in memory (size: 15.4 KiB, free: 2.2 GiB)
25/12/10 17:29:31 INFO BlockManagerInfo: Removed broadcast_9_piece0 on spark-master:37827 in memory (size: 15.4 KiB, free: 434.2 MiB)
25/12/10 17:29:31 INFO SparkContext: Starting job: showString at <unknown>:0
25/12/10 17:29:31 INFO DAGScheduler: Got job 9 (showString at <unknown>:0) with 1 output partitions
25/12/10 17:29:31 INFO DAGScheduler: Final stage: ResultStage 13 (showString at <unknown>:0)
25/12/10 17:29:31 INFO DAGScheduler: Parents of final stage: List(ShuffleMapStage 12)
25/12/10 17:29:31 INFO DAGScheduler: Missing parents: List()
25/12/10 17:29:31 INFO DAGScheduler: Submitting ResultStage 13 (MapPartitionsRDD[48] at showString at <unknown>:0), which has no missing parents
25/12/10 17:29:31 INFO BlockManagerInfo: Removed broadcast_8_piece0 on spark-master:37827 in memory (size: 39.3 KiB, free: 434.3 MiB)
25/12/10 17:29:31 INFO MemoryStore: Block broadcast_16 stored as values in memory (estimated size 71.7 KiB, free 433.3 MiB)
25/12/10 17:29:31 INFO MemoryStore: Block broadcast_16_piece0 stored as bytes in memory (estimated size 31.7 KiB, free 433.5 MiB)
25/12/10 17:29:31 INFO BlockManagerInfo: Removed broadcast_8_piece0 on 172.18.0.3:44119 in memory (size: 39.3 KiB, free: 2.2 GiB)
25/12/10 17:29:31 INFO BlockManagerInfo: Added broadcast_16_piece0 in memory on spark-master:37827 (size: 31.7 KiB, free: 434.2 MiB)
25/12/10 17:29:31 INFO SparkContext: Created broadcast 16 from broadcast at DAGScheduler.scala:1580
25/12/10 17:29:31 INFO DAGScheduler: Submitting 1 missing tasks from ResultStage 13 (MapPartitionsRDD[48] at showString at <unknown>:0) (first 15 tasks are for partitions Vector(0))
25/12/10 17:29:31 INFO TaskSchedulerImpl: Adding task set 13.0 with 1 tasks resource profile 0
25/12/10 17:29:31 INFO TaskSetManager: Starting task 0.0 in stage 13.0 (TID 33) (172.18.0.3, executor 2, partition 0, NODE_LOCAL, 12797 bytes) 
25/12/10 17:29:31 INFO BlockManagerInfo: Removed broadcast_14_piece0 on spark-master:37827 in memory (size: 23.3 KiB, free: 434.2 MiB)
25/12/10 17:29:31 INFO BlockManagerInfo: Removed broadcast_14_piece0 on 172.18.0.3:37931 in memory (size: 23.3 KiB, free: 2.2 GiB)
25/12/10 17:29:31 INFO BlockManagerInfo: Removed broadcast_14_piece0 on 172.18.0.3:33237 in memory (size: 23.3 KiB, free: 2.2 GiB)
25/12/10 17:29:31 INFO BlockManagerInfo: Removed broadcast_14_piece0 on 172.18.0.3:44119 in memory (size: 23.3 KiB, free: 2.2 GiB)
25/12/10 17:29:31 INFO BlockManagerInfo: Removed broadcast_14_piece0 on 172.18.0.3:42091 in memory (size: 23.3 KiB, free: 2.2 GiB)
25/12/10 17:29:31 INFO BlockManagerInfo: Added broadcast_16_piece0 in memory on 172.18.0.3:44119 (size: 31.7 KiB, free: 2.2 GiB)
25/12/10 17:29:32 INFO BlockManagerInfo: Removed broadcast_6_piece0 on spark-master:37827 in memory (size: 39.3 KiB, free: 434.3 MiB)
25/12/10 17:29:32 INFO BlockManagerInfo: Removed broadcast_6_piece0 on 172.18.0.3:37931 in memory (size: 39.3 KiB, free: 2.2 GiB)
25/12/10 17:29:32 INFO BlockManagerInfo: Removed broadcast_7_piece0 on spark-master:37827 in memory (size: 6.4 KiB, free: 434.3 MiB)
25/12/10 17:29:32 INFO BlockManagerInfo: Removed broadcast_7_piece0 on 172.18.0.3:37931 in memory (size: 6.4 KiB, free: 2.2 GiB)
25/12/10 17:29:32 INFO MapOutputTrackerMasterEndpoint: Asked to send map output locations for shuffle 2 to 172.18.0.3:37060
25/12/10 17:29:32 INFO TaskSetManager: Finished task 0.0 in stage 13.0 (TID 33) in 78 ms on 172.18.0.3 (executor 2) (1/1)
25/12/10 17:29:32 INFO TaskSchedulerImpl: Removed TaskSet 13.0, whose tasks have all completed, from pool 
25/12/10 17:29:32 INFO DAGScheduler: ResultStage 13 (showString at <unknown>:0) finished in 0.085 s
25/12/10 17:29:32 INFO DAGScheduler: Job 9 is finished. Cancelling potential speculative or zombie tasks for this job
25/12/10 17:29:32 INFO TaskSchedulerImpl: Killing all running tasks in stage 13: Stage finished
25/12/10 17:29:32 INFO DAGScheduler: Job 9 finished: showString at <unknown>:0, took 0.088759 s
25/12/10 17:29:32 INFO CodeGenerator: Code generated in 4.859459 ms
25/12/10 17:29:32 INFO CodeGenerator: Code generated in 5.8035 ms
+----------------+-------------------+------+
|DIVISION        |average_distance_km|count |
+----------------+-------------------+------+
|HOLLYWOOD       |2.076509510335541  |225515|
|VAN NUYS        |2.9533967178794294 |211130|
|SOUTHWEST       |2.191496853863328  |189565|
|WILSHIRE        |2.592740902606827  |187061|
|77TH STREET     |1.7169458432847724 |172558|
|OLYMPIC         |1.7253580111582605 |172353|
|NORTH HOLLYWOOD |2.643170658048244  |168655|
|PACIFIC         |3.8533669644567734 |162514|
|CENTRAL         |0.9932142583673489 |154952|
|SOUTHEAST       |2.4224989093319516 |153746|
|RAMPART         |1.5354886102456893 |153690|
|TOPANGA         |3.297711274147501  |141070|
|WEST VALLEY     |3.038781476453654  |139820|
|FOOTHILL        |4.251453607794123  |135381|
|HARBOR          |3.702449955863105  |127370|
|HOLLENBECK      |2.6774688986825557 |116558|
|WEST LOS ANGELES|2.789756644990116  |116308|
|NEWTON          |1.6350009660151306 |111628|
|NORTHEAST       |3.6226179400707776 |108549|
|MISSION         |3.684524129130287  |105331|
+----------------+-------------------+------+
only showing top 20 rows

Q4 runtime (realistic distances): instances=2, cores=2, memory=4g -> 29.36 sec
25/12/10 17:29:32 INFO SparkContext: SparkContext is stopping with exitCode 0.
25/12/10 17:29:32 INFO SparkUI: Stopped Spark web UI at http://spark-master:4040
25/12/10 17:29:32 INFO StandaloneSchedulerBackend: Shutting down all executors
25/12/10 17:29:32 INFO StandaloneSchedulerBackend$StandaloneDriverEndpoint: Asking each executor to shut down
25/12/10 17:29:32 INFO MapOutputTrackerMasterEndpoint: MapOutputTrackerMasterEndpoint stopped!
25/12/10 17:29:32 INFO MemoryStore: MemoryStore cleared
25/12/10 17:29:32 INFO BlockManager: BlockManager stopped
25/12/10 17:29:32 INFO BlockManagerMaster: BlockManagerMaster stopped
25/12/10 17:29:32 INFO OutputCommitCoordinator$OutputCommitCoordinatorEndpoint: OutputCommitCoordinator stopped!
25/12/10 17:29:32 INFO SparkContext: Successfully stopped SparkContext
25/12/10 17:29:32 INFO ShutdownHookManager: Shutdown hook called
25/12/10 17:29:32 INFO ShutdownHookManager: Deleting directory /tmp/spark-2f255e65-3ca1-4d2f-a256-29ee9405d533/pyspark-294f7f7c-5a10-4e77-b755-44c1524c3706
25/12/10 17:29:32 INFO ShutdownHookManager: Deleting directory /tmp/spark-2f255e65-3ca1-4d2f-a256-29ee9405d533
25/12/10 17:29:32 INFO ShutdownHookManager: Deleting directory /tmp/spark-dcf67c1c-72a2-4e9a-9d48-6955111f0d9e
